{"C:\\Users\\gupta\\OneDrive\\Desktop\\Sagar Workspace\\Projects\\Native\\Registration\\Environment\\Firebase.js": {"path":"C:\\Users\\gupta\\OneDrive\\Desktop\\Sagar Workspace\\Projects\\Native\\Registration\\Environment\\Firebase.js","statementMap":{"0":{"start":{"line":1,"column":13},"end":{"line":1,"column":75}},"1":{"start":{"line":1,"column":75},"end":{"line":1,"column":100}},"2":{"start":{"line":1,"column":115},"end":{"line":1,"column":159}},"3":{"start":{"line":1,"column":197},"end":{"line":1,"column":244}},"4":{"start":{"line":1,"column":232},"end":{"line":1,"column":244}},"5":{"start":{"line":1,"column":256},"end":{"line":1,"column":269}},"6":{"start":{"line":1,"column":270},"end":{"line":1,"column":349}},"7":{"start":{"line":1,"column":334},"end":{"line":1,"column":347}},"8":{"start":{"line":1,"column":349},"end":{"line":1,"column":362}},"9":{"start":{"line":1,"column":402},"end":{"line":1,"column":442}},"10":{"start":{"line":1,"column":430},"end":{"line":1,"column":441}},"11":{"start":{"line":1,"column":442},"end":{"line":1,"column":542}},"12":{"start":{"line":1,"column":517},"end":{"line":1,"column":541}},"13":{"start":{"line":1,"column":554},"end":{"line":1,"column":580}},"14":{"start":{"line":1,"column":581},"end":{"line":1,"column":634}},"15":{"start":{"line":1,"column":611},"end":{"line":1,"column":633}},"16":{"start":{"line":1,"column":647},"end":{"line":1,"column":649}},"17":{"start":{"line":1,"column":678},"end":{"line":1,"column":734}},"18":{"start":{"line":1,"column":735},"end":{"line":1,"column":1006}},"19":{"start":{"line":1,"column":757},"end":{"line":1,"column":1005}},"20":{"start":{"line":1,"column":821},"end":{"line":1,"column":893}},"21":{"start":{"line":1,"column":894},"end":{"line":1,"column":1004}},"22":{"start":{"line":1,"column":931},"end":{"line":1,"column":972}},"23":{"start":{"line":1,"column":980},"end":{"line":1,"column":1003}},"24":{"start":{"line":1,"column":1006},"end":{"line":1,"column":1027}},"25":{"start":{"line":1,"column":1027},"end":{"line":1,"column":1063}},"26":{"start":{"line":1,"column":1039},"end":{"line":1,"column":1062}},"27":{"start":{"line":1,"column":1063},"end":{"line":1,"column":1077}},"28":{"start":{"line":4,"column":21},"end":{"line":11,"column":33}},"29":{"start":{"line":14,"column":15},"end":{"line":14,"column":53}},"30":{"start":{"line":16,"column":0},"end":{"line":16,"column":8}},"31":{"start":{"line":16,"column":9},"end":{"line":16,"column":36}}},"fnMap":{"0":{"name":"_getRequireWildcardCache","decl":{"start":{"line":1,"column":169},"end":{"line":1,"column":193}},"loc":{"start":{"line":1,"column":196},"end":{"line":1,"column":363}},"line":1},"1":{"name":"_getRequireWildcardCache","decl":{"start":{"line":1,"column":306},"end":{"line":1,"column":330}},"loc":{"start":{"line":1,"column":333},"end":{"line":1,"column":348}},"line":1},"2":{"name":"_interopRequireWildcard","decl":{"start":{"line":1,"column":372},"end":{"line":1,"column":395}},"loc":{"start":{"line":1,"column":401},"end":{"line":1,"column":1078}},"line":1}},"branchMap":{"0":{"loc":{"start":{"line":1,"column":197},"end":{"line":1,"column":244}},"type":"if","locations":[{"start":{"line":1,"column":197},"end":{"line":1,"column":244}},{"start":{"line":1,"column":197},"end":{"line":1,"column":244}}],"line":1},"1":{"loc":{"start":{"line":1,"column":402},"end":{"line":1,"column":442}},"type":"if","locations":[{"start":{"line":1,"column":402},"end":{"line":1,"column":442}},{"start":{"line":1,"column":402},"end":{"line":1,"column":442}}],"line":1},"2":{"loc":{"start":{"line":1,"column":406},"end":{"line":1,"column":427}},"type":"binary-expr","locations":[{"start":{"line":1,"column":406},"end":{"line":1,"column":409}},{"start":{"line":1,"column":413},"end":{"line":1,"column":427}}],"line":1},"3":{"loc":{"start":{"line":1,"column":442},"end":{"line":1,"column":542}},"type":"if","locations":[{"start":{"line":1,"column":442},"end":{"line":1,"column":542}},{"start":{"line":1,"column":442},"end":{"line":1,"column":542}}],"line":1},"4":{"loc":{"start":{"line":1,"column":446},"end":{"line":1,"column":514}},"type":"binary-expr","locations":[{"start":{"line":1,"column":446},"end":{"line":1,"column":458}},{"start":{"line":1,"column":462},"end":{"line":1,"column":485}},{"start":{"line":1,"column":489},"end":{"line":1,"column":514}}],"line":1},"5":{"loc":{"start":{"line":1,"column":581},"end":{"line":1,"column":634}},"type":"if","locations":[{"start":{"line":1,"column":581},"end":{"line":1,"column":634}},{"start":{"line":1,"column":581},"end":{"line":1,"column":634}}],"line":1},"6":{"loc":{"start":{"line":1,"column":585},"end":{"line":1,"column":608}},"type":"binary-expr","locations":[{"start":{"line":1,"column":585},"end":{"line":1,"column":590}},{"start":{"line":1,"column":594},"end":{"line":1,"column":608}}],"line":1},"7":{"loc":{"start":{"line":1,"column":678},"end":{"line":1,"column":734}},"type":"binary-expr","locations":[{"start":{"line":1,"column":678},"end":{"line":1,"column":699}},{"start":{"line":1,"column":703},"end":{"line":1,"column":734}}],"line":1},"8":{"loc":{"start":{"line":1,"column":757},"end":{"line":1,"column":1005}},"type":"if","locations":[{"start":{"line":1,"column":757},"end":{"line":1,"column":1005}},{"start":{"line":1,"column":757},"end":{"line":1,"column":1005}}],"line":1},"9":{"loc":{"start":{"line":1,"column":821},"end":{"line":1,"column":893}},"type":"cond-expr","locations":[{"start":{"line":1,"column":845},"end":{"line":1,"column":886}},{"start":{"line":1,"column":889},"end":{"line":1,"column":893}}],"line":1},"10":{"loc":{"start":{"line":1,"column":894},"end":{"line":1,"column":1004}},"type":"if","locations":[{"start":{"line":1,"column":894},"end":{"line":1,"column":1004}},{"start":{"line":1,"column":894},"end":{"line":1,"column":1004}}],"line":1},"11":{"loc":{"start":{"line":1,"column":898},"end":{"line":1,"column":928}},"type":"binary-expr","locations":[{"start":{"line":1,"column":898},"end":{"line":1,"column":902}},{"start":{"line":1,"column":907},"end":{"line":1,"column":915}},{"start":{"line":1,"column":919},"end":{"line":1,"column":927}}],"line":1},"12":{"loc":{"start":{"line":1,"column":1027},"end":{"line":1,"column":1063}},"type":"if","locations":[{"start":{"line":1,"column":1027},"end":{"line":1,"column":1063}},{"start":{"line":1,"column":1027},"end":{"line":1,"column":1063}}],"line":1}},"s":{"0":6,"1":6,"2":6,"3":0,"4":0,"5":0,"6":0,"7":0,"8":0,"9":6,"10":6,"11":0,"12":0,"13":0,"14":0,"15":0,"16":0,"17":0,"18":0,"19":0,"20":0,"21":0,"22":0,"23":0,"24":0,"25":0,"26":0,"27":0,"28":6,"29":6,"30":6,"31":6},"f":{"0":0,"1":0,"2":6},"b":{"0":[0,0],"1":[6,0],"2":[6,6],"3":[0,0],"4":[0,0,0],"5":[0,0],"6":[0,0],"7":[0,0],"8":[0,0],"9":[0,0],"10":[0,0],"11":[0,0,0],"12":[0,0]},"inputSourceMap":null,"_coverageSchema":"1a1c01bbd47fc00a2c39e90264f33305004495a9","hash":"c0462cf9930e47d819473f79a21d5fac4cf51505"}
,"C:\\Users\\gupta\\OneDrive\\Desktop\\Sagar Workspace\\Projects\\Native\\Registration\\Service\\UserServices.js": {"path":"C:\\Users\\gupta\\OneDrive\\Desktop\\Sagar Workspace\\Projects\\Native\\Registration\\Service\\UserServices.js","statementMap":{"0":{"start":{"line":1,"column":13},"end":{"line":1,"column":75}},"1":{"start":{"line":1,"column":75},"end":{"line":1,"column":100}},"2":{"start":{"line":1,"column":116},"end":{"line":1,"column":174}},"3":{"start":{"line":1,"column":213},"end":{"line":1,"column":267}},"4":{"start":{"line":1,"column":317},"end":{"line":1,"column":416}},"5":{"start":{"line":1,"column":358},"end":{"line":1,"column":415}},"6":{"start":{"line":3,"column":15},"end":{"line":56,"column":5}},"7":{"start":{"line":3,"column":40},"end":{"line":3,"column":76}},"8":{"start":{"line":3,"column":76},"end":{"line":19,"column":4}},"9":{"start":{"line":6,"column":4},"end":{"line":18,"column":7}},"10":{"start":{"line":7,"column":6},"end":{"line":17,"column":9}},"11":{"start":{"line":8,"column":28},"end":{"line":8,"column":49}},"12":{"start":{"line":10,"column":8},"end":{"line":12,"column":9}},"13":{"start":{"line":11,"column":10},"end":{"line":11,"column":40}},"14":{"start":{"line":13,"column":8},"end":{"line":15,"column":9}},"15":{"start":{"line":14,"column":10},"end":{"line":14,"column":39}},"16":{"start":{"line":16,"column":8},"end":{"line":16,"column":27}},"17":{"start":{"line":19,"column":4},"end":{"line":35,"column":4}},"18":{"start":{"line":22,"column":4},"end":{"line":34,"column":7}},"19":{"start":{"line":23,"column":6},"end":{"line":33,"column":9}},"20":{"start":{"line":24,"column":28},"end":{"line":24,"column":49}},"21":{"start":{"line":26,"column":8},"end":{"line":28,"column":9}},"22":{"start":{"line":27,"column":10},"end":{"line":27,"column":36}},"23":{"start":{"line":29,"column":8},"end":{"line":31,"column":9}},"24":{"start":{"line":30,"column":10},"end":{"line":30,"column":39}},"25":{"start":{"line":32,"column":8},"end":{"line":32,"column":27}},"26":{"start":{"line":35,"column":4},"end":{"line":48,"column":4}},"27":{"start":{"line":38,"column":4},"end":{"line":47,"column":7}},"28":{"start":{"line":39,"column":6},"end":{"line":46,"column":9}},"29":{"start":{"line":40,"column":28},"end":{"line":40,"column":49}},"30":{"start":{"line":42,"column":8},"end":{"line":44,"column":9}},"31":{"start":{"line":43,"column":10},"end":{"line":43,"column":36}},"32":{"start":{"line":45,"column":8},"end":{"line":45,"column":27}},"33":{"start":{"line":48,"column":4},"end":{"line":56,"column":4}},"34":{"start":{"line":51,"column":4},"end":{"line":54,"column":42}},"35":{"start":{"line":60,"column":0},"end":{"line":60,"column":18}},"36":{"start":{"line":60,"column":19},"end":{"line":60,"column":46}}},"fnMap":{"0":{"name":"_interopRequireDefault","decl":{"start":{"line":1,"column":184},"end":{"line":1,"column":206}},"loc":{"start":{"line":1,"column":212},"end":{"line":1,"column":268}},"line":1},"1":{"name":"_classCallCheck","decl":{"start":{"line":1,"column":277},"end":{"line":1,"column":292}},"loc":{"start":{"line":1,"column":316},"end":{"line":1,"column":417}},"line":1},"2":{"name":"UserServices","decl":{"start":{"line":3,"column":24},"end":{"line":3,"column":36}},"loc":{"start":{"line":3,"column":39},"end":{"line":56,"column":5}},"line":3},"3":{"name":"(anonymous_3)","decl":{"start":{"line":5,"column":11},"end":{"line":5,"column":12}},"loc":{"start":{"line":5,"column":38},"end":{"line":19,"column":3}},"line":5},"4":{"name":"(anonymous_4)","decl":{"start":{"line":6,"column":23},"end":{"line":6,"column":24}},"loc":{"start":{"line":6,"column":50},"end":{"line":18,"column":5}},"line":6},"5":{"name":"(anonymous_5)","decl":{"start":{"line":8,"column":11},"end":{"line":8,"column":12}},"loc":{"start":{"line":8,"column":27},"end":{"line":8,"column":50}},"line":8},"6":{"name":"(anonymous_6)","decl":{"start":{"line":9,"column":12},"end":{"line":9,"column":13}},"loc":{"start":{"line":9,"column":29},"end":{"line":17,"column":7}},"line":9},"7":{"name":"(anonymous_7)","decl":{"start":{"line":21,"column":11},"end":{"line":21,"column":12}},"loc":{"start":{"line":21,"column":38},"end":{"line":35,"column":3}},"line":21},"8":{"name":"(anonymous_8)","decl":{"start":{"line":22,"column":23},"end":{"line":22,"column":24}},"loc":{"start":{"line":22,"column":50},"end":{"line":34,"column":5}},"line":22},"9":{"name":"(anonymous_9)","decl":{"start":{"line":24,"column":11},"end":{"line":24,"column":12}},"loc":{"start":{"line":24,"column":27},"end":{"line":24,"column":50}},"line":24},"10":{"name":"(anonymous_10)","decl":{"start":{"line":25,"column":12},"end":{"line":25,"column":13}},"loc":{"start":{"line":25,"column":29},"end":{"line":33,"column":7}},"line":25},"11":{"name":"(anonymous_11)","decl":{"start":{"line":37,"column":19},"end":{"line":37,"column":20}},"loc":{"start":{"line":37,"column":36},"end":{"line":48,"column":3}},"line":37},"12":{"name":"(anonymous_12)","decl":{"start":{"line":38,"column":23},"end":{"line":38,"column":24}},"loc":{"start":{"line":38,"column":50},"end":{"line":47,"column":5}},"line":38},"13":{"name":"(anonymous_13)","decl":{"start":{"line":40,"column":11},"end":{"line":40,"column":12}},"loc":{"start":{"line":40,"column":27},"end":{"line":40,"column":50}},"line":40},"14":{"name":"(anonymous_14)","decl":{"start":{"line":41,"column":12},"end":{"line":41,"column":13}},"loc":{"start":{"line":41,"column":29},"end":{"line":46,"column":7}},"line":41},"15":{"name":"(anonymous_15)","decl":{"start":{"line":50,"column":29},"end":{"line":50,"column":30}},"loc":{"start":{"line":50,"column":76},"end":{"line":56,"column":3}},"line":50}},"branchMap":{"0":{"loc":{"start":{"line":1,"column":220},"end":{"line":1,"column":266}},"type":"cond-expr","locations":[{"start":{"line":1,"column":244},"end":{"line":1,"column":247}},{"start":{"line":1,"column":250},"end":{"line":1,"column":266}}],"line":1},"1":{"loc":{"start":{"line":1,"column":220},"end":{"line":1,"column":241}},"type":"binary-expr","locations":[{"start":{"line":1,"column":220},"end":{"line":1,"column":223}},{"start":{"line":1,"column":227},"end":{"line":1,"column":241}}],"line":1},"2":{"loc":{"start":{"line":1,"column":317},"end":{"line":1,"column":416}},"type":"if","locations":[{"start":{"line":1,"column":317},"end":{"line":1,"column":416}},{"start":{"line":1,"column":317},"end":{"line":1,"column":416}}],"line":1},"3":{"loc":{"start":{"line":10,"column":8},"end":{"line":12,"column":9}},"type":"if","locations":[{"start":{"line":10,"column":8},"end":{"line":12,"column":9}},{"start":{"line":10,"column":8},"end":{"line":12,"column":9}}],"line":10},"4":{"loc":{"start":{"line":13,"column":8},"end":{"line":15,"column":9}},"type":"if","locations":[{"start":{"line":13,"column":8},"end":{"line":15,"column":9}},{"start":{"line":13,"column":8},"end":{"line":15,"column":9}}],"line":13},"5":{"loc":{"start":{"line":26,"column":8},"end":{"line":28,"column":9}},"type":"if","locations":[{"start":{"line":26,"column":8},"end":{"line":28,"column":9}},{"start":{"line":26,"column":8},"end":{"line":28,"column":9}}],"line":26},"6":{"loc":{"start":{"line":29,"column":8},"end":{"line":31,"column":9}},"type":"if","locations":[{"start":{"line":29,"column":8},"end":{"line":31,"column":9}},{"start":{"line":29,"column":8},"end":{"line":31,"column":9}}],"line":29},"7":{"loc":{"start":{"line":42,"column":8},"end":{"line":44,"column":9}},"type":"if","locations":[{"start":{"line":42,"column":8},"end":{"line":44,"column":9}},{"start":{"line":42,"column":8},"end":{"line":44,"column":9}}],"line":42}},"s":{"0":6,"1":6,"2":6,"3":6,"4":6,"5":0,"6":6,"7":6,"8":6,"9":0,"10":0,"11":0,"12":0,"13":0,"14":0,"15":0,"16":0,"17":6,"18":0,"19":0,"20":0,"21":0,"22":0,"23":0,"24":0,"25":0,"26":6,"27":0,"28":0,"29":0,"30":0,"31":0,"32":0,"33":6,"34":0,"35":6,"36":6},"f":{"0":6,"1":6,"2":6,"3":0,"4":0,"5":0,"6":0,"7":0,"8":0,"9":0,"10":0,"11":0,"12":0,"13":0,"14":0,"15":0},"b":{"0":[6,0],"1":[6,6],"2":[0,6],"3":[0,0],"4":[0,0],"5":[0,0],"6":[0,0],"7":[0,0]},"inputSourceMap":null,"_coverageSchema":"1a1c01bbd47fc00a2c39e90264f33305004495a9","hash":"f1ece4839e1584cf86f8bc9f0b4ff359497a8501"}
,"C:\\Users\\gupta\\OneDrive\\Desktop\\Sagar Workspace\\Projects\\Native\\Registration\\Service\\UserSocialServices.js": {"path":"C:\\Users\\gupta\\OneDrive\\Desktop\\Sagar Workspace\\Projects\\Native\\Registration\\Service\\UserSocialServices.js","statementMap":{"0":{"start":{"line":1,"column":13},"end":{"line":1,"column":75}},"1":{"start":{"line":1,"column":75},"end":{"line":1,"column":100}},"2":{"start":{"line":1,"column":116},"end":{"line":1,"column":159}},"3":{"start":{"line":2,"column":16},"end":{"line":2,"column":74}},"4":{"start":{"line":3,"column":24},"end":{"line":3,"column":53}},"5":{"start":{"line":3,"column":92},"end":{"line":3,"column":146}},"6":{"start":{"line":3,"column":196},"end":{"line":3,"column":295}},"7":{"start":{"line":3,"column":237},"end":{"line":3,"column":294}},"8":{"start":{"line":5,"column":21},"end":{"line":36,"column":5}},"9":{"start":{"line":5,"column":52},"end":{"line":5,"column":94}},"10":{"start":{"line":5,"column":94},"end":{"line":28,"column":4}},"11":{"start":{"line":8,"column":4},"end":{"line":26,"column":94}},"12":{"start":{"line":8,"column":95},"end":{"line":26,"column":91}},"13":{"start":{"line":8,"column":156},"end":{"line":26,"column":61}},"14":{"start":{"line":8,"column":167},"end":{"line":26,"column":60}},"15":{"start":{"line":8,"column":214},"end":{"line":8,"column":232}},"16":{"start":{"line":8,"column":232},"end":{"line":9,"column":96}},"17":{"start":{"line":9,"column":103},"end":{"line":9,"column":126}},"18":{"start":{"line":10,"column":14},"end":{"line":12,"column":15}},"19":{"start":{"line":11,"column":16},"end":{"line":11,"column":46}},"20":{"start":{"line":12,"column":15},"end":{"line":12,"column":33}},"21":{"start":{"line":12,"column":33},"end":{"line":13,"column":69}},"22":{"start":{"line":13,"column":76},"end":{"line":13,"column":97}},"23":{"start":{"line":14,"column":14},"end":{"line":16,"column":15}},"24":{"start":{"line":15,"column":16},"end":{"line":15,"column":70}},"25":{"start":{"line":18,"column":14},"end":{"line":18,"column":110}},"26":{"start":{"line":19,"column":14},"end":{"line":26,"column":17}},"27":{"start":{"line":21,"column":16},"end":{"line":21,"column":44}},"28":{"start":{"line":22,"column":16},"end":{"line":22,"column":40}},"29":{"start":{"line":25,"column":16},"end":{"line":25,"column":35}},"30":{"start":{"line":26,"column":36},"end":{"line":26,"column":59}},"31":{"start":{"line":28,"column":4},"end":{"line":36,"column":4}},"32":{"start":{"line":31,"column":4},"end":{"line":34,"column":64}},"33":{"start":{"line":40,"column":0},"end":{"line":40,"column":24}},"34":{"start":{"line":40,"column":25},"end":{"line":40,"column":52}}},"fnMap":{"0":{"name":"_interopRequireDefault","decl":{"start":{"line":3,"column":63},"end":{"line":3,"column":85}},"loc":{"start":{"line":3,"column":91},"end":{"line":3,"column":147}},"line":3},"1":{"name":"_classCallCheck","decl":{"start":{"line":3,"column":156},"end":{"line":3,"column":171}},"loc":{"start":{"line":3,"column":195},"end":{"line":3,"column":296}},"line":3},"2":{"name":"UserSocialServices","decl":{"start":{"line":5,"column":30},"end":{"line":5,"column":48}},"loc":{"start":{"line":5,"column":51},"end":{"line":36,"column":5}},"line":5},"3":{"name":"(anonymous_3)","decl":{"start":{"line":7,"column":18},"end":{"line":7,"column":19}},"loc":{"start":{"line":7,"column":30},"end":{"line":28,"column":3}},"line":7},"4":{"name":"_callee","decl":{"start":{"line":8,"column":32},"end":{"line":8,"column":39}},"loc":{"start":{"line":8,"column":57},"end":{"line":26,"column":92}},"line":8},"5":{"name":"_callee$","decl":{"start":{"line":8,"column":136},"end":{"line":8,"column":144}},"loc":{"start":{"line":8,"column":155},"end":{"line":26,"column":62}},"line":8},"6":{"name":"(anonymous_6)","decl":{"start":{"line":20,"column":19},"end":{"line":20,"column":20}},"loc":{"start":{"line":20,"column":45},"end":{"line":23,"column":15}},"line":20},"7":{"name":"(anonymous_7)","decl":{"start":{"line":24,"column":20},"end":{"line":24,"column":21}},"loc":{"start":{"line":24,"column":37},"end":{"line":26,"column":15}},"line":24},"8":{"name":"(anonymous_8)","decl":{"start":{"line":30,"column":34},"end":{"line":30,"column":35}},"loc":{"start":{"line":30,"column":60},"end":{"line":36,"column":3}},"line":30}},"branchMap":{"0":{"loc":{"start":{"line":3,"column":99},"end":{"line":3,"column":145}},"type":"cond-expr","locations":[{"start":{"line":3,"column":123},"end":{"line":3,"column":126}},{"start":{"line":3,"column":129},"end":{"line":3,"column":145}}],"line":3},"1":{"loc":{"start":{"line":3,"column":99},"end":{"line":3,"column":120}},"type":"binary-expr","locations":[{"start":{"line":3,"column":99},"end":{"line":3,"column":102}},{"start":{"line":3,"column":106},"end":{"line":3,"column":120}}],"line":3},"2":{"loc":{"start":{"line":3,"column":196},"end":{"line":3,"column":295}},"type":"if","locations":[{"start":{"line":3,"column":196},"end":{"line":3,"column":295}},{"start":{"line":3,"column":196},"end":{"line":3,"column":295}}],"line":3},"3":{"loc":{"start":{"line":8,"column":167},"end":{"line":26,"column":60}},"type":"switch","locations":[{"start":{"line":8,"column":207},"end":{"line":9,"column":96}},{"start":{"line":9,"column":96},"end":{"line":13,"column":69}},{"start":{"line":13,"column":69},"end":{"line":26,"column":17}},{"start":{"line":26,"column":17},"end":{"line":26,"column":25}},{"start":{"line":26,"column":25},"end":{"line":26,"column":59}}],"line":8},"4":{"loc":{"start":{"line":10,"column":14},"end":{"line":12,"column":15}},"type":"if","locations":[{"start":{"line":10,"column":14},"end":{"line":12,"column":15}},{"start":{"line":10,"column":14},"end":{"line":12,"column":15}}],"line":10},"5":{"loc":{"start":{"line":14,"column":14},"end":{"line":16,"column":15}},"type":"if","locations":[{"start":{"line":14,"column":14},"end":{"line":16,"column":15}},{"start":{"line":14,"column":14},"end":{"line":16,"column":15}}],"line":14}},"s":{"0":2,"1":2,"2":2,"3":2,"4":2,"5":4,"6":2,"7":0,"8":2,"9":2,"10":2,"11":0,"12":0,"13":0,"14":0,"15":0,"16":0,"17":0,"18":0,"19":0,"20":0,"21":0,"22":0,"23":0,"24":0,"25":0,"26":0,"27":0,"28":0,"29":0,"30":0,"31":2,"32":0,"33":2,"34":2},"f":{"0":4,"1":2,"2":2,"3":0,"4":0,"5":0,"6":0,"7":0,"8":0},"b":{"0":[4,0],"1":[4,4],"2":[0,2],"3":[0,0,0,0,0],"4":[0,0],"5":[0,0]},"inputSourceMap":null,"_coverageSchema":"1a1c01bbd47fc00a2c39e90264f33305004495a9","hash":"ea74a903e1412481f64149c41ffa6879fbb17405"}
,"C:\\Users\\gupta\\OneDrive\\Desktop\\Sagar Workspace\\Projects\\Native\\Registration\\src\\Components\\ForgotPassword.js": {"path":"C:\\Users\\gupta\\OneDrive\\Desktop\\Sagar Workspace\\Projects\\Native\\Registration\\src\\Components\\ForgotPassword.js","statementMap":{"0":{"start":{"line":1,"column":13},"end":{"line":1,"column":75}},"1":{"start":{"line":1,"column":75},"end":{"line":1,"column":100}},"2":{"start":{"line":1,"column":113},"end":{"line":1,"column":153}},"3":{"start":{"line":2,"column":19},"end":{"line":2,"column":42}},"4":{"start":{"line":3,"column":17},"end":{"line":3,"column":76}},"5":{"start":{"line":4,"column":19},"end":{"line":4,"column":92}},"6":{"start":{"line":5,"column":17},"end":{"line":5,"column":71}},"7":{"start":{"line":6,"column":20},"end":{"line":6,"column":81}},"8":{"start":{"line":6,"column":101},"end":{"line":6,"column":223}},"9":{"start":{"line":6,"column":261},"end":{"line":6,"column":308}},"10":{"start":{"line":6,"column":296},"end":{"line":6,"column":308}},"11":{"start":{"line":6,"column":320},"end":{"line":6,"column":333}},"12":{"start":{"line":6,"column":334},"end":{"line":6,"column":413}},"13":{"start":{"line":6,"column":398},"end":{"line":6,"column":411}},"14":{"start":{"line":6,"column":413},"end":{"line":6,"column":426}},"15":{"start":{"line":6,"column":466},"end":{"line":6,"column":506}},"16":{"start":{"line":6,"column":494},"end":{"line":6,"column":505}},"17":{"start":{"line":6,"column":506},"end":{"line":6,"column":606}},"18":{"start":{"line":6,"column":581},"end":{"line":6,"column":605}},"19":{"start":{"line":6,"column":618},"end":{"line":6,"column":644}},"20":{"start":{"line":6,"column":645},"end":{"line":6,"column":698}},"21":{"start":{"line":6,"column":675},"end":{"line":6,"column":697}},"22":{"start":{"line":6,"column":711},"end":{"line":6,"column":713}},"23":{"start":{"line":6,"column":742},"end":{"line":6,"column":798}},"24":{"start":{"line":6,"column":799},"end":{"line":6,"column":1070}},"25":{"start":{"line":6,"column":821},"end":{"line":6,"column":1069}},"26":{"start":{"line":6,"column":885},"end":{"line":6,"column":957}},"27":{"start":{"line":6,"column":958},"end":{"line":6,"column":1068}},"28":{"start":{"line":6,"column":995},"end":{"line":6,"column":1036}},"29":{"start":{"line":6,"column":1044},"end":{"line":6,"column":1067}},"30":{"start":{"line":6,"column":1070},"end":{"line":6,"column":1091}},"31":{"start":{"line":6,"column":1091},"end":{"line":6,"column":1127}},"32":{"start":{"line":6,"column":1103},"end":{"line":6,"column":1126}},"33":{"start":{"line":6,"column":1127},"end":{"line":6,"column":1141}},"34":{"start":{"line":6,"column":1180},"end":{"line":6,"column":1234}},"35":{"start":{"line":6,"column":1284},"end":{"line":6,"column":1383}},"36":{"start":{"line":6,"column":1325},"end":{"line":6,"column":1382}},"37":{"start":{"line":6,"column":1427},"end":{"line":6,"column":1692}},"38":{"start":{"line":6,"column":1440},"end":{"line":6,"column":1441}},"39":{"start":{"line":6,"column":1484},"end":{"line":6,"column":1492}},"40":{"start":{"line":6,"column":1493},"end":{"line":6,"column":1548}},"41":{"start":{"line":6,"column":1548},"end":{"line":6,"column":1579}},"42":{"start":{"line":6,"column":1579},"end":{"line":6,"column":1633}},"43":{"start":{"line":6,"column":1606},"end":{"line":6,"column":1633}},"44":{"start":{"line":6,"column":1633},"end":{"line":6,"column":1691}},"45":{"start":{"line":6,"column":1754},"end":{"line":6,"column":1823}},"46":{"start":{"line":6,"column":1770},"end":{"line":6,"column":1823}},"47":{"start":{"line":6,"column":1823},"end":{"line":6,"column":1884}},"48":{"start":{"line":6,"column":1840},"end":{"line":6,"column":1884}},"49":{"start":{"line":6,"column":1884},"end":{"line":6,"column":1903}},"50":{"start":{"line":6,"column":1946},"end":{"line":6,"column":2083}},"51":{"start":{"line":6,"column":2008},"end":{"line":6,"column":2082}},"52":{"start":{"line":6,"column":2083},"end":{"line":6,"column":2228}},"53":{"start":{"line":6,"column":2228},"end":{"line":6,"column":2282}},"54":{"start":{"line":6,"column":2244},"end":{"line":6,"column":2282}},"55":{"start":{"line":6,"column":2315},"end":{"line":6,"column":2417}},"56":{"start":{"line":6,"column":2390},"end":{"line":6,"column":2406}},"57":{"start":{"line":6,"column":2406},"end":{"line":6,"column":2415}},"58":{"start":{"line":6,"column":2417},"end":{"line":6,"column":2446}},"59":{"start":{"line":6,"column":2511},"end":{"line":6,"column":2538}},"60":{"start":{"line":6,"column":2539},"end":{"line":6,"column":2858}},"61":{"start":{"line":6,"column":2591},"end":{"line":6,"column":2615}},"62":{"start":{"line":6,"column":2623},"end":{"line":6,"column":2808}},"63":{"start":{"line":6,"column":2671},"end":{"line":6,"column":2704}},"64":{"start":{"line":6,"column":2705},"end":{"line":6,"column":2761}},"65":{"start":{"line":6,"column":2769},"end":{"line":6,"column":2807}},"66":{"start":{"line":6,"column":2808},"end":{"line":6,"column":2856}},"67":{"start":{"line":6,"column":2908},"end":{"line":6,"column":2992}},"68":{"start":{"line":6,"column":2979},"end":{"line":6,"column":2991}},"69":{"start":{"line":6,"column":2992},"end":{"line":6,"column":3028}},"70":{"start":{"line":6,"column":3068},"end":{"line":6,"column":3177}},"71":{"start":{"line":6,"column":3090},"end":{"line":6,"column":3176}},"72":{"start":{"line":6,"column":3177},"end":{"line":6,"column":3189}},"73":{"start":{"line":6,"column":3228},"end":{"line":6,"column":3299}},"74":{"start":{"line":6,"column":3286},"end":{"line":6,"column":3299}},"75":{"start":{"line":6,"column":3299},"end":{"line":6,"column":3340}},"76":{"start":{"line":6,"column":3327},"end":{"line":6,"column":3340}},"77":{"start":{"line":6,"column":3340},"end":{"line":6,"column":3385}},"78":{"start":{"line":6,"column":3373},"end":{"line":6,"column":3385}},"79":{"start":{"line":6,"column":3385},"end":{"line":6,"column":3503}},"80":{"start":{"line":6,"column":3390},"end":{"line":6,"column":3464}},"81":{"start":{"line":6,"column":3464},"end":{"line":6,"column":3476}},"82":{"start":{"line":6,"column":3489},"end":{"line":6,"column":3502}},"83":{"start":{"line":6,"column":3533},"end":{"line":6,"column":3677}},"84":{"start":{"line":6,"column":3628},"end":{"line":6,"column":3675}},"85":{"start":{"line":6,"column":3677},"end":{"line":6,"column":3703}},"86":{"start":{"line":8,"column":17},"end":{"line":110,"column":59}},"87":{"start":{"line":8,"column":46},"end":{"line":8,"column":90}},"88":{"start":{"line":8,"column":103},"end":{"line":8,"column":131}},"89":{"start":{"line":10,"column":44},"end":{"line":10,"column":82}},"90":{"start":{"line":11,"column":4},"end":{"line":11,"column":37}},"91":{"start":{"line":11,"column":37},"end":{"line":26,"column":6}},"92":{"start":{"line":21,"column":6},"end":{"line":24,"column":29}},"93":{"start":{"line":26,"column":6},"end":{"line":49,"column":6}},"94":{"start":{"line":29,"column":16},"end":{"line":29,"column":35}},"95":{"start":{"line":30,"column":6},"end":{"line":47,"column":7}},"96":{"start":{"line":31,"column":8},"end":{"line":39,"column":11}},"97":{"start":{"line":32,"column":30},"end":{"line":32,"column":75}},"98":{"start":{"line":34,"column":10},"end":{"line":38,"column":11}},"99":{"start":{"line":35,"column":12},"end":{"line":36,"column":36}},"100":{"start":{"line":42,"column":8},"end":{"line":46,"column":9}},"101":{"start":{"line":43,"column":10},"end":{"line":44,"column":32}},"102":{"start":{"line":48,"column":6},"end":{"line":48,"column":16}},"103":{"start":{"line":49,"column":6},"end":{"line":49,"column":74}},"104":{"start":{"line":49,"column":74},"end":{"line":49,"column":87}},"105":{"start":{"line":49,"column":88},"end":{"line":110,"column":10}},"106":{"start":{"line":52,"column":6},"end":{"line":103,"column":144}},"107":{"start":{"line":54,"column":12},"end":{"line":54,"column":44}},"108":{"start":{"line":110,"column":10},"end":{"line":110,"column":32}},"109":{"start":{"line":113,"column":0},"end":{"line":113,"column":14}},"110":{"start":{"line":113,"column":15},"end":{"line":113,"column":42}}},"fnMap":{"0":{"name":"_getRequireWildcardCache","decl":{"start":{"line":6,"column":233},"end":{"line":6,"column":257}},"loc":{"start":{"line":6,"column":260},"end":{"line":6,"column":427}},"line":6},"1":{"name":"_getRequireWildcardCache","decl":{"start":{"line":6,"column":370},"end":{"line":6,"column":394}},"loc":{"start":{"line":6,"column":397},"end":{"line":6,"column":412}},"line":6},"2":{"name":"_interopRequireWildcard","decl":{"start":{"line":6,"column":436},"end":{"line":6,"column":459}},"loc":{"start":{"line":6,"column":465},"end":{"line":6,"column":1142}},"line":6},"3":{"name":"_interopRequireDefault","decl":{"start":{"line":6,"column":1151},"end":{"line":6,"column":1173}},"loc":{"start":{"line":6,"column":1179},"end":{"line":6,"column":1235}},"line":6},"4":{"name":"_classCallCheck","decl":{"start":{"line":6,"column":1244},"end":{"line":6,"column":1259}},"loc":{"start":{"line":6,"column":1283},"end":{"line":6,"column":1384}},"line":6},"5":{"name":"_defineProperties","decl":{"start":{"line":6,"column":1393},"end":{"line":6,"column":1410}},"loc":{"start":{"line":6,"column":1426},"end":{"line":6,"column":1693}},"line":6},"6":{"name":"_createClass","decl":{"start":{"line":6,"column":1702},"end":{"line":6,"column":1714}},"loc":{"start":{"line":6,"column":1753},"end":{"line":6,"column":1904}},"line":6},"7":{"name":"_inherits","decl":{"start":{"line":6,"column":1913},"end":{"line":6,"column":1922}},"loc":{"start":{"line":6,"column":1945},"end":{"line":6,"column":2283}},"line":6},"8":{"name":"_setPrototypeOf","decl":{"start":{"line":6,"column":2292},"end":{"line":6,"column":2307}},"loc":{"start":{"line":6,"column":2314},"end":{"line":6,"column":2447}},"line":6},"9":{"name":"_setPrototypeOf","decl":{"start":{"line":6,"column":2367},"end":{"line":6,"column":2382}},"loc":{"start":{"line":6,"column":2389},"end":{"line":6,"column":2416}},"line":6},"10":{"name":"_createSuper","decl":{"start":{"line":6,"column":2456},"end":{"line":6,"column":2468}},"loc":{"start":{"line":6,"column":2478},"end":{"line":6,"column":2859}},"line":6},"11":{"name":"_createSuperInternal","decl":{"start":{"line":6,"column":2555},"end":{"line":6,"column":2575}},"loc":{"start":{"line":6,"column":2578},"end":{"line":6,"column":2857}},"line":6},"12":{"name":"_possibleConstructorReturn","decl":{"start":{"line":6,"column":2868},"end":{"line":6,"column":2894}},"loc":{"start":{"line":6,"column":2907},"end":{"line":6,"column":3029}},"line":6},"13":{"name":"_assertThisInitialized","decl":{"start":{"line":6,"column":3038},"end":{"line":6,"column":3060}},"loc":{"start":{"line":6,"column":3067},"end":{"line":6,"column":3190}},"line":6},"14":{"name":"_isNativeReflectConstruct","decl":{"start":{"line":6,"column":3199},"end":{"line":6,"column":3224}},"loc":{"start":{"line":6,"column":3227},"end":{"line":6,"column":3504}},"line":6},"15":{"name":"(anonymous_15)","decl":{"start":{"line":6,"column":3447},"end":{"line":6,"column":3448}},"loc":{"start":{"line":6,"column":3459},"end":{"line":6,"column":3461}},"line":6},"16":{"name":"_getPrototypeOf","decl":{"start":{"line":6,"column":3513},"end":{"line":6,"column":3528}},"loc":{"start":{"line":6,"column":3532},"end":{"line":6,"column":3704}},"line":6},"17":{"name":"_getPrototypeOf","decl":{"start":{"line":6,"column":3608},"end":{"line":6,"column":3623}},"loc":{"start":{"line":6,"column":3627},"end":{"line":6,"column":3676}},"line":6},"18":{"name":"(anonymous_18)","decl":{"start":{"line":8,"column":17},"end":{"line":8,"column":18}},"loc":{"start":{"line":8,"column":45},"end":{"line":110,"column":33}},"line":8},"19":{"name":"ForgetPassword","decl":{"start":{"line":10,"column":11},"end":{"line":10,"column":25}},"loc":{"start":{"line":10,"column":33},"end":{"line":49,"column":88}},"line":10},"20":{"name":"(anonymous_20)","decl":{"start":{"line":20,"column":27},"end":{"line":20,"column":28}},"loc":{"start":{"line":20,"column":42},"end":{"line":26,"column":5}},"line":20},"21":{"name":"(anonymous_21)","decl":{"start":{"line":28,"column":27},"end":{"line":28,"column":28}},"loc":{"start":{"line":28,"column":39},"end":{"line":49,"column":5}},"line":28},"22":{"name":"(anonymous_22)","decl":{"start":{"line":32,"column":13},"end":{"line":32,"column":14}},"loc":{"start":{"line":32,"column":29},"end":{"line":32,"column":76}},"line":32},"23":{"name":"(anonymous_23)","decl":{"start":{"line":33,"column":14},"end":{"line":33,"column":15}},"loc":{"start":{"line":33,"column":31},"end":{"line":39,"column":9}},"line":33},"24":{"name":"render","decl":{"start":{"line":49,"column":151},"end":{"line":49,"column":157}},"loc":{"start":{"line":51,"column":4},"end":{"line":110,"column":5}},"line":51},"25":{"name":"onPress","decl":{"start":{"line":53,"column":96},"end":{"line":53,"column":103}},"loc":{"start":{"line":53,"column":106},"end":{"line":55,"column":11}},"line":53}},"branchMap":{"0":{"loc":{"start":{"line":6,"column":261},"end":{"line":6,"column":308}},"type":"if","locations":[{"start":{"line":6,"column":261},"end":{"line":6,"column":308}},{"start":{"line":6,"column":261},"end":{"line":6,"column":308}}],"line":6},"1":{"loc":{"start":{"line":6,"column":466},"end":{"line":6,"column":506}},"type":"if","locations":[{"start":{"line":6,"column":466},"end":{"line":6,"column":506}},{"start":{"line":6,"column":466},"end":{"line":6,"column":506}}],"line":6},"2":{"loc":{"start":{"line":6,"column":470},"end":{"line":6,"column":491}},"type":"binary-expr","locations":[{"start":{"line":6,"column":470},"end":{"line":6,"column":473}},{"start":{"line":6,"column":477},"end":{"line":6,"column":491}}],"line":6},"3":{"loc":{"start":{"line":6,"column":506},"end":{"line":6,"column":606}},"type":"if","locations":[{"start":{"line":6,"column":506},"end":{"line":6,"column":606}},{"start":{"line":6,"column":506},"end":{"line":6,"column":606}}],"line":6},"4":{"loc":{"start":{"line":6,"column":510},"end":{"line":6,"column":578}},"type":"binary-expr","locations":[{"start":{"line":6,"column":510},"end":{"line":6,"column":522}},{"start":{"line":6,"column":526},"end":{"line":6,"column":549}},{"start":{"line":6,"column":553},"end":{"line":6,"column":578}}],"line":6},"5":{"loc":{"start":{"line":6,"column":645},"end":{"line":6,"column":698}},"type":"if","locations":[{"start":{"line":6,"column":645},"end":{"line":6,"column":698}},{"start":{"line":6,"column":645},"end":{"line":6,"column":698}}],"line":6},"6":{"loc":{"start":{"line":6,"column":649},"end":{"line":6,"column":672}},"type":"binary-expr","locations":[{"start":{"line":6,"column":649},"end":{"line":6,"column":654}},{"start":{"line":6,"column":658},"end":{"line":6,"column":672}}],"line":6},"7":{"loc":{"start":{"line":6,"column":742},"end":{"line":6,"column":798}},"type":"binary-expr","locations":[{"start":{"line":6,"column":742},"end":{"line":6,"column":763}},{"start":{"line":6,"column":767},"end":{"line":6,"column":798}}],"line":6},"8":{"loc":{"start":{"line":6,"column":821},"end":{"line":6,"column":1069}},"type":"if","locations":[{"start":{"line":6,"column":821},"end":{"line":6,"column":1069}},{"start":{"line":6,"column":821},"end":{"line":6,"column":1069}}],"line":6},"9":{"loc":{"start":{"line":6,"column":885},"end":{"line":6,"column":957}},"type":"cond-expr","locations":[{"start":{"line":6,"column":909},"end":{"line":6,"column":950}},{"start":{"line":6,"column":953},"end":{"line":6,"column":957}}],"line":6},"10":{"loc":{"start":{"line":6,"column":958},"end":{"line":6,"column":1068}},"type":"if","locations":[{"start":{"line":6,"column":958},"end":{"line":6,"column":1068}},{"start":{"line":6,"column":958},"end":{"line":6,"column":1068}}],"line":6},"11":{"loc":{"start":{"line":6,"column":962},"end":{"line":6,"column":992}},"type":"binary-expr","locations":[{"start":{"line":6,"column":962},"end":{"line":6,"column":966}},{"start":{"line":6,"column":971},"end":{"line":6,"column":979}},{"start":{"line":6,"column":983},"end":{"line":6,"column":991}}],"line":6},"12":{"loc":{"start":{"line":6,"column":1091},"end":{"line":6,"column":1127}},"type":"if","locations":[{"start":{"line":6,"column":1091},"end":{"line":6,"column":1127}},{"start":{"line":6,"column":1091},"end":{"line":6,"column":1127}}],"line":6},"13":{"loc":{"start":{"line":6,"column":1187},"end":{"line":6,"column":1233}},"type":"cond-expr","locations":[{"start":{"line":6,"column":1211},"end":{"line":6,"column":1214}},{"start":{"line":6,"column":1217},"end":{"line":6,"column":1233}}],"line":6},"14":{"loc":{"start":{"line":6,"column":1187},"end":{"line":6,"column":1208}},"type":"binary-expr","locations":[{"start":{"line":6,"column":1187},"end":{"line":6,"column":1190}},{"start":{"line":6,"column":1194},"end":{"line":6,"column":1208}}],"line":6},"15":{"loc":{"start":{"line":6,"column":1284},"end":{"line":6,"column":1383}},"type":"if","locations":[{"start":{"line":6,"column":1284},"end":{"line":6,"column":1383}},{"start":{"line":6,"column":1284},"end":{"line":6,"column":1383}}],"line":6},"16":{"loc":{"start":{"line":6,"column":1517},"end":{"line":6,"column":1547}},"type":"binary-expr","locations":[{"start":{"line":6,"column":1517},"end":{"line":6,"column":1538}},{"start":{"line":6,"column":1542},"end":{"line":6,"column":1547}}],"line":6},"17":{"loc":{"start":{"line":6,"column":1579},"end":{"line":6,"column":1633}},"type":"if","locations":[{"start":{"line":6,"column":1579},"end":{"line":6,"column":1633}},{"start":{"line":6,"column":1579},"end":{"line":6,"column":1633}}],"line":6},"18":{"loc":{"start":{"line":6,"column":1754},"end":{"line":6,"column":1823}},"type":"if","locations":[{"start":{"line":6,"column":1754},"end":{"line":6,"column":1823}},{"start":{"line":6,"column":1754},"end":{"line":6,"column":1823}}],"line":6},"19":{"loc":{"start":{"line":6,"column":1823},"end":{"line":6,"column":1884}},"type":"if","locations":[{"start":{"line":6,"column":1823},"end":{"line":6,"column":1884}},{"start":{"line":6,"column":1823},"end":{"line":6,"column":1884}}],"line":6},"20":{"loc":{"start":{"line":6,"column":1946},"end":{"line":6,"column":2083}},"type":"if","locations":[{"start":{"line":6,"column":1946},"end":{"line":6,"column":2083}},{"start":{"line":6,"column":1946},"end":{"line":6,"column":2083}}],"line":6},"21":{"loc":{"start":{"line":6,"column":1950},"end":{"line":6,"column":2005}},"type":"binary-expr","locations":[{"start":{"line":6,"column":1950},"end":{"line":6,"column":1982}},{"start":{"line":6,"column":1986},"end":{"line":6,"column":2005}}],"line":6},"22":{"loc":{"start":{"line":6,"column":2118},"end":{"line":6,"column":2152}},"type":"binary-expr","locations":[{"start":{"line":6,"column":2118},"end":{"line":6,"column":2128}},{"start":{"line":6,"column":2132},"end":{"line":6,"column":2152}}],"line":6},"23":{"loc":{"start":{"line":6,"column":2228},"end":{"line":6,"column":2282}},"type":"if","locations":[{"start":{"line":6,"column":2228},"end":{"line":6,"column":2282}},{"start":{"line":6,"column":2228},"end":{"line":6,"column":2282}}],"line":6},"24":{"loc":{"start":{"line":6,"column":2333},"end":{"line":6,"column":2416}},"type":"binary-expr","locations":[{"start":{"line":6,"column":2333},"end":{"line":6,"column":2354}},{"start":{"line":6,"column":2358},"end":{"line":6,"column":2416}}],"line":6},"25":{"loc":{"start":{"line":6,"column":2623},"end":{"line":6,"column":2808}},"type":"if","locations":[{"start":{"line":6,"column":2623},"end":{"line":6,"column":2808}},{"start":{"line":6,"column":2623},"end":{"line":6,"column":2808}}],"line":6},"26":{"loc":{"start":{"line":6,"column":2908},"end":{"line":6,"column":2992}},"type":"if","locations":[{"start":{"line":6,"column":2908},"end":{"line":6,"column":2992}},{"start":{"line":6,"column":2908},"end":{"line":6,"column":2992}}],"line":6},"27":{"loc":{"start":{"line":6,"column":2912},"end":{"line":6,"column":2976}},"type":"binary-expr","locations":[{"start":{"line":6,"column":2912},"end":{"line":6,"column":2916}},{"start":{"line":6,"column":2921},"end":{"line":6,"column":2945}},{"start":{"line":6,"column":2949},"end":{"line":6,"column":2975}}],"line":6},"28":{"loc":{"start":{"line":6,"column":3068},"end":{"line":6,"column":3177}},"type":"if","locations":[{"start":{"line":6,"column":3068},"end":{"line":6,"column":3177}},{"start":{"line":6,"column":3068},"end":{"line":6,"column":3177}}],"line":6},"29":{"loc":{"start":{"line":6,"column":3228},"end":{"line":6,"column":3299}},"type":"if","locations":[{"start":{"line":6,"column":3228},"end":{"line":6,"column":3299}},{"start":{"line":6,"column":3228},"end":{"line":6,"column":3299}}],"line":6},"30":{"loc":{"start":{"line":6,"column":3232},"end":{"line":6,"column":3284}},"type":"binary-expr","locations":[{"start":{"line":6,"column":3232},"end":{"line":6,"column":3262}},{"start":{"line":6,"column":3266},"end":{"line":6,"column":3284}}],"line":6},"31":{"loc":{"start":{"line":6,"column":3299},"end":{"line":6,"column":3340}},"type":"if","locations":[{"start":{"line":6,"column":3299},"end":{"line":6,"column":3340}},{"start":{"line":6,"column":3299},"end":{"line":6,"column":3340}}],"line":6},"32":{"loc":{"start":{"line":6,"column":3340},"end":{"line":6,"column":3385}},"type":"if","locations":[{"start":{"line":6,"column":3340},"end":{"line":6,"column":3385}},{"start":{"line":6,"column":3340},"end":{"line":6,"column":3385}}],"line":6},"33":{"loc":{"start":{"line":6,"column":3551},"end":{"line":6,"column":3676}},"type":"cond-expr","locations":[{"start":{"line":6,"column":3575},"end":{"line":6,"column":3596}},{"start":{"line":6,"column":3599},"end":{"line":6,"column":3676}}],"line":6},"34":{"loc":{"start":{"line":6,"column":3635},"end":{"line":6,"column":3674}},"type":"binary-expr","locations":[{"start":{"line":6,"column":3635},"end":{"line":6,"column":3646}},{"start":{"line":6,"column":3650},"end":{"line":6,"column":3674}}],"line":6},"35":{"loc":{"start":{"line":30,"column":6},"end":{"line":47,"column":7}},"type":"if","locations":[{"start":{"line":30,"column":6},"end":{"line":47,"column":7}},{"start":{"line":30,"column":6},"end":{"line":47,"column":7}}],"line":30},"36":{"loc":{"start":{"line":34,"column":10},"end":{"line":38,"column":11}},"type":"if","locations":[{"start":{"line":34,"column":10},"end":{"line":38,"column":11}},{"start":{"line":34,"column":10},"end":{"line":38,"column":11}}],"line":34},"37":{"loc":{"start":{"line":42,"column":8},"end":{"line":46,"column":9}},"type":"if","locations":[{"start":{"line":42,"column":8},"end":{"line":46,"column":9}},{"start":{"line":42,"column":8},"end":{"line":46,"column":9}}],"line":42},"38":{"loc":{"start":{"line":89,"column":8},"end":{"line":89,"column":99}},"type":"cond-expr","locations":[{"start":{"line":89,"column":32},"end":{"line":89,"column":44}},{"start":{"line":89,"column":47},"end":{"line":89,"column":99}}],"line":89},"39":{"loc":{"start":{"line":89,"column":47},"end":{"line":89,"column":99}},"type":"cond-expr","locations":[{"start":{"line":89,"column":73},"end":{"line":89,"column":92}},{"start":{"line":89,"column":95},"end":{"line":89,"column":99}}],"line":89}},"s":{"0":2,"1":2,"2":2,"3":2,"4":2,"5":2,"6":2,"7":2,"8":2,"9":0,"10":0,"11":0,"12":0,"13":0,"14":0,"15":2,"16":2,"17":0,"18":0,"19":0,"20":0,"21":0,"22":0,"23":0,"24":0,"25":0,"26":0,"27":0,"28":0,"29":0,"30":0,"31":0,"32":0,"33":0,"34":8,"35":3,"36":0,"37":2,"38":2,"39":2,"40":2,"41":2,"42":2,"43":2,"44":2,"45":2,"46":2,"47":2,"48":0,"49":2,"50":2,"51":0,"52":2,"53":2,"54":2,"55":2,"56":0,"57":0,"58":2,"59":2,"60":2,"61":3,"62":3,"63":3,"64":3,"65":0,"66":3,"67":3,"68":3,"69":0,"70":0,"71":0,"72":0,"73":2,"74":0,"75":2,"76":0,"77":2,"78":2,"79":0,"80":0,"81":0,"82":0,"83":1,"84":0,"85":1,"86":2,"87":2,"88":2,"89":3,"90":3,"91":3,"92":1,"93":3,"94":1,"95":1,"96":0,"97":0,"98":0,"99":0,"100":1,"101":1,"102":1,"103":3,"104":3,"105":2,"106":5,"107":0,"108":2,"109":2,"110":2},"f":{"0":0,"1":0,"2":2,"3":8,"4":3,"5":2,"6":2,"7":2,"8":2,"9":0,"10":2,"11":3,"12":3,"13":0,"14":2,"15":0,"16":1,"17":0,"18":2,"19":3,"20":1,"21":1,"22":0,"23":0,"24":5,"25":0},"b":{"0":[0,0],"1":[2,0],"2":[2,2],"3":[0,0],"4":[0,0,0],"5":[0,0],"6":[0,0],"7":[0,0],"8":[0,0],"9":[0,0],"10":[0,0],"11":[0,0,0],"12":[0,0],"13":[6,2],"14":[8,8],"15":[0,3],"16":[2,2],"17":[2,0],"18":[2,0],"19":[0,2],"20":[0,2],"21":[2,0],"22":[2,2],"23":[2,0],"24":[2,0],"25":[3,0],"26":[3,0],"27":[3,3,0],"28":[0,0],"29":[0,2],"30":[2,2],"31":[0,2],"32":[2,0],"33":[1,0],"34":[0,0],"35":[0,1],"36":[0,0],"37":[1,0],"38":[1,4],"39":[0,4]},"inputSourceMap":null,"_coverageSchema":"1a1c01bbd47fc00a2c39e90264f33305004495a9","hash":"416d20f191bccebea7554800721e6e6a49ca5371"}
,"C:\\Users\\gupta\\OneDrive\\Desktop\\Sagar Workspace\\Projects\\Native\\Registration\\src\\Components\\SignIn.js": {"path":"C:\\Users\\gupta\\OneDrive\\Desktop\\Sagar Workspace\\Projects\\Native\\Registration\\src\\Components\\SignIn.js","statementMap":{"0":{"start":{"line":1,"column":13},"end":{"line":1,"column":75}},"1":{"start":{"line":1,"column":75},"end":{"line":1,"column":100}},"2":{"start":{"line":1,"column":113},"end":{"line":1,"column":153}},"3":{"start":{"line":2,"column":19},"end":{"line":2,"column":42}},"4":{"start":{"line":3,"column":17},"end":{"line":3,"column":76}},"5":{"start":{"line":4,"column":19},"end":{"line":4,"column":92}},"6":{"start":{"line":5,"column":15},"end":{"line":5,"column":83}},"7":{"start":{"line":6,"column":17},"end":{"line":6,"column":71}},"8":{"start":{"line":7,"column":20},"end":{"line":7,"column":81}},"9":{"start":{"line":8,"column":26},"end":{"line":8,"column":93}},"10":{"start":{"line":8,"column":113},"end":{"line":8,"column":227}},"11":{"start":{"line":8,"column":265},"end":{"line":8,"column":312}},"12":{"start":{"line":8,"column":300},"end":{"line":8,"column":312}},"13":{"start":{"line":8,"column":324},"end":{"line":8,"column":337}},"14":{"start":{"line":8,"column":338},"end":{"line":8,"column":417}},"15":{"start":{"line":8,"column":402},"end":{"line":8,"column":415}},"16":{"start":{"line":8,"column":417},"end":{"line":8,"column":430}},"17":{"start":{"line":8,"column":470},"end":{"line":8,"column":510}},"18":{"start":{"line":8,"column":498},"end":{"line":8,"column":509}},"19":{"start":{"line":8,"column":510},"end":{"line":8,"column":610}},"20":{"start":{"line":8,"column":585},"end":{"line":8,"column":609}},"21":{"start":{"line":8,"column":622},"end":{"line":8,"column":648}},"22":{"start":{"line":8,"column":649},"end":{"line":8,"column":702}},"23":{"start":{"line":8,"column":679},"end":{"line":8,"column":701}},"24":{"start":{"line":8,"column":715},"end":{"line":8,"column":717}},"25":{"start":{"line":8,"column":746},"end":{"line":8,"column":802}},"26":{"start":{"line":8,"column":803},"end":{"line":8,"column":1074}},"27":{"start":{"line":8,"column":825},"end":{"line":8,"column":1073}},"28":{"start":{"line":8,"column":889},"end":{"line":8,"column":961}},"29":{"start":{"line":8,"column":962},"end":{"line":8,"column":1072}},"30":{"start":{"line":8,"column":999},"end":{"line":8,"column":1040}},"31":{"start":{"line":8,"column":1048},"end":{"line":8,"column":1071}},"32":{"start":{"line":8,"column":1074},"end":{"line":8,"column":1095}},"33":{"start":{"line":8,"column":1095},"end":{"line":8,"column":1131}},"34":{"start":{"line":8,"column":1107},"end":{"line":8,"column":1130}},"35":{"start":{"line":8,"column":1131},"end":{"line":8,"column":1145}},"36":{"start":{"line":8,"column":1184},"end":{"line":8,"column":1238}},"37":{"start":{"line":8,"column":1288},"end":{"line":8,"column":1387}},"38":{"start":{"line":8,"column":1329},"end":{"line":8,"column":1386}},"39":{"start":{"line":8,"column":1431},"end":{"line":8,"column":1696}},"40":{"start":{"line":8,"column":1444},"end":{"line":8,"column":1445}},"41":{"start":{"line":8,"column":1488},"end":{"line":8,"column":1496}},"42":{"start":{"line":8,"column":1497},"end":{"line":8,"column":1552}},"43":{"start":{"line":8,"column":1552},"end":{"line":8,"column":1583}},"44":{"start":{"line":8,"column":1583},"end":{"line":8,"column":1637}},"45":{"start":{"line":8,"column":1610},"end":{"line":8,"column":1637}},"46":{"start":{"line":8,"column":1637},"end":{"line":8,"column":1695}},"47":{"start":{"line":8,"column":1758},"end":{"line":8,"column":1827}},"48":{"start":{"line":8,"column":1774},"end":{"line":8,"column":1827}},"49":{"start":{"line":8,"column":1827},"end":{"line":8,"column":1888}},"50":{"start":{"line":8,"column":1844},"end":{"line":8,"column":1888}},"51":{"start":{"line":8,"column":1888},"end":{"line":8,"column":1907}},"52":{"start":{"line":8,"column":1950},"end":{"line":8,"column":2087}},"53":{"start":{"line":8,"column":2012},"end":{"line":8,"column":2086}},"54":{"start":{"line":8,"column":2087},"end":{"line":8,"column":2232}},"55":{"start":{"line":8,"column":2232},"end":{"line":8,"column":2286}},"56":{"start":{"line":8,"column":2248},"end":{"line":8,"column":2286}},"57":{"start":{"line":8,"column":2319},"end":{"line":8,"column":2421}},"58":{"start":{"line":8,"column":2394},"end":{"line":8,"column":2410}},"59":{"start":{"line":8,"column":2410},"end":{"line":8,"column":2419}},"60":{"start":{"line":8,"column":2421},"end":{"line":8,"column":2450}},"61":{"start":{"line":8,"column":2515},"end":{"line":8,"column":2542}},"62":{"start":{"line":8,"column":2543},"end":{"line":8,"column":2862}},"63":{"start":{"line":8,"column":2595},"end":{"line":8,"column":2619}},"64":{"start":{"line":8,"column":2627},"end":{"line":8,"column":2812}},"65":{"start":{"line":8,"column":2675},"end":{"line":8,"column":2708}},"66":{"start":{"line":8,"column":2709},"end":{"line":8,"column":2765}},"67":{"start":{"line":8,"column":2773},"end":{"line":8,"column":2811}},"68":{"start":{"line":8,"column":2812},"end":{"line":8,"column":2860}},"69":{"start":{"line":8,"column":2912},"end":{"line":8,"column":2996}},"70":{"start":{"line":8,"column":2983},"end":{"line":8,"column":2995}},"71":{"start":{"line":8,"column":2996},"end":{"line":8,"column":3032}},"72":{"start":{"line":8,"column":3072},"end":{"line":8,"column":3181}},"73":{"start":{"line":8,"column":3094},"end":{"line":8,"column":3180}},"74":{"start":{"line":8,"column":3181},"end":{"line":8,"column":3193}},"75":{"start":{"line":8,"column":3232},"end":{"line":8,"column":3303}},"76":{"start":{"line":8,"column":3290},"end":{"line":8,"column":3303}},"77":{"start":{"line":8,"column":3303},"end":{"line":8,"column":3344}},"78":{"start":{"line":8,"column":3331},"end":{"line":8,"column":3344}},"79":{"start":{"line":8,"column":3344},"end":{"line":8,"column":3389}},"80":{"start":{"line":8,"column":3377},"end":{"line":8,"column":3389}},"81":{"start":{"line":8,"column":3389},"end":{"line":8,"column":3507}},"82":{"start":{"line":8,"column":3394},"end":{"line":8,"column":3468}},"83":{"start":{"line":8,"column":3468},"end":{"line":8,"column":3480}},"84":{"start":{"line":8,"column":3493},"end":{"line":8,"column":3506}},"85":{"start":{"line":8,"column":3537},"end":{"line":8,"column":3681}},"86":{"start":{"line":8,"column":3632},"end":{"line":8,"column":3679}},"87":{"start":{"line":8,"column":3681},"end":{"line":8,"column":3707}},"88":{"start":{"line":11,"column":9},"end":{"line":233,"column":51}},"89":{"start":{"line":11,"column":38},"end":{"line":11,"column":74}},"90":{"start":{"line":11,"column":87},"end":{"line":11,"column":107}},"91":{"start":{"line":13,"column":36},"end":{"line":13,"column":66}},"92":{"start":{"line":14,"column":4},"end":{"line":14,"column":37}},"93":{"start":{"line":14,"column":37},"end":{"line":35,"column":6}},"94":{"start":{"line":29,"column":6},"end":{"line":33,"column":29}},"95":{"start":{"line":35,"column":6},"end":{"line":44,"column":6}},"96":{"start":{"line":38,"column":6},"end":{"line":42,"column":29}},"97":{"start":{"line":44,"column":6},"end":{"line":59,"column":6}},"98":{"start":{"line":47,"column":16},"end":{"line":47,"column":35}},"99":{"start":{"line":48,"column":6},"end":{"line":57,"column":7}},"100":{"start":{"line":49,"column":8},"end":{"line":50,"column":39}},"101":{"start":{"line":54,"column":8},"end":{"line":55,"column":38}},"102":{"start":{"line":58,"column":6},"end":{"line":58,"column":46}},"103":{"start":{"line":59,"column":6},"end":{"line":97,"column":6}},"104":{"start":{"line":62,"column":16},"end":{"line":62,"column":35}},"105":{"start":{"line":63,"column":6},"end":{"line":95,"column":7}},"106":{"start":{"line":65,"column":8},"end":{"line":82,"column":11}},"107":{"start":{"line":67,"column":10},"end":{"line":67,"column":32}},"108":{"start":{"line":68,"column":10},"end":{"line":68,"column":46}},"109":{"start":{"line":71,"column":10},"end":{"line":75,"column":11}},"110":{"start":{"line":72,"column":12},"end":{"line":73,"column":36}},"111":{"start":{"line":76,"column":10},"end":{"line":81,"column":11}},"112":{"start":{"line":77,"column":12},"end":{"line":78,"column":39}},"113":{"start":{"line":80,"column":12},"end":{"line":80,"column":46}},"114":{"start":{"line":85,"column":8},"end":{"line":89,"column":9}},"115":{"start":{"line":86,"column":10},"end":{"line":87,"column":32}},"116":{"start":{"line":90,"column":8},"end":{"line":94,"column":9}},"117":{"start":{"line":91,"column":10},"end":{"line":92,"column":35}},"118":{"start":{"line":96,"column":6},"end":{"line":96,"column":16}},"119":{"start":{"line":97,"column":6},"end":{"line":103,"column":6}},"120":{"start":{"line":100,"column":16},"end":{"line":100,"column":35}},"121":{"start":{"line":101,"column":6},"end":{"line":101,"column":48}},"122":{"start":{"line":102,"column":6},"end":{"line":102,"column":16}},"123":{"start":{"line":103,"column":6},"end":{"line":109,"column":6}},"124":{"start":{"line":106,"column":16},"end":{"line":106,"column":35}},"125":{"start":{"line":107,"column":6},"end":{"line":107,"column":56}},"126":{"start":{"line":108,"column":6},"end":{"line":108,"column":16}},"127":{"start":{"line":109,"column":6},"end":{"line":120,"column":6}},"128":{"start":{"line":112,"column":6},"end":{"line":119,"column":9}},"129":{"start":{"line":114,"column":8},"end":{"line":114,"column":82}},"130":{"start":{"line":115,"column":8},"end":{"line":115,"column":44}},"131":{"start":{"line":118,"column":8},"end":{"line":118,"column":27}},"132":{"start":{"line":120,"column":6},"end":{"line":120,"column":160}},"133":{"start":{"line":120,"column":160},"end":{"line":120,"column":173}},"134":{"start":{"line":120,"column":174},"end":{"line":233,"column":10}},"135":{"start":{"line":123,"column":6},"end":{"line":226,"column":151}},"136":{"start":{"line":125,"column":12},"end":{"line":125,"column":44}},"137":{"start":{"line":233,"column":10},"end":{"line":233,"column":24}},"138":{"start":{"line":236,"column":0},"end":{"line":236,"column":6}},"139":{"start":{"line":236,"column":7},"end":{"line":236,"column":34}}},"fnMap":{"0":{"name":"_getRequireWildcardCache","decl":{"start":{"line":8,"column":237},"end":{"line":8,"column":261}},"loc":{"start":{"line":8,"column":264},"end":{"line":8,"column":431}},"line":8},"1":{"name":"_getRequireWildcardCache","decl":{"start":{"line":8,"column":374},"end":{"line":8,"column":398}},"loc":{"start":{"line":8,"column":401},"end":{"line":8,"column":416}},"line":8},"2":{"name":"_interopRequireWildcard","decl":{"start":{"line":8,"column":440},"end":{"line":8,"column":463}},"loc":{"start":{"line":8,"column":469},"end":{"line":8,"column":1146}},"line":8},"3":{"name":"_interopRequireDefault","decl":{"start":{"line":8,"column":1155},"end":{"line":8,"column":1177}},"loc":{"start":{"line":8,"column":1183},"end":{"line":8,"column":1239}},"line":8},"4":{"name":"_classCallCheck","decl":{"start":{"line":8,"column":1248},"end":{"line":8,"column":1263}},"loc":{"start":{"line":8,"column":1287},"end":{"line":8,"column":1388}},"line":8},"5":{"name":"_defineProperties","decl":{"start":{"line":8,"column":1397},"end":{"line":8,"column":1414}},"loc":{"start":{"line":8,"column":1430},"end":{"line":8,"column":1697}},"line":8},"6":{"name":"_createClass","decl":{"start":{"line":8,"column":1706},"end":{"line":8,"column":1718}},"loc":{"start":{"line":8,"column":1757},"end":{"line":8,"column":1908}},"line":8},"7":{"name":"_inherits","decl":{"start":{"line":8,"column":1917},"end":{"line":8,"column":1926}},"loc":{"start":{"line":8,"column":1949},"end":{"line":8,"column":2287}},"line":8},"8":{"name":"_setPrototypeOf","decl":{"start":{"line":8,"column":2296},"end":{"line":8,"column":2311}},"loc":{"start":{"line":8,"column":2318},"end":{"line":8,"column":2451}},"line":8},"9":{"name":"_setPrototypeOf","decl":{"start":{"line":8,"column":2371},"end":{"line":8,"column":2386}},"loc":{"start":{"line":8,"column":2393},"end":{"line":8,"column":2420}},"line":8},"10":{"name":"_createSuper","decl":{"start":{"line":8,"column":2460},"end":{"line":8,"column":2472}},"loc":{"start":{"line":8,"column":2482},"end":{"line":8,"column":2863}},"line":8},"11":{"name":"_createSuperInternal","decl":{"start":{"line":8,"column":2559},"end":{"line":8,"column":2579}},"loc":{"start":{"line":8,"column":2582},"end":{"line":8,"column":2861}},"line":8},"12":{"name":"_possibleConstructorReturn","decl":{"start":{"line":8,"column":2872},"end":{"line":8,"column":2898}},"loc":{"start":{"line":8,"column":2911},"end":{"line":8,"column":3033}},"line":8},"13":{"name":"_assertThisInitialized","decl":{"start":{"line":8,"column":3042},"end":{"line":8,"column":3064}},"loc":{"start":{"line":8,"column":3071},"end":{"line":8,"column":3194}},"line":8},"14":{"name":"_isNativeReflectConstruct","decl":{"start":{"line":8,"column":3203},"end":{"line":8,"column":3228}},"loc":{"start":{"line":8,"column":3231},"end":{"line":8,"column":3508}},"line":8},"15":{"name":"(anonymous_15)","decl":{"start":{"line":8,"column":3451},"end":{"line":8,"column":3452}},"loc":{"start":{"line":8,"column":3463},"end":{"line":8,"column":3465}},"line":8},"16":{"name":"_getPrototypeOf","decl":{"start":{"line":8,"column":3517},"end":{"line":8,"column":3532}},"loc":{"start":{"line":8,"column":3536},"end":{"line":8,"column":3708}},"line":8},"17":{"name":"_getPrototypeOf","decl":{"start":{"line":8,"column":3612},"end":{"line":8,"column":3627}},"loc":{"start":{"line":8,"column":3631},"end":{"line":8,"column":3680}},"line":8},"18":{"name":"(anonymous_18)","decl":{"start":{"line":11,"column":9},"end":{"line":11,"column":10}},"loc":{"start":{"line":11,"column":37},"end":{"line":233,"column":25}},"line":11},"19":{"name":"SignIn","decl":{"start":{"line":13,"column":11},"end":{"line":13,"column":17}},"loc":{"start":{"line":13,"column":25},"end":{"line":120,"column":174}},"line":13},"20":{"name":"(anonymous_20)","decl":{"start":{"line":28,"column":27},"end":{"line":28,"column":28}},"loc":{"start":{"line":28,"column":42},"end":{"line":35,"column":5}},"line":28},"21":{"name":"(anonymous_21)","decl":{"start":{"line":37,"column":30},"end":{"line":37,"column":31}},"loc":{"start":{"line":37,"column":45},"end":{"line":44,"column":5}},"line":37},"22":{"name":"(anonymous_22)","decl":{"start":{"line":46,"column":31},"end":{"line":46,"column":32}},"loc":{"start":{"line":46,"column":43},"end":{"line":59,"column":5}},"line":46},"23":{"name":"(anonymous_23)","decl":{"start":{"line":61,"column":20},"end":{"line":61,"column":21}},"loc":{"start":{"line":61,"column":32},"end":{"line":97,"column":5}},"line":61},"24":{"name":"(anonymous_24)","decl":{"start":{"line":66,"column":13},"end":{"line":66,"column":14}},"loc":{"start":{"line":66,"column":39},"end":{"line":69,"column":9}},"line":66},"25":{"name":"(anonymous_25)","decl":{"start":{"line":70,"column":14},"end":{"line":70,"column":15}},"loc":{"start":{"line":70,"column":31},"end":{"line":82,"column":9}},"line":70},"26":{"name":"(anonymous_26)","decl":{"start":{"line":99,"column":20},"end":{"line":99,"column":21}},"loc":{"start":{"line":99,"column":32},"end":{"line":103,"column":5}},"line":99},"27":{"name":"(anonymous_27)","decl":{"start":{"line":105,"column":28},"end":{"line":105,"column":29}},"loc":{"start":{"line":105,"column":40},"end":{"line":109,"column":5}},"line":105},"28":{"name":"(anonymous_28)","decl":{"start":{"line":111,"column":32},"end":{"line":111,"column":33}},"loc":{"start":{"line":111,"column":44},"end":{"line":120,"column":5}},"line":111},"29":{"name":"(anonymous_29)","decl":{"start":{"line":113,"column":11},"end":{"line":113,"column":12}},"loc":{"start":{"line":113,"column":37},"end":{"line":116,"column":7}},"line":113},"30":{"name":"(anonymous_30)","decl":{"start":{"line":117,"column":12},"end":{"line":117,"column":13}},"loc":{"start":{"line":117,"column":29},"end":{"line":119,"column":7}},"line":117},"31":{"name":"render","decl":{"start":{"line":120,"column":229},"end":{"line":120,"column":235}},"loc":{"start":{"line":122,"column":4},"end":{"line":233,"column":5}},"line":122},"32":{"name":"onPress","decl":{"start":{"line":124,"column":96},"end":{"line":124,"column":103}},"loc":{"start":{"line":124,"column":106},"end":{"line":126,"column":11}},"line":124}},"branchMap":{"0":{"loc":{"start":{"line":8,"column":265},"end":{"line":8,"column":312}},"type":"if","locations":[{"start":{"line":8,"column":265},"end":{"line":8,"column":312}},{"start":{"line":8,"column":265},"end":{"line":8,"column":312}}],"line":8},"1":{"loc":{"start":{"line":8,"column":470},"end":{"line":8,"column":510}},"type":"if","locations":[{"start":{"line":8,"column":470},"end":{"line":8,"column":510}},{"start":{"line":8,"column":470},"end":{"line":8,"column":510}}],"line":8},"2":{"loc":{"start":{"line":8,"column":474},"end":{"line":8,"column":495}},"type":"binary-expr","locations":[{"start":{"line":8,"column":474},"end":{"line":8,"column":477}},{"start":{"line":8,"column":481},"end":{"line":8,"column":495}}],"line":8},"3":{"loc":{"start":{"line":8,"column":510},"end":{"line":8,"column":610}},"type":"if","locations":[{"start":{"line":8,"column":510},"end":{"line":8,"column":610}},{"start":{"line":8,"column":510},"end":{"line":8,"column":610}}],"line":8},"4":{"loc":{"start":{"line":8,"column":514},"end":{"line":8,"column":582}},"type":"binary-expr","locations":[{"start":{"line":8,"column":514},"end":{"line":8,"column":526}},{"start":{"line":8,"column":530},"end":{"line":8,"column":553}},{"start":{"line":8,"column":557},"end":{"line":8,"column":582}}],"line":8},"5":{"loc":{"start":{"line":8,"column":649},"end":{"line":8,"column":702}},"type":"if","locations":[{"start":{"line":8,"column":649},"end":{"line":8,"column":702}},{"start":{"line":8,"column":649},"end":{"line":8,"column":702}}],"line":8},"6":{"loc":{"start":{"line":8,"column":653},"end":{"line":8,"column":676}},"type":"binary-expr","locations":[{"start":{"line":8,"column":653},"end":{"line":8,"column":658}},{"start":{"line":8,"column":662},"end":{"line":8,"column":676}}],"line":8},"7":{"loc":{"start":{"line":8,"column":746},"end":{"line":8,"column":802}},"type":"binary-expr","locations":[{"start":{"line":8,"column":746},"end":{"line":8,"column":767}},{"start":{"line":8,"column":771},"end":{"line":8,"column":802}}],"line":8},"8":{"loc":{"start":{"line":8,"column":825},"end":{"line":8,"column":1073}},"type":"if","locations":[{"start":{"line":8,"column":825},"end":{"line":8,"column":1073}},{"start":{"line":8,"column":825},"end":{"line":8,"column":1073}}],"line":8},"9":{"loc":{"start":{"line":8,"column":889},"end":{"line":8,"column":961}},"type":"cond-expr","locations":[{"start":{"line":8,"column":913},"end":{"line":8,"column":954}},{"start":{"line":8,"column":957},"end":{"line":8,"column":961}}],"line":8},"10":{"loc":{"start":{"line":8,"column":962},"end":{"line":8,"column":1072}},"type":"if","locations":[{"start":{"line":8,"column":962},"end":{"line":8,"column":1072}},{"start":{"line":8,"column":962},"end":{"line":8,"column":1072}}],"line":8},"11":{"loc":{"start":{"line":8,"column":966},"end":{"line":8,"column":996}},"type":"binary-expr","locations":[{"start":{"line":8,"column":966},"end":{"line":8,"column":970}},{"start":{"line":8,"column":975},"end":{"line":8,"column":983}},{"start":{"line":8,"column":987},"end":{"line":8,"column":995}}],"line":8},"12":{"loc":{"start":{"line":8,"column":1095},"end":{"line":8,"column":1131}},"type":"if","locations":[{"start":{"line":8,"column":1095},"end":{"line":8,"column":1131}},{"start":{"line":8,"column":1095},"end":{"line":8,"column":1131}}],"line":8},"13":{"loc":{"start":{"line":8,"column":1191},"end":{"line":8,"column":1237}},"type":"cond-expr","locations":[{"start":{"line":8,"column":1215},"end":{"line":8,"column":1218}},{"start":{"line":8,"column":1221},"end":{"line":8,"column":1237}}],"line":8},"14":{"loc":{"start":{"line":8,"column":1191},"end":{"line":8,"column":1212}},"type":"binary-expr","locations":[{"start":{"line":8,"column":1191},"end":{"line":8,"column":1194}},{"start":{"line":8,"column":1198},"end":{"line":8,"column":1212}}],"line":8},"15":{"loc":{"start":{"line":8,"column":1288},"end":{"line":8,"column":1387}},"type":"if","locations":[{"start":{"line":8,"column":1288},"end":{"line":8,"column":1387}},{"start":{"line":8,"column":1288},"end":{"line":8,"column":1387}}],"line":8},"16":{"loc":{"start":{"line":8,"column":1521},"end":{"line":8,"column":1551}},"type":"binary-expr","locations":[{"start":{"line":8,"column":1521},"end":{"line":8,"column":1542}},{"start":{"line":8,"column":1546},"end":{"line":8,"column":1551}}],"line":8},"17":{"loc":{"start":{"line":8,"column":1583},"end":{"line":8,"column":1637}},"type":"if","locations":[{"start":{"line":8,"column":1583},"end":{"line":8,"column":1637}},{"start":{"line":8,"column":1583},"end":{"line":8,"column":1637}}],"line":8},"18":{"loc":{"start":{"line":8,"column":1758},"end":{"line":8,"column":1827}},"type":"if","locations":[{"start":{"line":8,"column":1758},"end":{"line":8,"column":1827}},{"start":{"line":8,"column":1758},"end":{"line":8,"column":1827}}],"line":8},"19":{"loc":{"start":{"line":8,"column":1827},"end":{"line":8,"column":1888}},"type":"if","locations":[{"start":{"line":8,"column":1827},"end":{"line":8,"column":1888}},{"start":{"line":8,"column":1827},"end":{"line":8,"column":1888}}],"line":8},"20":{"loc":{"start":{"line":8,"column":1950},"end":{"line":8,"column":2087}},"type":"if","locations":[{"start":{"line":8,"column":1950},"end":{"line":8,"column":2087}},{"start":{"line":8,"column":1950},"end":{"line":8,"column":2087}}],"line":8},"21":{"loc":{"start":{"line":8,"column":1954},"end":{"line":8,"column":2009}},"type":"binary-expr","locations":[{"start":{"line":8,"column":1954},"end":{"line":8,"column":1986}},{"start":{"line":8,"column":1990},"end":{"line":8,"column":2009}}],"line":8},"22":{"loc":{"start":{"line":8,"column":2122},"end":{"line":8,"column":2156}},"type":"binary-expr","locations":[{"start":{"line":8,"column":2122},"end":{"line":8,"column":2132}},{"start":{"line":8,"column":2136},"end":{"line":8,"column":2156}}],"line":8},"23":{"loc":{"start":{"line":8,"column":2232},"end":{"line":8,"column":2286}},"type":"if","locations":[{"start":{"line":8,"column":2232},"end":{"line":8,"column":2286}},{"start":{"line":8,"column":2232},"end":{"line":8,"column":2286}}],"line":8},"24":{"loc":{"start":{"line":8,"column":2337},"end":{"line":8,"column":2420}},"type":"binary-expr","locations":[{"start":{"line":8,"column":2337},"end":{"line":8,"column":2358}},{"start":{"line":8,"column":2362},"end":{"line":8,"column":2420}}],"line":8},"25":{"loc":{"start":{"line":8,"column":2627},"end":{"line":8,"column":2812}},"type":"if","locations":[{"start":{"line":8,"column":2627},"end":{"line":8,"column":2812}},{"start":{"line":8,"column":2627},"end":{"line":8,"column":2812}}],"line":8},"26":{"loc":{"start":{"line":8,"column":2912},"end":{"line":8,"column":2996}},"type":"if","locations":[{"start":{"line":8,"column":2912},"end":{"line":8,"column":2996}},{"start":{"line":8,"column":2912},"end":{"line":8,"column":2996}}],"line":8},"27":{"loc":{"start":{"line":8,"column":2916},"end":{"line":8,"column":2980}},"type":"binary-expr","locations":[{"start":{"line":8,"column":2916},"end":{"line":8,"column":2920}},{"start":{"line":8,"column":2925},"end":{"line":8,"column":2949}},{"start":{"line":8,"column":2953},"end":{"line":8,"column":2979}}],"line":8},"28":{"loc":{"start":{"line":8,"column":3072},"end":{"line":8,"column":3181}},"type":"if","locations":[{"start":{"line":8,"column":3072},"end":{"line":8,"column":3181}},{"start":{"line":8,"column":3072},"end":{"line":8,"column":3181}}],"line":8},"29":{"loc":{"start":{"line":8,"column":3232},"end":{"line":8,"column":3303}},"type":"if","locations":[{"start":{"line":8,"column":3232},"end":{"line":8,"column":3303}},{"start":{"line":8,"column":3232},"end":{"line":8,"column":3303}}],"line":8},"30":{"loc":{"start":{"line":8,"column":3236},"end":{"line":8,"column":3288}},"type":"binary-expr","locations":[{"start":{"line":8,"column":3236},"end":{"line":8,"column":3266}},{"start":{"line":8,"column":3270},"end":{"line":8,"column":3288}}],"line":8},"31":{"loc":{"start":{"line":8,"column":3303},"end":{"line":8,"column":3344}},"type":"if","locations":[{"start":{"line":8,"column":3303},"end":{"line":8,"column":3344}},{"start":{"line":8,"column":3303},"end":{"line":8,"column":3344}}],"line":8},"32":{"loc":{"start":{"line":8,"column":3344},"end":{"line":8,"column":3389}},"type":"if","locations":[{"start":{"line":8,"column":3344},"end":{"line":8,"column":3389}},{"start":{"line":8,"column":3344},"end":{"line":8,"column":3389}}],"line":8},"33":{"loc":{"start":{"line":8,"column":3555},"end":{"line":8,"column":3680}},"type":"cond-expr","locations":[{"start":{"line":8,"column":3579},"end":{"line":8,"column":3600}},{"start":{"line":8,"column":3603},"end":{"line":8,"column":3680}}],"line":8},"34":{"loc":{"start":{"line":8,"column":3639},"end":{"line":8,"column":3678}},"type":"binary-expr","locations":[{"start":{"line":8,"column":3639},"end":{"line":8,"column":3650}},{"start":{"line":8,"column":3654},"end":{"line":8,"column":3678}}],"line":8},"35":{"loc":{"start":{"line":48,"column":6},"end":{"line":57,"column":7}},"type":"if","locations":[{"start":{"line":48,"column":6},"end":{"line":57,"column":7}},{"start":{"line":48,"column":6},"end":{"line":57,"column":7}}],"line":48},"36":{"loc":{"start":{"line":58,"column":6},"end":{"line":58,"column":45}},"type":"cond-expr","locations":[{"start":{"line":58,"column":29},"end":{"line":58,"column":33}},{"start":{"line":58,"column":36},"end":{"line":58,"column":45}}],"line":58},"37":{"loc":{"start":{"line":63,"column":6},"end":{"line":95,"column":7}},"type":"if","locations":[{"start":{"line":63,"column":6},"end":{"line":95,"column":7}},{"start":{"line":63,"column":6},"end":{"line":95,"column":7}}],"line":63},"38":{"loc":{"start":{"line":63,"column":10},"end":{"line":63,"column":63}},"type":"binary-expr","locations":[{"start":{"line":63,"column":10},"end":{"line":63,"column":33}},{"start":{"line":63,"column":37},"end":{"line":63,"column":63}}],"line":63},"39":{"loc":{"start":{"line":71,"column":10},"end":{"line":75,"column":11}},"type":"if","locations":[{"start":{"line":71,"column":10},"end":{"line":75,"column":11}},{"start":{"line":71,"column":10},"end":{"line":75,"column":11}}],"line":71},"40":{"loc":{"start":{"line":76,"column":10},"end":{"line":81,"column":11}},"type":"if","locations":[{"start":{"line":76,"column":10},"end":{"line":81,"column":11}},{"start":{"line":76,"column":10},"end":{"line":81,"column":11}}],"line":76},"41":{"loc":{"start":{"line":85,"column":8},"end":{"line":89,"column":9}},"type":"if","locations":[{"start":{"line":85,"column":8},"end":{"line":89,"column":9}},{"start":{"line":85,"column":8},"end":{"line":89,"column":9}}],"line":85},"42":{"loc":{"start":{"line":90,"column":8},"end":{"line":94,"column":9}},"type":"if","locations":[{"start":{"line":90,"column":8},"end":{"line":94,"column":9}},{"start":{"line":90,"column":8},"end":{"line":94,"column":9}}],"line":90},"43":{"loc":{"start":{"line":158,"column":8},"end":{"line":158,"column":99}},"type":"cond-expr","locations":[{"start":{"line":158,"column":32},"end":{"line":158,"column":44}},{"start":{"line":158,"column":47},"end":{"line":158,"column":99}}],"line":158},"44":{"loc":{"start":{"line":158,"column":47},"end":{"line":158,"column":99}},"type":"cond-expr","locations":[{"start":{"line":158,"column":73},"end":{"line":158,"column":92}},{"start":{"line":158,"column":95},"end":{"line":158,"column":99}}],"line":158},"45":{"loc":{"start":{"line":182,"column":8},"end":{"line":182,"column":106}},"type":"cond-expr","locations":[{"start":{"line":182,"column":35},"end":{"line":182,"column":47}},{"start":{"line":182,"column":50},"end":{"line":182,"column":106}}],"line":182},"46":{"loc":{"start":{"line":182,"column":50},"end":{"line":182,"column":106}},"type":"cond-expr","locations":[{"start":{"line":182,"column":79},"end":{"line":182,"column":99}},{"start":{"line":182,"column":102},"end":{"line":182,"column":106}}],"line":182}},"s":{"0":2,"1":2,"2":2,"3":2,"4":2,"5":2,"6":2,"7":2,"8":2,"9":2,"10":2,"11":0,"12":0,"13":0,"14":0,"15":0,"16":0,"17":2,"18":2,"19":0,"20":0,"21":0,"22":0,"23":0,"24":0,"25":0,"26":0,"27":0,"28":0,"29":0,"30":0,"31":0,"32":0,"33":0,"34":0,"35":0,"36":12,"37":6,"38":0,"39":2,"40":2,"41":2,"42":2,"43":2,"44":2,"45":2,"46":2,"47":2,"48":2,"49":2,"50":0,"51":2,"52":2,"53":0,"54":2,"55":2,"56":2,"57":2,"58":0,"59":0,"60":2,"61":2,"62":2,"63":6,"64":6,"65":6,"66":6,"67":0,"68":6,"69":6,"70":6,"71":0,"72":0,"73":0,"74":0,"75":2,"76":0,"77":2,"78":0,"79":2,"80":2,"81":0,"82":0,"83":0,"84":0,"85":1,"86":0,"87":1,"88":2,"89":2,"90":2,"91":6,"92":6,"93":6,"94":1,"95":6,"96":1,"97":6,"98":0,"99":0,"100":0,"101":0,"102":0,"103":6,"104":0,"105":0,"106":0,"107":0,"108":0,"109":0,"110":0,"111":0,"112":0,"113":0,"114":0,"115":0,"116":0,"117":0,"118":0,"119":6,"120":1,"121":1,"122":1,"123":6,"124":1,"125":1,"126":1,"127":6,"128":0,"129":0,"130":0,"131":0,"132":6,"133":6,"134":2,"135":8,"136":0,"137":2,"138":2,"139":2},"f":{"0":0,"1":0,"2":2,"3":12,"4":6,"5":2,"6":2,"7":2,"8":2,"9":0,"10":2,"11":6,"12":6,"13":0,"14":2,"15":0,"16":1,"17":0,"18":2,"19":6,"20":1,"21":1,"22":0,"23":0,"24":0,"25":0,"26":1,"27":1,"28":0,"29":0,"30":0,"31":8,"32":0},"b":{"0":[0,0],"1":[2,0],"2":[2,2],"3":[0,0],"4":[0,0,0],"5":[0,0],"6":[0,0],"7":[0,0],"8":[0,0],"9":[0,0],"10":[0,0],"11":[0,0,0],"12":[0,0],"13":[10,2],"14":[12,12],"15":[0,6],"16":[2,2],"17":[2,0],"18":[2,0],"19":[0,2],"20":[0,2],"21":[2,0],"22":[2,2],"23":[2,0],"24":[2,0],"25":[6,0],"26":[6,0],"27":[6,6,0],"28":[0,0],"29":[0,2],"30":[2,2],"31":[0,2],"32":[2,0],"33":[1,0],"34":[0,0],"35":[0,0],"36":[0,0],"37":[0,0],"38":[0,0],"39":[0,0],"40":[0,0],"41":[0,0],"42":[0,0],"43":[0,8],"44":[0,8],"45":[0,8],"46":[0,8]},"inputSourceMap":null,"_coverageSchema":"1a1c01bbd47fc00a2c39e90264f33305004495a9","hash":"2422abbabd9976245a78e6e70ef815a808a9da79"}
,"C:\\Users\\gupta\\OneDrive\\Desktop\\Sagar Workspace\\Projects\\Native\\Registration\\src\\Components\\SignUp.js": {"path":"C:\\Users\\gupta\\OneDrive\\Desktop\\Sagar Workspace\\Projects\\Native\\Registration\\src\\Components\\SignUp.js","statementMap":{"0":{"start":{"line":1,"column":13},"end":{"line":1,"column":75}},"1":{"start":{"line":1,"column":75},"end":{"line":1,"column":100}},"2":{"start":{"line":1,"column":113},"end":{"line":1,"column":154}},"3":{"start":{"line":2,"column":19},"end":{"line":2,"column":42}},"4":{"start":{"line":3,"column":17},"end":{"line":3,"column":76}},"5":{"start":{"line":4,"column":19},"end":{"line":4,"column":92}},"6":{"start":{"line":5,"column":15},"end":{"line":5,"column":83}},"7":{"start":{"line":6,"column":17},"end":{"line":6,"column":71}},"8":{"start":{"line":7,"column":20},"end":{"line":7,"column":81}},"9":{"start":{"line":7,"column":101},"end":{"line":7,"column":215}},"10":{"start":{"line":7,"column":254},"end":{"line":7,"column":308}},"11":{"start":{"line":7,"column":346},"end":{"line":7,"column":393}},"12":{"start":{"line":7,"column":381},"end":{"line":7,"column":393}},"13":{"start":{"line":7,"column":405},"end":{"line":7,"column":418}},"14":{"start":{"line":7,"column":419},"end":{"line":7,"column":498}},"15":{"start":{"line":7,"column":483},"end":{"line":7,"column":496}},"16":{"start":{"line":7,"column":498},"end":{"line":7,"column":511}},"17":{"start":{"line":7,"column":551},"end":{"line":7,"column":591}},"18":{"start":{"line":7,"column":579},"end":{"line":7,"column":590}},"19":{"start":{"line":7,"column":591},"end":{"line":7,"column":691}},"20":{"start":{"line":7,"column":666},"end":{"line":7,"column":690}},"21":{"start":{"line":7,"column":703},"end":{"line":7,"column":729}},"22":{"start":{"line":7,"column":730},"end":{"line":7,"column":783}},"23":{"start":{"line":7,"column":760},"end":{"line":7,"column":782}},"24":{"start":{"line":7,"column":796},"end":{"line":7,"column":798}},"25":{"start":{"line":7,"column":827},"end":{"line":7,"column":883}},"26":{"start":{"line":7,"column":884},"end":{"line":7,"column":1155}},"27":{"start":{"line":7,"column":906},"end":{"line":7,"column":1154}},"28":{"start":{"line":7,"column":970},"end":{"line":7,"column":1042}},"29":{"start":{"line":7,"column":1043},"end":{"line":7,"column":1153}},"30":{"start":{"line":7,"column":1080},"end":{"line":7,"column":1121}},"31":{"start":{"line":7,"column":1129},"end":{"line":7,"column":1152}},"32":{"start":{"line":7,"column":1155},"end":{"line":7,"column":1176}},"33":{"start":{"line":7,"column":1176},"end":{"line":7,"column":1212}},"34":{"start":{"line":7,"column":1188},"end":{"line":7,"column":1211}},"35":{"start":{"line":7,"column":1212},"end":{"line":7,"column":1226}},"36":{"start":{"line":7,"column":1276},"end":{"line":7,"column":1375}},"37":{"start":{"line":7,"column":1317},"end":{"line":7,"column":1374}},"38":{"start":{"line":7,"column":1419},"end":{"line":7,"column":1684}},"39":{"start":{"line":7,"column":1432},"end":{"line":7,"column":1433}},"40":{"start":{"line":7,"column":1476},"end":{"line":7,"column":1484}},"41":{"start":{"line":7,"column":1485},"end":{"line":7,"column":1540}},"42":{"start":{"line":7,"column":1540},"end":{"line":7,"column":1571}},"43":{"start":{"line":7,"column":1571},"end":{"line":7,"column":1625}},"44":{"start":{"line":7,"column":1598},"end":{"line":7,"column":1625}},"45":{"start":{"line":7,"column":1625},"end":{"line":7,"column":1683}},"46":{"start":{"line":7,"column":1746},"end":{"line":7,"column":1815}},"47":{"start":{"line":7,"column":1762},"end":{"line":7,"column":1815}},"48":{"start":{"line":7,"column":1815},"end":{"line":7,"column":1876}},"49":{"start":{"line":7,"column":1832},"end":{"line":7,"column":1876}},"50":{"start":{"line":7,"column":1876},"end":{"line":7,"column":1895}},"51":{"start":{"line":7,"column":1938},"end":{"line":7,"column":2075}},"52":{"start":{"line":7,"column":2000},"end":{"line":7,"column":2074}},"53":{"start":{"line":7,"column":2075},"end":{"line":7,"column":2220}},"54":{"start":{"line":7,"column":2220},"end":{"line":7,"column":2274}},"55":{"start":{"line":7,"column":2236},"end":{"line":7,"column":2274}},"56":{"start":{"line":7,"column":2307
[...]
":1876}}],"line":7},"20":{"loc":{"start":{"line":7,"column":1938},"end":{"line":7,"column":2075}},"type":"if","locations":[{"start":{"line":7,"column":1938},"end":{"line":7,"column":2075}},{"start":{"line":7,"column":1938},"end":{"line":7,"column":2075}}],"line":7},"21":{"loc":{"start":{"line":7,"column":1942},"end":{"line":7,"column":1997}},"type":"binary-expr","locations":[{"start":{"line":7,"column":1942},"end":{"line":7,"column":1974}},{"start":{"line":7,"column":1978},"end":{"line":7,"column":1997}}],"line":7},"22":{"loc":{"start":{"line":7,"column":2110},"end":{"line":7,"column":2144}},"type":"binary-expr","locations":[{"start":{"line":7,"column":2110},"end":{"line":7,"column":2120}},{"start":{"line":7,"column":2124},"end":{"line":7,"column":2144}}],"line":7},"23":{"loc":{"start":{"line":7,"column":2220},"end":{"line":7,"column":2274}},"type":"if","locations":[{"start":{"line":7,"column":2220},"end":{"line":7,"column":2274}},{"start":{"line":7,"column":2220},"end":{"line":7,"column":2274}}],"line":7},"24":{"loc":{"start":{"line":7,"column":2325},"end":{"line":7,"column":2408}},"type":"binary-expr","locations":[{"start":{"line":7,"column":2325},"end":{"line":7,"column":2346}},{"start":{"line":7,"column":2350},"end":{"line":7,"column":2408}}],"line":7},"25":{"loc":{"start":{"line":7,"column":2615},"end":{"line":7,"column":2800}},"type":"if","locations":[{"start":{"line":7,"column":2615},"end":{"line":7,"column":2800}},{"start":{"line":7,"column":2615},"end":{"line":7,"column":2800}}],"line":7},"26":{"loc":{"start":{"line":7,"column":2900},"end":{"line":7,"column":2984}},"type":"if","locations":[{"start":{"line":7,"column":2900},"end":{"line":7,"column":2984}},{"start":{"line":7,"column":2900},"end":{"line":7,"column":2984}}],"line":7},"27":{"loc":{"start":{"line":7,"column":2904},"end":{"line":7,"column":2968}},"type":"binary-expr","locations":[{"start":{"line":7,"column":2904},"end":{"line":7,"column":2908}},{"start":{"line":7,"column":2913},"end":{"line":7,"column":2937}},{"start":{"line":7,"column":2941},"end":{"line":7,"column":2967}}],"line":7},"28":{"loc":{"start":{"line":7,"column":3060},"end":{"line":7,"column":3169}},"type":"if","locations":[{"start":{"line":7,"column":3060},"end":{"line":7,"column":3169}},{"start":{"line":7,"column":3060},"end":{"line":7,"column":3169}}],"line":7},"29":{"loc":{"start":{"line":7,"column":3220},"end":{"line":7,"column":3291}},"type":"if","locations":[{"start":{"line":7,"column":3220},"end":{"line":7,"column":3291}},{"start":{"line":7,"column":3220},"end":{"line":7,"column":3291}}],"line":7},"30":{"loc":{"start":{"line":7,"column":3224},"end":{"line":7,"column":3276}},"type":"binary-expr","locations":[{"start":{"line":7,"column":3224},"end":{"line":7,"column":3254}},{"start":{"line":7,"column":3258},"end":{"line":7,"column":3276}}],"line":7},"31":{"loc":{"start":{"line":7,"column":3291},"end":{"line":7,"column":3332}},"type":"if","locations":[{"start":{"line":7,"column":3291},"end":{"line":7,"column":3332}},{"start":{"line":7,"column":3291},"end":{"line":7,"column":3332}}],"line":7},"32":{"loc":{"start":{"line":7,"column":3332},"end":{"line":7,"column":3377}},"type":"if","locations":[{"start":{"line":7,"column":3332},"end":{"line":7,"column":3377}},{"start":{"line":7,"column":3332},"end":{"line":7,"column":3377}}],"line":7},"33":{"loc":{"start":{"line":7,"column":3543},"end":{"line":7,"column":3668}},"type":"cond-expr","locations":[{"start":{"line":7,"column":3567},"end":{"line":7,"column":3588}},{"start":{"line":7,"column":3591},"end":{"line":7,"column":3668}}],"line":7},"34":{"loc":{"start":{"line":7,"column":3627},"end":{"line":7,"column":3666}},"type":"binary-expr","locations":[{"start":{"line":7,"column":3627},"end":{"line":7,"column":3638}},{"start":{"line":7,"column":3642},"end":{"line":7,"column":3666}}],"line":7},"35":{"loc":{"start":{"line":67,"column":6},"end":{"line":76,"column":7}},"type":"if","locations":[{"start":{"line":67,"column":6},"end":{"line":76,"column":7}},{"start":{"line":67,"column":6},"end":{"line":76,"column":7}}],"line":67},"36":{"loc":{"start":{"line":81,"column":6},"end":{"line":90,"column":7}},"type":"if","locations":[{"start":{"line":81,"column":6},"end":{"line":90,"column":7}},{"start":{"line":81,"column":6},"end":{"line":90,"column":7}}],"line":81},"37":{"loc":{"start":{"line":95,"column":6},"end":{"line":104,"column":7}},"type":"if","locations":[{"start":{"line":95,"column":6},"end":{"line":104,"column":7}},{"start":{"line":95,"column":6},"end":{"line":104,"column":7}}],"line":95},"38":{"loc":{"start":{"line":109,"column":6},"end":{"line":118,"column":7}},"type":"if","locations":[{"start":{"line":109,"column":6},"end":{"line":118,"column":7}},{"start":{"line":109,"column":6},"end":{"line":118,"column":7}}],"line":109},"39":{"loc":{"start":{"line":121,"column":124},"end":{"line":165,"column":67}},"type":"switch","locations":[{"start":{"line":121,"column":164},"end":{"line":136,"column":42}},{"start":{"line":136,"column":42},"end":{"line":141,"column":41}},{"start":{"line":141,"column":41},"end":{"line":146,"column":40}},{"start":{"line":146,"column":40},"end":{"line":151,"column":37}},{"start":{"line":151,"column":37},"end":{"line":156,"column":40}},{"start":{"line":156,"column":40},"end":{"line":161,"column":47}},{"start":{"line":161,"column":47},"end":{"line":165,"column":24}},{"start":{"line":165,"column":24},"end":{"line":165,"column":32}},{"start":{"line":165,"column":32},"end":{"line":165,"column":66}}],"line":121},"40":{"loc":{"start":{"line":122,"column":44},"end":{"line":123,"column":157}},"type":"if","locations":[{"start":{"line":122,"column":44},"end":{"line":123,"column":157}},{"start":{"line":122,"column":44},"end":{"line":123,"column":157}}],"line":122},"41":{"loc":{"start":{"line":123,"column":14},"end":{"line":123,"column":128}},"type":"binary-expr","locations":[{"start":{"line":123,"column":14},"end":{"line":123,"column":41}},{"start":{"line":123,"column":45},"end":{"line":123,"column":71}},{"start":{"line":123,"column":75},"end":{"line":123,"column":98}},{"start":{"line":123,"column":102},"end":{"line":123,"column":128}}],"line":123},"42":{"loc":{"start":{"line":131,"column":16},"end":{"line":135,"column":17}},"type":"if","locations":[{"start":{"line":131,"column":16},"end":{"line":135,"column":17}},{"start":{"line":131,"column":16},"end":{"line":135,"column":17}}],"line":131},"43":{"loc":{"start":{"line":136,"column":49},"end":{"line":139,"column":70}},"type":"if","locations":[{"start":{"line":136,"column":49},"end":{"line":139,"column":70}},{"start":{"line":136,"column":49},"end":{"line":139,"column":70}}],"line":136},"44":{"loc":{"start":{"line":141,"column":48},"end":{"line":144,"column":70}},"type":"if","locations":[{"start":{"line":141,"column":48},"end":{"line":144,"column":70}},{"start":{"line":141,"column":48},"end":{"line":144,"column":70}}],"line":141},"45":{"loc":{"start":{"line":146,"column":48},"end":{"line":149,"column":67}},"type":"if","locations":[{"start":{"line":146,"column":48},"end":{"line":149,"column":67}},{"start":{"line":146,"column":48},"end":{"line":149,"column":67}}],"line":146},"46":{"loc":{"start":{"line":151,"column":45},"end":{"line":154,"column":70}},"type":"if","locations":[{"start":{"line":151,"column":45},"end":{"line":154,"column":70}},{"start":{"line":151,"column":45},"end":{"line":154,"column":70}}],"line":151},"47":{"loc":{"start":{"line":156,"column":48},"end":{"line":159,"column":77}},"type":"if","locations":[{"start":{"line":156,"column":48},"end":{"line":159,"column":77}},{"start":{"line":156,"column":48},"end":{"line":159,"column":77}}],"line":156},"48":{"loc":{"start":{"line":212,"column":8},"end":{"line":212,"column":111}},"type":"cond-expr","locations":[{"start":{"line":212,"column":36},"end":{"line":212,"column":48}},{"start":{"line":212,"column":51},"end":{"line":212,"column":111}}],"line":212},"49":{"loc":{"start":{"line":212,"column":51},"end":{"line":212,"column":111}},"type":"cond-expr","locations":[{"start":{"line":212,"column":84},"end":{"line":212,"column":88}},{"start":{"line":212,"column":91},"end":{"line":212,"column":111}}],"line":212},"50":{"loc":{"start":{"line":233,"column":8},"end":{"line":233,"column":110}},"type":"cond-expr","locations":[{"start":{"line":233,"column":35},"end":{"line":233,"column":47}},{"start":{"line":233,"column":50},"end":{"line":233,"column":110}}],"line":233},"51":{"loc":{"start":{"line":233,"column":50},"end":{"line":233,"column":110}},"type":"cond-expr","locations":[{"start":{"line":233,"column":82},"end":{"line":233,"column":86}},{"start":{"line":233,"column":89},"end":{"line":233,"column":110}}],"line":233},"52":{"loc":{"start":{"line":254,"column":8},"end":{"line":254,"column":150}},"type":"cond-expr","locations":[{"start":{"line":254,"column":32},"end":{"line":254,"column":44}},{"start":{"line":254,"column":47},"end":{"line":254,"column":150}}],"line":254},"53":{"loc":{"start":{"line":254,"column":47},"end":{"line":254,"column":150}},"type":"cond-expr","locations":[{"start":{"line":254,"column":76},"end":{"line":254,"column":130}},{"start":{"line":254,"column":133},"end":{"line":254,"column":150}}],"line":254},"54":{"loc":{"start":{"line":254,"column":76},"end":{"line":254,"column":130}},"type":"cond-expr","locations":[{"start":{"line":254,"column":102},"end":{"line":254,"column":123}},{"start":{"line":254,"column":126},"end":{"line":254,"column":130}}],"line":254},"55":{"loc":{"start":{"line":277,"column":8},"end":{"line":277,"column":109}},"type":"cond-expr","locations":[{"start":{"line":277,"column":35},"end":{"line":277,"column":47}},{"start":{"line":277,"column":50},"end":{"line":277,"column":109}}],"line":277},"56":{"loc":{"start":{"line":277,"column":50},"end":{"line":277,"column":109}},"type":"cond-expr","locations":[{"start":{"line":277,"column":82},"end":{"line":277,"column":86}},{"start":{"line":277,"column":89},"end":{"line":277,"column":109}}],"line":277}},"s":{"0":2,"1":2,"2":2,"3":2,"4":2,"5":2,"6":2,"7":2,"8":2,"9":2,"10":8,"11":2,"12":0,"13":2,"14":2,"15":0,"16":2,"17":4,"18":2,"19":2,"20":0,"21":2,"22":2,"23":0,"24":2,"25":2,"26":2,"27":56,"28":56,"29":56,"30":0,"31":56,"32":2,"33":2,"34":2,"35":2,"36":15,"37":0,"38":2,"39":2,"40":2,"41":2,"42":2,"43":2,"44":2,"45":2,"46":2,"47":2,"48":2,"49":0,"50":2,"51":2,"52":0,"53":2,"54":2,"55":2,"56":2,"57":0,"58":0,"59":2,"60":2,"61":2,"62":15,"63":15,"64":15,"65":15,"66":0,"67":15,"68":15,"69":15,"70":0,"71":0,"72":0,"73":0,"74":2,"75":0,"76":2,"77":0,"78":2,"79":2,"80":0,"81":0,"82":0,"83":0,"84":1,"85":0,"86":1,"87":2,"88":2,"89":2,"90":15,"91":15,"92":15,"93":1,"94":1,"95":15,"96":1,"97":1,"98":15,"99":1,"100":1,"101":15,"102":1,"103":1,"104":15,"105":3,"106":3,"107":2,"108":1,"109":15,"110":3,"111":3,"112":2,"113":1,"114":15,"115":3,"116":3,"117":2,"118":1,"119":15,"120":3,"121":3,"122":2,"123":1,"124":15,"125":1,"126":5,"127":7,"128":1,"129":1,"130":1,"131":1,"132":0,"133":0,"134":0,"135":0,"136":0,"137":0,"138":0,"139":0,"140":1,"141":0,"142":0,"143":1,"144":1,"145":1,"146":0,"147":0,"148":1,"149":1,"150":1,"151":0,"152":0,"153":1,"154":1,"155":1,"156":0,"157":0,"158":1,"159":1,"160":1,"161":1,"162":1,"163":0,"164":0,"165":1,"166":1,"167":15,"168":1,"169":1,"170":1,"171":15,"172":15,"173":2,"174":43,"175":0,"176":2,"177":2},"f":{"0":8,"1":2,"2":0,"3":4,"4":15,"5":2,"6":2,"7":2,"8":2,"9":0,"10":2,"11":15,"12":15,"13":0,"14":2,"15":0,"16":1,"17":0,"18":2,"19":15,"20":1,"21":1,"22":1,"23":1,"24":3,"25":3,"26":3,"27":3,"28":1,"29":5,"30":0,"31":0,"32":1,"33":43,"34":0},"b":{"0":[8,0],"1":[8,8],"2":[0,2],"3":[2,2],"4":[4,4],"5":[0,2],"6":[2,2,0],"7":[0,2],"8":[2,2],"9":[2,2],"10":[56,0],"11":[56,0],"12":[0,56],"13":[56,56,56],"14":[2,0],"15":[0,15],"16":[2,2],"17":[2,0],"18":[2,0],"19":[0,2],"20":[0,2],"21":[2,0],"22":[2,2],"23":[2,0],"24":[2,0],"25":[15,0],"26":[15,0],"27":[15,15,0],"28":[0,0],"29":[0,2],"30":[2,2],"31":[0,2],"32":[2,0],"33":[1,0],"34":[0,0],"35":[2,1],"36":[2,1],"37":[2,1],"38":[2,1],"39":[1,1,1,1,1,1,1,1,1],"40":[1,0],"41":[1,0,0,0],"42":[0,0],"43":[0,1],"44":[0,1],"45":[0,1],"46":[0,1],"47":[1,0],"48":[4,39],"49":[38,1],"50":[3,40],"51":[39,1],"52":[2,41],"53":[40,1],"54":[0,40],"55":[1,42],"56":[41,1]},"inputSourceMap":null,"_coverageSchema":"1a1c01bbd47fc00a2c39e90264f33305004495a9","hash":"422208e34abed75bad20438285b2fe3c6ff50963"}
,"C:\\Users\\gupta\\OneDrive\\Desktop\\Sagar Workspace\\Projects\\Native\\Registration\\src\\Screens\\ForgotPasswordScreen.js": {"path":"C:\\Users\\gupta\\OneDrive\\Desktop\\Sagar Workspace\\Projects\\Native\\Registration\\src\\Screens\\ForgotPasswordScreen.js","statementMap":{"0":{"start":{"line":1,"column":13},"end":{"line":1,"column":75}},"1":{"start":{"line":1,"column":75},"end":{"line":1,"column":100}},"2":{"start":{"line":1,"column":113},"end":{"line":1,"column":153}},"3":{"start":{"line":2,"column":22},"end":{"line":2,"column":85}},"4":{"start":{"line":2,"column":98},"end":{"line":2,"column":102}},"5":{"start":{"line":2,"column":118},"end":{"line":2,"column":243}},"6":{"start":{"line":2,"column":282},"end":{"line":2,"column":336}},"7":{"start":{"line":4,"column":27},"end":{"line":8,"column":1}},"8":{"start":{"line":4,"column":81},"end":{"line":4,"column":96}},"9":{"start":{"line":5,"column":2},"end":{"line":6,"column":172}},"10":{"start":{"line":10,"column":0},"end":{"line":10,"column":20}},"11":{"start":{"line":10,"column":21},"end":{"line":10,"column":48}}},"fnMap":{"0":{"name":"_interopRequireDefault","decl":{"start":{"line":2,"column":253},"end":{"line":2,"column":275}},"loc":{"start":{"line":2,"column":281},"end":{"line":2,"column":337}},"line":2},"1":{"name":"ForgotPasswordScreen","decl":{"start":{"line":4,"column":36},"end":{"line":4,"column":56}},"loc":{"start":{"line":4,"column":63},"end":{"line":8,"column":1}},"line":4}},"branchMap":{"0":{"loc":{"start":{"line":2,"column":289},"end":{"line":2,"column":335}},"type":"cond-expr","locations":[{"start":{"line":2,"column":313},"end":{"line":2,"column":316}},{"start":{"line":2,"column":319},"end":{"line":2,"column":335}}],"line":2},"1":{"loc":{"start":{"line":2,"column":289},"end":{"line":2,"column":310}},"type":"binary-expr","locations":[{"start":{"line":2,"column":289},"end":{"line":2,"column":292}},{"start":{"line":2,"column":296},"end":{"line":2,"column":310}}],"line":2}},"s":{"0":1,"1":1,"2":1,"3":1,"4":1,"5":1,"6":2,"7":1,"8":1,"9":1,"10":1,"11":1},"f":{"0":2,"1":1},"b":{"0":[1,1],"1":[2,2]},"inputSourceMap":null,"_coverageSchema":"1a1c01bbd47fc00a2c39e90264f33305004495a9","hash":"f2d96bda2774a23a983084751060a4c41788c6ab"}
,"C:\\Users\\gupta\\OneDrive\\Desktop\\Sagar Workspace\\Projects\\Native\\Registration\\src\\Screens\\SignInScreen.js": {"path":"C:\\Users\\gupta\\OneDrive\\Desktop\\Sagar Workspace\\Projects\\Native\\Registration\\src\\Screens\\SignInScreen.js","statementMap":{"0":{"start":{"line":1,"column":13},"end":{"line":1,"column":75}},"1":{"start":{"line":1,"column":75},"end":{"line":1,"column":100}},"2":{"start":{"line":1,"column":113},"end":{"line":1,"column":153}},"3":{"start":{"line":2,"column":14},"end":{"line":2,"column":69}},"4":{"start":{"line":2,"column":82},"end":{"line":2,"column":86}},"5":{"start":{"line":2,"column":102},"end":{"line":2,"column":219}},"6":{"start":{"line":2,"column":258},"end":{"line":2,"column":312}},"7":{"start":{"line":4,"column":19},"end":{"line":8,"column":1}},"8":{"start":{"line":4,"column":65},"end":{"line":4,"column":80}},"9":{"start":{"line":5,"column":2},"end":{"line":6,"column":164}},"10":{"start":{"line":10,"column":0},"end":{"line":10,"column":12}},"11":{"start":{"line":10,"column":13},"end":{"line":10,"column":40}}},"fnMap":{"0":{"name":"_interopRequireDefault","decl":{"start":{"line":2,"column":229},"end":{"line":2,"column":251}},"loc":{"start":{"line":2,"column":257},"end":{"line":2,"column":313}},"line":2},"1":{"name":"SignInScreen","decl":{"start":{"line":4,"column":28},"end":{"line":4,"column":40}},"loc":{"start":{"line":4,"column":47},"end":{"line":8,"column":1}},"line":4}},"branchMap":{"0":{"loc":{"start":{"line":2,"column":265},"end":{"line":2,"column":311}},"type":"cond-expr","locations":[{"start":{"line":2,"column":289},"end":{"line":2,"column":292}},{"start":{"line":2,"column":295},"end":{"line":2,"column":311}}],"line":2},"1":{"loc":{"start":{"line":2,"column":265},"end":{"line":2,"column":286}},"type":"binary-expr","locations":[{"start":{"line":2,"column":265},"end":{"line":2,"column":268}},{"start":{"line":2,"column":272},"end":{"line":2,"column":286}}],"line":2}},"s":{"0":1,"1":1,"2":1,"3":1,"4":1,"5":1,"6":2,"7":1,"8":1,"9":1,"10":1,"11":1},"f":{"0":2,"1":1},"b":{"0":[1,1],"1":[2,2]},"inputSourceMap":null,"_coverageSchema":"1a1c01bbd47fc00a2c39e90264f33305004495a9","hash":"5591b0cd795931a6d7601e89723c7f86f5d6967d"}
,"C:\\Users\\gupta\\OneDrive\\Desktop\\Sagar Workspace\\Projects\\Native\\Registration\\src\\Screens\\SignUpScreen.js": {"path":"C:\\Users\\gupta\\OneDrive\\Desktop\\Sagar Workspace\\Projects\\Native\\Registration\\src\\Screens\\SignUpScreen.js","statementMap":{"0":{"start":{"line":1,"column":13},"end":{"line":1,"column":75}},"1":{"start":{"line":1,"column":75},"end":{"line":1,"column":100}},"2":{"start":{"line":1,"column":113},"end":{"line":1,"column":153}},"3":{"start":{"line":2,"column":14},"end":{"line":2,"column":69}},"4":{"start":{"line":2,"column":82},"end":{"line":2,"column":86}},"5":{"start":{"line":2,"column":102},"end":{"line":2,"column":219}},"6":{"start":{"line":2,"column":258},"end":{"line":2,"column":312}},"7":{"start":{"line":4,"column":19},"end":{"line":8,"column":1}},"8":{"start":{"line":4,"column":65},"end":{"line":4,"column":80}},"9":{"start":{"line":5,"column":2},"end":{"line":6,"column":164}},"10":{"start":{"line":10,"column":0},"end":{"line":10,"column":12}},"11":{"start":{"line":10,"column":13},"end":{"line":10,"column":40}}},"fnMap":{"0":{"name":"_interopRequireDefault","decl":{"start":{"line":2,"column":229},"end":{"line":2,"column":251}},"loc":{"start":{"line":2,"column":257},"end":{"line":2,"column":313}},"line":2},"1":{"name":"SignUpScreen","decl":{"start":{"line":4,"column":28},"end":{"line":4,"column":40}},"loc":{"start":{"line":4,"column":47},"end":{"line":8,"column":1}},"line":4}},"branchMap":{"0":{"loc":{"start":{"line":2,"column":265},"end":{"line":2,"column":311}},"type":"cond-expr","locations":[{"start":{"line":2,"column":289},"end":{"line":2,"column":292}},{"start":{"line":2,"column":295},"end":{"line":2,"column":311}}],"line":2},"1":{"loc":{"start":{"line":2,"column":265},"end":{"line":2,"column":286}},"type":"binary-expr","locations":[{"start":{"line":2,"column":265},"end":{"line":2,"column":268}},{"start":{"line":2,"column":272},"end":{"line":2,"column":286}}],"line":2}},"s":{"0":1,"1":1,"2":1,"3":1,"4":1,"5":1,"6":2,"7":1,"8":1,"9":1,"10":1,"11":1},"f":{"0":2,"1":1},"b":{"0":[1,1],"1":[2,2]},"inputSourceMap":null,"_coverageSchema":"1a1c01bbd47fc00a2c39e90264f33305004495a9","hash":"9ed2246a0c545749492b8803dc5be9749c291d41"}
,"C:\\Users\\gupta\\OneDrive\\Desktop\\Sagar Workspace\\Projects\\Native\\Registration\\src\\Styles\\GlobalCss.js": {"path":"C:\\Users\\gupta\\OneDrive\\Desktop\\Sagar Workspace\\Projects\\Native\\Registration\\src\\Styles\\GlobalCss.js","statementMap":{"0":{"start":{"line":1,"column":13},"end":{"line":1,"column":75}},"1":{"start":{"line":1,"column":75},"end":{"line":1,"column":100}},"2":{"start":{"line":1,"column":119},"end":{"line":1,"column":142}},"3":{"start":{"line":4,"column":0},"end":{"line":4,"column":37}},"4":{"start":{"line":4,"column":47},"end":{"line":4,"column":69}},"5":{"start":{"line":6,"column":16},"end":{"line":115,"column":20}},"6":{"start":{"line":119,"column":0},"end":{"line":119,"column":9}},"7":{"start":{"line":119,"column":10},"end":{"line":119,"column":37}}},"fnMap":{},"branchMap":{},"s":{"0":6,"1":6,"2":6,"3":6,"4":6,"5":6,"6":6,"7":6},"f":{},"b":{},"inputSourceMap":null,"_coverageSchema":"1a1c01bbd47fc00a2c39e90264f33305004495a9","hash":"4dd2108b29df764e7b18c24034e95f903e0d08f5"}
}
