{"C:\\Users\\gupta\\OneDrive\\Desktop\\Sagar Workspace\\Projects\\Native\\Registration\\Environment\\Firebase.js": {"path":"C:\\Users\\gupta\\OneDrive\\Desktop\\Sagar Workspace\\Projects\\Native\\Registration\\Environment\\Firebase.js","statementMap":{"0":{"start":{"line":1,"column":13},"end":{"line":1,"column":75}},"1":{"start":{"line":1,"column":75},"end":{"line":1,"column":100}},"2":{"start":{"line":1,"column":115},"end":{"line":1,"column":159}},"3":{"start":{"line":1,"column":197},"end":{"line":1,"column":244}},"4":{"start":{"line":1,"column":232},"end":{"line":1,"column":244}},"5":{"start":{"line":1,"column":256},"end":{"line":1,"column":269}},"6":{"start":{"line":1,"column":270},"end":{"line":1,"column":349}},"7":{"start":{"line":1,"column":334},"end":{"line":1,"column":347}},"8":{"start":{"line":1,"column":349},"end":{"line":1,"column":362}},"9":{"start":{"line":1,"column":402},"end":{"line":1,"column":442}},"10":{"start":{"line":1,"column":430},"end":{"line":1,"column":441}},"11":{"start":{"line":1,"column":442},"end":{"line":1,"column":542}},"12":{"start":{"line":1,"column":517},"end":{"line":1,"column":541}},"13":{"start":{"line":1,"column":554},"end":{"line":1,"column":580}},"14":{"start":{"line":1,"column":581},"end":{"line":1,"column":634}},"15":{"start":{"line":1,"column":611},"end":{"line":1,"column":633}},"16":{"start":{"line":1,"column":647},"end":{"line":1,"column":649}},"17":{"start":{"line":1,"column":678},"end":{"line":1,"column":734}},"18":{"start":{"line":1,"column":735},"end":{"line":1,"column":1006}},"19":{"start":{"line":1,"column":757},"end":{"line":1,"column":1005}},"20":{"start":{"line":1,"column":821},"end":{"line":1,"column":893}},"21":{"start":{"line":1,"column":894},"end":{"line":1,"column":1004}},"22":{"start":{"line":1,"column":931},"end":{"line":1,"column":972}},"23":{"start":{"line":1,"column":980},"end":{"line":1,"column":1003}},"24":{"start":{"line":1,"column":1006},"end":{"line":1,"column":1027}},"25":{"start":{"line":1,"column":1027},"end":{"line":1,"column":1063}},"26":{"start":{"line":1,"column":1039},"end":{"line":1,"column":1062}},"27":{"start":{"line":1,"column":1063},"end":{"line":1,"column":1077}},"28":{"start":{"line":4,"column":21},"end":{"line":11,"column":33}},"29":{"start":{"line":14,"column":15},"end":{"line":14,"column":53}},"30":{"start":{"line":16,"column":0},"end":{"line":16,"column":8}},"31":{"start":{"line":16,"column":9},"end":{"line":16,"column":36}}},"fnMap":{"0":{"name":"_getRequireWildcardCache","decl":{"start":{"line":1,"column":169},"end":{"line":1,"column":193}},"loc":{"start":{"line":1,"column":196},"end":{"line":1,"column":363}},"line":1},"1":{"name":"_getRequireWildcardCache","decl":{"start":{"line":1,"column":306},"end":{"line":1,"column":330}},"loc":{"start":{"line":1,"column":333},"end":{"line":1,"column":348}},"line":1},"2":{"name":"_interopRequireWildcard","decl":{"start":{"line":1,"column":372},"end":{"line":1,"column":395}},"loc":{"start":{"line":1,"column":401},"end":{"line":1,"column":1078}},"line":1}},"branchMap":{"0":{"loc":{"start":{"line":1,"column":197},"end":{"line":1,"column":244}},"type":"if","locations":[{"start":{"line":1,"column":197},"end":{"line":1,"column":244}},{"start":{"line":1,"column":197},"end":{"line":1,"column":244}}],"line":1},"1":{"loc":{"start":{"line":1,"column":402},"end":{"line":1,"column":442}},"type":"if","locations":[{"start":{"line":1,"column":402},"end":{"line":1,"column":442}},{"start":{"line":1,"column":402},"end":{"line":1,"column":442}}],"line":1},"2":{"loc":{"start":{"line":1,"column":406},"end":{"line":1,"column":427}},"type":"binary-expr","locations":[{"start":{"line":1,"column":406},"end":{"line":1,"column":409}},{"start":{"line":1,"column":413},"end":{"line":1,"column":427}}],"line":1},"3":{"loc":{"start":{"line":1,"column":442},"end":{"line":1,"column":542}},"type":"if","locations":[{"start":{"line":1,"column":442},"end":{"line":1,"column":542}},{"start":{"line":1,"column":442},"end":{"line":1,"column":542}}],"line":1},"4":{"loc":{"start":{"line":1,"column":446},"end":{"line":1,"column":514}},"type":"binary-expr","locations":[{"start":{"line":1,"column":446},"end":{"line":1,"column":458}},{"start":{"line":1,"column":462},"end":{"line":1,"column":485}},{"start":{"line":1,"column":489},"end":{"line":1,"column":514}}],"line":1},"5":{"loc":{"start":{"line":1,"column":581},"end":{"line":1,"column":634}},"type":"if","locations":[{"start":{"line":1,"column":581},"end":{"line":1,"column":634}},{"start":{"line":1,"column":581},"end":{"line":1,"column":634}}],"line":1},"6":{"loc":{"start":{"line":1,"column":585},"end":{"line":1,"column":608}},"type":"binary-expr","locations":[{"start":{"line":1,"column":585},"end":{"line":1,"column":590}},{"start":{"line":1,"column":594},"end":{"line":1,"column":608}}],"line":1},"7":{"loc":{"start":{"line":1,"column":678},"end":{"line":1,"column":734}},"type":"binary-expr","locations":[{"start":{"line":1,"column":678},"end":{"line":1,"column":699}},{"start":{"line":1,"column":703},"end":{"line":1,"column":734}}],"line":1},"8":{"loc":{"start":{"line":1,"column":757},"end":{"line":1,"column":1005}},"type":"if","locations":[{"start":{"line":1,"column":757},"end":{"line":1,"column":1005}},{"start":{"line":1,"column":757},"end":{"line":1,"column":1005}}],"line":1},"9":{"loc":{"start":{"line":1,"column":821},"end":{"line":1,"column":893}},"type":"cond-expr","locations":[{"start":{"line":1,"column":845},"end":{"line":1,"column":886}},{"start":{"line":1,"column":889},"end":{"line":1,"column":893}}],"line":1},"10":{"loc":{"start":{"line":1,"column":894},"end":{"line":1,"column":1004}},"type":"if","locations":[{"start":{"line":1,"column":894},"end":{"line":1,"column":1004}},{"start":{"line":1,"column":894},"end":{"line":1,"column":1004}}],"line":1},"11":{"loc":{"start":{"line":1,"column":898},"end":{"line":1,"column":928}},"type":"binary-expr","locations":[{"start":{"line":1,"column":898},"end":{"line":1,"column":902}},{"start":{"line":1,"column":907},"end":{"line":1,"column":915}},{"start":{"line":1,"column":919},"end":{"line":1,"column":927}}],"line":1},"12":{"loc":{"start":{"line":1,"column":1027},"end":{"line":1,"column":1063}},"type":"if","locations":[{"start":{"line":1,"column":1027},"end":{"line":1,"column":1063}},{"start":{"line":1,"column":1027},"end":{"line":1,"column":1063}}],"line":1}},"s":{"0":6,"1":6,"2":6,"3":0,"4":0,"5":0,"6":0,"7":0,"8":0,"9":6,"10":6,"11":0,"12":0,"13":0,"14":0,"15":0,"16":0,"17":0,"18":0,"19":0,"20":0,"21":0,"22":0,"23":0,"24":0,"25":0,"26":0,"27":0,"28":6,"29":6,"30":6,"31":6},"f":{"0":0,"1":0,"2":6},"b":{"0":[0,0],"1":[6,0],"2":[6,6],"3":[0,0],"4":[0,0,0],"5":[0,0],"6":[0,0],"7":[0,0],"8":[0,0],"9":[0,0],"10":[0,0],"11":[0,0,0],"12":[0,0]},"inputSourceMap":null,"_coverageSchema":"1a1c01bbd47fc00a2c39e90264f33305004495a9","hash":"c0462cf9930e47d819473f79a21d5fac4cf51505"}
,"C:\\Users\\gupta\\OneDrive\\Desktop\\Sagar Workspace\\Projects\\Native\\Registration\\Service\\UserServices.js": {"path":"C:\\Users\\gupta\\OneDrive\\Desktop\\Sagar Workspace\\Projects\\Native\\Registration\\Service\\UserServices.js","statementMap":{"0":{"start":{"line":1,"column":13},"end":{"line":1,"column":75}},"1":{"start":{"line":1,"column":75},"end":{"line":1,"column":100}},"2":{"start":{"line":1,"column":116},"end":{"line":1,"column":174}},"3":{"start":{"line":1,"column":213},"end":{"line":1,"column":267}},"4":{"start":{"line":1,"column":317},"end":{"line":1,"column":416}},"5":{"start":{"line":1,"column":358},"end":{"line":1,"column":415}},"6":{"start":{"line":3,"column":15},"end":{"line":56,"column":5}},"7":{"start":{"line":3,"column":40},"end":{"line":3,"column":76}},"8":{"start":{"line":3,"column":76},"end":{"line":19,"column":4}},"9":{"start":{"line":6,"column":4},"end":{"line":18,"column":7}},"10":{"start":{"line":7,"column":6},"end":{"line":17,"column":9}},"11":{"start":{"line":8,"column":28},"end":{"line":8,"column":49}},"12":{"start":{"line":10,"column":8},"end":{"line":12,"column":9}},"13":{"start":{"line":11,"column":10},"end":{"line":11,"column":40}},"14":{"start":{"line":13,"column":8},"end":{"line":15,"column":9}},"15":{"start":{"line":14,"column":10},"end":{"line":14,"column":39}},"16":{"start":{"line":16,"column":8},"end":{"line":16,"column":27}},"17":{"start":{"line":19,"column":4},"end":{"line":35,"column":4}},"18":{"start":{"line":22,"column":4},"end":{"line":34,"column":7}},"19":{"start":{"line":23,"column":6},"end":{"line":33,"column":9}},"20":{"start":{"line":24,"column":28},"end":{"line":24,"column":49}},"21":{"start":{"line":26,"column":8},"end":{"line":28,"column":9}},"22":{"start":{"line":27,"column":10},"end":{"line":27,"column":36}},"23":{"start":{"line":29,"column":8},"end":{"line":31,"column":9}},"24":{"start":{"line":30,"column":10},"end":{"line":30,"column":39}},"25":{"start":{"line":32,"column":8},"end":{"line":32,"column":27}},"26":{"start":{"line":35,"column":4},"end":{"line":48,"column":4}},"27":{"start":{"line":38,"column":4},"end":{"line":47,"column":7}},"28":{"start":{"line":39,"column":6},"end":{"line":46,"column":9}},"29":{"start":{"line":40,"column":28},"end":{"line":40,"column":49}},"30":{"start":{"line":42,"column":8},"end":{"line":44,"column":9}},"31":{"start":{"line":43,"column":10},"end":{"line":43,"column":36}},"32":{"start":{"line":45,"column":8},"end":{"line":45,"column":27}},"33":{"start":{"line":48,"column":4},"end":{"line":56,"column":4}},"34":{"start":{"line":51,"column":4},"end":{"line":54,"column":42}},"35":{"start":{"line":60,"column":0},"end":{"line":60,"column":18}},"36":{"start":{"line":60,"column":19},"end":{"line":60,"column":46}}},"fnMap":{"0":{"name":"_interopRequireDefault","decl":{"start":{"line":1,"column":184},"end":{"line":1,"column":206}},"loc":{"start":{"line":1,"column":212},"end":{"line":1,"column":268}},"line":1},"1":{"name":"_classCallCheck","decl":{"start":{"line":1,"column":277},"end":{"line":1,"column":292}},"loc":{"start":{"line":1,"column":316},"end":{"line":1,"column":417}},"line":1},"2":{"name":"UserServices","decl":{"start":{"line":3,"column":24},"end":{"line":3,"column":36}},"loc":{"start":{"line":3,"column":39},"end":{"line":56,"column":5}},"line":3},"3":{"name":"(anonymous_3)","decl":{"start":{"line":5,"column":11},"end":{"line":5,"column":12}},"loc":{"start":{"line":5,"column":38},"end":{"line":19,"column":3}},"line":5},"4":{"name":"(anonymous_4)","decl":{"start":{"line":6,"column":23},"end":{"line":6,"column":24}},"loc":{"start":{"line":6,"column":50},"end":{"line":18,"column":5}},"line":6},"5":{"name":"(anonymous_5)","decl":{"start":{"line":8,"column":11},"end":{"line":8,"column":12}},"loc":{"start":{"line":8,"column":27},"end":{"line":8,"column":50}},"line":8},"6":{"name":"(anonymous_6)","decl":{"start":{"line":9,"column":12},"end":{"line":9,"column":13}},"loc":{"start":{"line":9,"column":29},"end":{"line":17,"column":7}},"line":9},"7":{"name":"(anonymous_7)","decl":{"start":{"line":21,"column":11},"end":{"line":21,"column":12}},"loc":{"start":{"line":21,"column":38},"end":{"line":35,"column":3}},"line":21},"8":{"name":"(anonymous_8)","decl":{"start":{"line":22,"column":23},"end":{"line":22,"column":24}},"loc":{"start":{"line":22,"column":50},"end":{"line":34,"column":5}},"line":22},"9":{"name":"(anonymous_9)","decl":{"start":{"line":24,"column":11},"end":{"line":24,"column":12}},"loc":{"start":{"line":24,"column":27},"end":{"line":24,"column":50}},"line":24},"10":{"name":"(anonymous_10)","decl":{"start":{"line":25,"column":12},"end":{"line":25,"column":13}},"loc":{"start":{"line":25,"column":29},"end":{"line":33,"column":7}},"line":25},"11":{"name":"(anonymous_11)","decl":{"start":{"line":37,"column":19},"end":{"line":37,"column":20}},"loc":{"start":{"line":37,"column":36},"end":{"line":48,"column":3}},"line":37},"12":{"name":"(anonymous_12)","decl":{"start":{"line":38,"column":23},"end":{"line":38,"column":24}},"loc":{"start":{"line":38,"column":50},"end":{"line":47,"column":5}},"line":38},"13":{"name":"(anonymous_13)","decl":{"start":{"line":40,"column":11},"end":{"line":40,"column":12}},"loc":{"start":{"line":40,"column":27},"end":{"line":40,"column":50}},"line":40},"14":{"name":"(anonymous_14)","decl":{"start":{"line":41,"column":12},"end":{"line":41,"column":13}},"loc":{"start":{"line":41,"column":29},"end":{"line":46,"column":7}},"line":41},"15":{"name":"(anonymous_15)","decl":{"start":{"line":50,"column":29},"end":{"line":50,"column":30}},"loc":{"start":{"line":50,"column":76},"end":{"line":56,"column":3}},"line":50}},"branchMap":{"0":{"loc":{"start":{"line":1,"column":220},"end":{"line":1,"column":266}},"type":"cond-expr","locations":[{"start":{"line":1,"column":244},"end":{"line":1,"column":247}},{"start":{"line":1,"column":250},"end":{"line":1,"column":266}}],"line":1},"1":{"loc":{"start":{"line":1,"column":220},"end":{"line":1,"column":241}},"type":"binary-expr","locations":[{"start":{"line":1,"column":220},"end":{"line":1,"column":223}},{"start":{"line":1,"column":227},"end":{"line":1,"column":241}}],"line":1},"2":{"loc":{"start":{"line":1,"column":317},"end":{"line":1,"column":416}},"type":"if","locations":[{"start":{"line":1,"column":317},"end":{"line":1,"column":416}},{"start":{"line":1,"column":317},"end":{"line":1,"column":416}}],"line":1},"3":{"loc":{"start":{"line":10,"column":8},"end":{"line":12,"column":9}},"type":"if","locations":[{"start":{"line":10,"column":8},"end":{"line":12,"column":9}},{"start":{"line":10,"column":8},"end":{"line":12,"column":9}}],"line":10},"4":{"loc":{"start":{"line":13,"column":8},"end":{"line":15,"column":9}},"type":"if","locations":[{"start":{"line":13,"column":8},"end":{"line":15,"column":9}},{"start":{"line":13,"column":8},"end":{"line":15,"column":9}}],"line":13},"5":{"loc":{"start":{"line":26,"column":8},"end":{"line":28,"column":9}},"type":"if","locations":[{"start":{"line":26,"column":8},"end":{"line":28,"column":9}},{"start":{"line":26,"column":8},"end":{"line":28,"column":9}}],"line":26},"6":{"loc":{"start":{"line":29,"column":8},"end":{"line":31,"column":9}},"type":"if","locations":[{"start":{"line":29,"column":8},"end":{"line":31,"column":9}},{"start":{"line":29,"column":8},"end":{"line":31,"column":9}}],"line":29},"7":{"loc":{"start":{"line":42,"column":8},"end":{"line":44,"column":9}},"type":"if","locations":[{"start":{"line":42,"column":8},"end":{"line":44,"column":9}},{"start":{"line":42,"column":8},"end":{"line":44,"column":9}}],"line":42}},"s":{"0":6,"1":6,"2":6,"3":6,"4":6,"5":0,"6":6,"7":6,"8":6,"9":0,"10":0,"11":0,"12":0,"13":0,"14":0,"15":0,"16":0,"17":6,"18":0,"19":0,"20":0,"21":0,"22":0,"23":0,"24":0,"25":0,"26":6,"27":0,"28":0,"29":0,"30":0,"31":0,"32":0,"33":6,"34":0,"35":6,"36":6},"f":{"0":6,"1":6,"2":6,"3":0,"4":0,"5":0,"6":0,"7":0,"8":0,"9":0,"10":0,"11":0,"12":0,"13":0,"14":0,"15":0},"b":{"0":[6,0],"1":[6,6],"2":[0,6],"3":[0,0],"4":[0,0],"5":[0,0],"6":[0,0],"7":[0,0]},"inputSourceMap":null,"_coverageSchema":"1a1c01bbd47fc00a2c39e90264f33305004495a9","hash":"f1ece4839e1584cf86f8bc9f0b4ff359497a8501"}
,"C:\\Users\\gupta\\OneDrive\\Desktop\\Sagar Workspace\\Projects\\Native\\Registration\\Service\\UserSocialServices.js": {"path":"C:\\Users\\gupta\\OneDrive\\Desktop\\Sagar Workspace\\Projects\\Native\\Registration\\Service\\UserSocialServices.js","statementMap":{"0":{"start":{"line":1,"column":13},"end":{"line":1,"column":75}},"1":{"start":{"line":1,"column":75},"end":{"line":1,"column":100}},"2":{"start":{"line":1,"column":116},"end":{"line":1,"column":159}},"3":{"start":{"line":2,"column":16},"end":{"line":2,"column":74}},"4":{"start":{"line":3,"column":24},"end":{"line":3,"column":53}},"5":{"start":{"line":3,"column":92},"end":{"line":3,"column":146}},"6":{"start":{"line":3,"column":196},"end":{"line":3,"column":295}},"7":{"start":{"line":3,"column":237},"end":{"line":3,"column":294}},"8":{"start":{"line":5,"column":21},"end":{"line":36,"column":5}},"9":{"start":{"line":5,"column":52},"end":{"line":5,"column":94}},"10":{"start":{"line":5,"column":94},"end":{"line":28,"column":4}},"11":{"start":{"line":8,"column":4},"end":{"line":26,"column":94}},"12":{"start":{"line":8,"column":95},"end":{"line":26,"column":91}},"13":{"start":{"line":8,"column":156},"end":{"line":26,"column":61}},"14":{"start":{"line":8,"column":167},"end":{"line":26,"column":60}},"15":{"start":{"line":8,"column":214},"end":{"line":8,"column":232}},"16":{"start":{"line":8,"column":232},"end":{"line":9,"column":96}},"17":{"start":{"line":9,"column":103},"end":{"line":9,"column":126}},"18":{"start":{"line":10,"column":14},"end":{"line":12,"column":15}},"19":{"start":{"line":11,"column":16},"end":{"line":11,"column":46}},"20":{"start":{"line":12,"column":15},"end":{"line":12,"column":33}},"21":{"start":{"line":12,"column":33},"end":{"line":13,"column":69}},"22":{"start":{"line":13,"column":76},"end":{"line":13,"column":97}},"23":{"start":{"line":14,"column":14},"end":{"line":16,"column":15}},"24":{"start":{"line":15,"column":16},"end":{"line":15,"column":70}},"25":{"start":{"line":18,"column":14},"end":{"line":18,"column":110}},"26":{"start":{"line":19,"column":14},"end":{"line":26,"column":17}},"27":{"start":{"line":21,"column":16},"end":{"line":21,"column":44}},"28":{"start":{"line":22,"column":16},"end":{"line":22,"column":40}},"29":{"start":{"line":25,"column":16},"end":{"line":25,"column":35}},"30":{"start":{"line":26,"column":36},"end":{"line":26,"column":59}},"31":{"start":{"line":28,"column":4},"end":{"line":36,"column":4}},"32":{"start":{"line":31,"column":4},"end":{"line":34,"column":64}},"33":{"start":{"line":40,"column":0},"end":{"line":40,"column":24}},"34":{"start":{"line":40,"column":25},"end":{"line":40,"column":52}}},"fnMap":{"0":{"name":"_interopRequireDefault","decl":{"start":{"line":3,"column":63},"end":{"line":3,"column":85}},"loc":{"start":{"line":3,"column":91},"end":{"line":3,"column":147}},"line":3},"1":{"name":"_classCallCheck","decl":{"start":{"line":3,"column":156},"end":{"line":3,"column":171}},"loc":{"start":{"line":3,"column":195},"end":{"line":3,"column":296}},"line":3},"2":{"name":"UserSocialServices","decl":{"start":{"line":5,"column":30},"end":{"line":5,"column":48}},"loc":{"start":{"line":5,"column":51},"end":{"line":36,"column":5}},"line":5},"3":{"name":"(anonymous_3)","decl":{"start":{"line":7,"column":18},"end":{"line":7,"column":19}},"loc":{"start":{"line":7,"column":30},"end":{"line":28,"column":3}},"line":7},"4":{"name":"_callee","decl":{"start":{"line":8,"column":32},"end":{"line":8,"column":39}},"loc":{"start":{"line":8,"column":57},"end":{"line":26,"column":92}},"line":8},"5":{"name":"_callee$","decl":{"start":{"line":8,"column":136},"end":{"line":8,"column":144}},"loc":{"start":{"line":8,"column":155},"end":{"line":26,"column":62}},"line":8},"6":{"name":"(anonymous_6)","decl":{"start":{"line":20,"column":19},"end":{"line":20,"column":20}},"loc":{"start":{"line":20,"column":45},"end":{"line":23,"column":15}},"line":20},"7":{"name":"(anonymous_7)","decl":{"start":{"line":24,"column":20},"end":{"line":24,"column":21}},"loc":{"start":{"line":24,"column":37},"end":{"line":26,"column":15}},"line":24},"8":{"name":"(anonymous_8)","decl":{"start":{"line":30,"column":34},"end":{"line":30,"column":35}},"loc":{"start":{"line":30,"column":60},"end":{"line":36,"column":3}},"line":30}},"branchMap":{"0":{"loc":{"start":{"line":3,"column":99},"end":{"line":3,"column":145}},"type":"cond-expr","locations":[{"start":{"line":3,"column":123},"end":{"line":3,"column":126}},{"start":{"line":3,"column":129},"end":{"line":3,"column":145}}],"line":3},"1":{"loc":{"start":{"line":3,"column":99},"end":{"line":3,"column":120}},"type":"binary-expr","locations":[{"start":{"line":3,"column":99},"end":{"line":3,"column":102}},{"start":{"line":3,"column":106},"end":{"line":3,"column":120}}],"line":3},"2":{"loc":{"start":{"line":3,"column":196},"end":{"line":3,"column":295}},"type":"if","locations":[{"start":{"line":3,"column":196},"end":{"line":3,"column":295}},{"start":{"line":3,"column":196},"end":{"line":3,"column":295}}],"line":3},"3":{"loc":{"start":{"line":8,"column":167},"end":{"line":26,"column":60}},"type":"switch","locations":[{"start":{"line":8,"column":207},"end":{"line":9,"column":96}},{"start":{"line":9,"column":96},"end":{"line":13,"column":69}},{"start":{"line":13,"column":69},"end":{"line":26,"column":17}},{"start":{"line":26,"column":17},"end":{"line":26,"column":25}},{"start":{"line":26,"column":25},"end":{"line":26,"column":59}}],"line":8},"4":{"loc":{"start":{"line":10,"column":14},"end":{"line":12,"column":15}},"type":"if","locations":[{"start":{"line":10,"column":14},"end":{"line":12,"column":15}},{"start":{"line":10,"column":14},"end":{"line":12,"column":15}}],"line":10},"5":{"loc":{"start":{"line":14,"column":14},"end":{"line":16,"column":15}},"type":"if","locations":[{"start":{"line":14,"column":14},"end":{"line":16,"column":15}},{"start":{"line":14,"column":14},"end":{"line":16,"column":15}}],"line":14}},"s":{"0":2,"1":2,"2":2,"3":2,"4":2,"5":4,"6":2,"7":0,"8":2,"9":2,"10":2,"11":0,"12":0,"13":0,"14":0,"15":0,"16":0,"17":0,"18":0,"19":0,"20":0,"21":0,"22":0,"23":0,"24":0,"25":0,"26":0,"27":0,"28":0,"29":0,"30":0,"31":2,"32":0,"33":2,"34":2},"f":{"0":4,"1":2,"2":2,"3":0,"4":0,"5":0,"6":0,"7":0,"8":0},"b":{"0":[4,0],"1":[4,4],"2":[0,2],"3":[0,0,0,0,0],"4":[0,0],"5":[0,0]},"inputSourceMap":null,"_coverageSchema":"1a1c01bbd47fc00a2c39e90264f33305004495a9","hash":"ea74a903e1412481f64149c41ffa6879fbb17405"}
,"C:\\Users\\gupta\\OneDrive\\Desktop\\Sagar Workspace\\Projects\\Native\\Registration\\src\\Components\\Authentication\\ForgotPassword.js": {"path":"C:\\Users\\gupta\\OneDrive\\Desktop\\Sagar Workspace\\Projects\\Native\\Registration\\src\\Components\\Authentication\\ForgotPassword.js","statementMap":{"0":{"start":{"line":1,"column":13},"end":{"line":1,"column":75}},"1":{"start":{"line":1,"column":75},"end":{"line":1,"column":100}},"2":{"start":{"line":1,"column":113},"end":{"line":1,"column":153}},"3":{"start":{"line":2,"column":19},"end":{"line":2,"column":42}},"4":{"start":{"line":3,"column":17},"end":{"line":3,"column":76}},"5":{"start":{"line":4,"column":19},"end":{"line":4,"column":92}},"6":{"start":{"line":5,"column":17},"end":{"line":5,"column":74}},"7":{"start":{"line":6,"column":24},"end":{"line":6,"column":53}},"8":{"start":{"line":7,"column":20},"end":{"line":7,"column":84}},"9":{"start":{"line":7,"column":104},"end":{"line":7,"column":242}},"10":{"start":{"line":7,"column":280},"end":{"line":7,"column":327}},"11":{"start":{"line":7,"column":315},"end":{"line":7,"column":327}},"12":{"start":{"line":7,"column":339},"end":{"line":7,"column":352}},"13":{"start":{"line":7,"column":353},"end":{"line":7,"column":432}},"14":{"start":{"line":7,"column":417},"end":{"line":7,"column":430}},"15":{"start":{"line":7,"column":432},"end":{"line":7,"column":445}},"16":{"start":{"line":7,"column":485},"end":{"line":7,"column":525}},"17":{"start":{"line":7,"column":513},"end":{"line":7,"column":524}},"18":{"start":{"line":7,"column":525},"end":{"line":7,"column":625}},"19":{"start":{"line":7,"column":600},"end":{"line":7,"column":624}},"20":{"start":{"line":7,"column":637},"end":{"line":7,"column":663}},"21":{"start":{"line":7,"column":664},"end":{"line":7,"column":717}},"22":{"start":{"line":7,"column":694},"end":{"line":7,"column":716}},"23":{"start":{"line":7,"column":730},"end":{"line":7,"column":732}},"24":{"start":{"line":7,"column":761},"end":{"line":7,"column":817}},"25":{"start":{"line":7,"column":818},"end":{"line":7,"column":1089}},"26":{"start":{"line":7,"column":840},"end":{"line":7,"column":1088}},"27":{"start":{"line":7,"column":904},"end":{"line":7,"column":976}},"28":{"start":{"line":7,"column":977},"end":{"line":7,"column":1087}},"29":{"start":{"line":7,"column":1014},"end":{"line":7,"column":1055}},"30":{"start":{"line":7,"column":1063},"end":{"line":7,"column":1086}},"31":{"start":{"line":7,"column":1089},"end":{"line":7,"column":1110}},"32":{"start":{"line":7,"column":1110},"end":{"line":7,"column":1146}},"33":{"start":{"line":7,"column":1122},"end":{"line":7,"column":1145}},"34":{"start":{"line":7,"column":1146},"end":{"line":7,"column":1160}},"35":{"start":{"line":7,"column":1199},"end":{"line":7,"column":1253}},"36":{"start":{"line":7,"column":1303},"end":{"line":7,"column":1402}},"37":{"start":{"line":7,"column":1344},"end":{"line":7,"column":1401}},"38":{"start":{"line":7,"column":1446},"end":{"line":7,"column":1711}},"39":{"start":{"line":7,"column":1459},"end":{"line":7,"column":1460}},"40":{"start":{"line":7,"column":1503},"end":{"line":7,"column":1511}},"41":{"start":{"line":7,"column":1512},"end":{"line":7,"column":1567}},"42":{"start":{"line":7,"column":1567},"end":{"line":7,"column":1598}},"43":{"start":{"line":7,"column":1598},"end":{"line":7,"column":1652}},"44":{"start":{"line":7,"column":1625},"end":{"line":7,"column":1652}},"45":{"start":{"line":7,"column":1652},"end":{"line":7,"column":1710}},"46":{"start":{"line":7,"column":1773},"end":{"line":7,"column":1842}},"47":{"start":{"line":7,"column":1789},"end":{"line":7,"column":1842}},"48":{"start":{"line":7,"column":1842},"end":{"line":7,"column":1903}},"49":{"start":{"line":7,"column":1859},"end":{"line":7,"column":1903}},"50":{"start":{"line":7,"column":1903},"end":{"line":7,"column":1922}},"51":{"start":{"line":7,"column":1965},"end":{"line":7,"column":2102}},"52":{"start":{"line":7,"column":2027},"end":{"line":7,"column":2101}},"53":{"start":{"line":7,"column":2102},"end":{"line":7,"column":2247}},"54":{"start":{"line":7,"column":2247},"end":{"line":7,"column":2301}},"55":{"start":{"line":7,"column":2263},"end":{"line":7,"column":2301}},"56":{"start":{"line":7,"column":2334},"end":{"line":7,"column":2436}},"57":{"start":{"line":7,"column":2409},"end":{"line":7,"column":2425}},"58":{"start":{"line":7,"column":2425},"end":{"line":7,"column":2434}},"59":{"start":{"line":7,"column":2436},"end":{"line":7,"column":2465}},"60":{"start":{"line":7,"column":2530},"end":{"line":7,"column":2557}},"61":{"start":{"line":7,"column":2558},"end":{"line":7,"column":2877}},"62":{"start":{"line":7,"column":2610},"end":{"line":7,"column":2634}},"63":{"start":{"line":7,"column":2642},"end":{"line":7,"column":2827}},"64":{"start":{"line":7,"column":2690},"end":{"line":7,"column":2723}},"65":{"start":{"line":7,"column":2724},"end":{"line":7,"column":2780}},"66":{"start":{"line":7,"column":2788},"end":{"line":7,"column":2826}},"67":{"start":{"line":7,"column":2827},"end":{"line":7,"column":2875}},"68":{"start":{"line":7,"column":2927},"end":{"line":7,"column":3011}},"69":{"start":{"line":7,"column":2998},"end":{"line":7,"column":3010}},"70":{"start":{"line":7,"column":3011},"end":{"line":7,"column":3047}},"71":{"start":{"line":7,"column":3087},"end":{"line":7,"column":3196}},"72":{"start":{"line":7,"column":3109},"end":{"line":7,"column":3195}},"73":{"start":{"line":7,"column":3196},"end":{"line":7,"column":3208}},"74":{"start":{"line":7,"column":3247},"end":{"line":7,"column":3318}},"75":{"start":{"line":7,"column":3305},"end":{"line":7,"column":3318}},"76":{"start":{"line":7,"column":3318},"end":{"line":7,"column":3359}},"77":{"start":{"line":7,"column":3346},"end":{"line":7,"column":3359}},"78":{"start":{"line":7,"column":3359},"end":{"line":7,"column":3404}},"79":{"start":{"line":7,"column":3392},"end":{"line":7,"column":3404}},"80":{"start":{"line":7,"column":3404},"end":{"line":7,"column":3522}},"81":{"start":{"line":7,"column":3409},"end":{"line":7,"column":3483}},"82":{"start":{"line":7,"column":3483},"end":{"line":7,"column":3495}},"83":{"start":{"line":7,"column":3508},"end":{"line":7,"column":3521}},"84":{"start":{"line":7,"column":3552},"end":{"line":7,"column":3696}},"85":{"start":{"line":7,"column":3647},"end":{"line":7,"column":3694}},"86":{"start":{"line":7,"column":3696},"end":{"line":7,"column":3722}},"87":{"start":{"line":10,"column":17},"end":{"line":144,"column":59}},"88":{"start":{"line":10,"column":46},"end":{"line":10,"column":90}},"89":{"start":{"line":10,"column":103},"end":{"line":10,"column":131}},"90":{"start":{"line":12,"column":44},"end":{"line":12,"column":82}},"91":{"start":{"line":13,"column":4},"end":{"line":13,"column":37}},"92":{"start":{"line":13,"column":37},"end":{"line":29,"column":6}},"93":{"start":{"line":24,"column":6},"end":{"line":27,"column":29}},"94":{"start":{"line":29,"column":6},"end":{"line":56,"column":6}},"95":{"start":{"line":32,"column":16},"end":{"line":32,"column":35}},"96":{"start":{"line":33,"column":6},"end":{"line":54,"column":7}},"97":{"start":{"line":34,"column":8},"end":{"line":46,"column":11}},"98":{"start":{"line":36,"column":10},"end":{"line":37,"column":29}},"99":{"start":{"line":41,"column":10},"end":{"line":45,"column":11}},"100":{"start":{"line":42,"column":12},"end":{"line":43,"column":36}},"101":{"start":{"line":49,"column":8},"end":{"line":53,"column":9}},"102":{"start":{"line":50,"column":10},"end":{"line":51,"column":32}},"103":{"start":{"line":56,"column":6},"end":{"line":64,"column":6}},"104":{"start":{"line":59,"column":18},"end":{"line":59,"column":39}},"105":{"start":{"line":60,"column":6},"end":{"line":61,"column":26}},"106":{"start":{"line":64,"column":6},"end":{"line":70,"column":6}},"107":{"start":{"line":67,"column":16},"end":{"line":67,"column":35}},"108":{"start":{"line":68,"column":6},"end":{"line":68,"column":48}},"109":{"start":{"line":69,"column":6},"end":{"line":69,"column":16}},"110":{"start":{"line":70,"column":6},"end":{"line":70,"column":90}},"111":{"start":{"line":70,"column":90},"end":{"line":70,"column":103}},"112":{"start":{"line":70,"column":104},"end":{"line":144,"column":10}},"113":{"start":{"line":74,"column":6},"end":{"line":136,"column":202}},"114":{"start":{"line":77,"column":12},"end":{"line":77,"column":44}},"115":{"start":{"line":144,"column":10},"end":{"line":144,"column":32}},"116":{"start":{"line":147,"column":0},"end":{"line":147,"column":14}},"117":{"start":{"line":147,"column":15},"end":{"line":147,"column":42}}},"fnMap":{"0":{"name":"_getRequireWildcardCache","decl":{"start":{"line":7,"column":252},"end":{"line":7,"column":276}},"loc":{"start":{"line":7,"column":279},"end":{"line":7,"column":446}},"line":7},"1":{"name":"_getRequireWildcardCache","decl":{"start":{"line":7,"column":389},"end":{"line":7,"column":413}},"loc":{"start":{"line":7,"column":416},"end":{"line":7,"column":431}},"line":7},"2":{"name":"_interopRequireWildcard","decl":{"start":{"line":7,"column":455},"end":{"line":7,"column":478}},"loc":{"start":{"line":7,"column":484},"end":{"line":7,"column":1161}},"line":7},"3":{"name":"_interopRequireDefault","decl":{"start":{"line":7,"column":1170},"end":{"line":7,"column":1192}},"loc":{"start":{"line":7,"column":1198},"end":{"line":7,"column":1254}},"line":7},"4":{"name":"_classCallCheck","decl":{"start":{"line":7,"column":1263},"end":{"line":7,"column":1278}},"loc":{"start":{"line":7,"column":1302},"end":{"line":7,"column":1403}},"line":7},"5":{"name":"_defineProperties","decl":{"start":{"line":7,"column":1412},"end":{"line":7,"column":1429}},"loc":{"start":{"line":7,"column":1445},"end":{"line":7,"column":1712}},"line":7},"6":{"name":"_createClass","decl":{"start":{"line":7,"column":1721},"end":{"line":7,"column":1733}},"loc":{"start":{"line":7,"column":1772},"end":{"line":7,"column":1923}},"line":7},"7":{"name":"_inherits","decl":{"start":{"line":7,"column":1932},"end":{"line":7,"column":1941}},"loc":{"start":{"line":7,"column":1964},"end":{"line":7,"column":2302}},"line":7},"8":{"name":"_setPrototypeOf","decl":{"start":{"line":7,"column":2311},"end":{"line":7,"column":2326}},"loc":{"start":{"line":7,"column":2333},"end":{"line":7,"column":2466}},"line":7},"9":{"name":"_setPrototypeOf","decl":{"start":{"line":7,"column":2386},"end":{"line":7,"column":2401}},"loc":{"start":{"line":7,"column":2408},"end":{"line":7,"column":2435}},"line":7},"10":{"name":"_createSuper","decl":{"start":{"line":7,"column":2475},"end":{"line":7,"column":2487}},"loc":{"start":{"line":7,"column":2497},"end":{"line":7,"column":2878}},"line":7},"11":{"name":"_createSuperInternal","decl":{"start":{"line":7,"column":2574},"end":{"line":7,"column":2594}},"loc":{"start":{"line":7,"column":2597},"end":{"line":7,"column":2876}},"line":7},"12":{"name":"_possibleConstructorReturn","decl":{"start":{"line":7,"column":2887},"end":{"line":7,"column":2913}},"loc":{"start":{"line":7,"column":2926},"end":{"line":7,"column":3048}},"line":7},"13":{"name":"_assertThisInitialized","decl":{"start":{"line":7,"column":3057},"end":{"line":7,"column":3079}},"loc":{"start":{"line":7,"column":3086},"end":{"line":7,"column":3209}},"line":7},"14":{"name":"_isNativeReflectConstruct","decl":{"start":{"line":7,"column":3218},"end":{"line":7,"column":3243}},"loc":{"start":{"line":7,"column":3246},"end":{"line":7,"column":3523}},"line":7},"15":{"name":"(anonymous_15)","decl":{"start":{"line":7,"column":3466},"end":{"line":7,"column":3467}},"loc":{"start":{"line":7,"column":3478},"end":{"line":7,"column":3480}},"line":7},"16":{"name":"_getPrototypeOf","decl":{"start":{"line":7,"column":3532},"end":{"line":7,"column":3547}},"loc":{"start":{"line":7,"column":3551},"end":{"line":7,"column":3723}},"line":7},"17":{"name":"_getPrototypeOf","decl":{"start":{"line":7,"column":3627},"end":{"line":7,"column":3642}},"loc":{"start":{"line":7,"column":3646},"end":{"line":7,"column":3695}},"line":7},"18":{"name":"(anonymous_18)","decl":{"start":{"line":10,"column":17},"end":{"line":10,"column":18}},"loc":{"start":{"line":10,"column":45},"end":{"line":144,"column":33}},"line":10},"19":{"name":"ForgetPassword","decl":{"start":{"line":12,"column":11},"end":{"line":12,"column":25}},"loc":{"start":{"line":12,"column":33},"end":{"line":70,"column":104}},"line":12},"20":{"name":"(anonymous_20)","decl":{"start":{"line":23,"column":27},"end":{"line":23,"column":28}},"loc":{"start":{"line":23,"column":42},"end":{"line":29,"column":5}},"line":23},"21":{"name":"(anonymous_21)","decl":{"start":{"line":31,"column":27},"end":{"line":31,"column":28}},"loc":{"start":{"line":31,"column":39},"end":{"line":56,"column":5}},"line":31},"22":{"name":"(anonymous_22)","decl":{"start":{"line":35,"column":13},"end":{"line":35,"column":14}},"loc":{"start":{"line":35,"column":25},"end":{"line":39,"column":9}},"line":35},"23":{"name":"(anonymous_23)","decl":{"start":{"line":40,"column":14},"end":{"line":40,"column":15}},"loc":{"start":{"line":40,"column":31},"end":{"line":46,"column":9}},"line":40},"24":{"name":"(anonymous_24)","decl":{"start":{"line":58,"column":17},"end":{"line":58,"column":18}},"loc":{"start":{"line":58,"column":29},"end":{"line":64,"column":5}},"line":58},"25":{"name":"(anonymous_25)","decl":{"start":{"line":66,"column":25},"end":{"line":66,"column":26}},"loc":{"start":{"line":66,"column":37},"end":{"line":70,"column":5}},"line":66},"26":{"name":"render","decl":{"start":{"line":70,"column":167},"end":{"line":70,"column":173}},"loc":{"start":{"line":73,"column":4},"end":{"line":144,"column":5}},"line":73},"27":{"name":"onPress","decl":{"start":{"line":76,"column":96},"end":{"line":76,"column":103}},"loc":{"start":{"line":76,"column":106},"end":{"line":78,"column":11}},"line":76}},"branchMap":{"0":{"loc":{"start":{"line":7,"column":280},"end":{"line":7,"column":327}},"type":"if","locations":[{"start":{"line":7,"column":280},"end":{"line":7,"column":327}},{"start":{"line":7,"column":280},"end":{"line":7,"column":327}}],"line":7},"1":{"loc":{"start":{"line":7,"column":485},"end":{"line":7,"column":525}},"type":"if","locations":[{"start":{"line":7,"column":485},"end":{"line":7,"column":525}},{"start":{"line":7,"column":485},"end":{"line":7,"column":525}}],"line":7},"2":{"loc":{"start":{"line":7,"column":489},"end":{"line":7,"column":510}},"type":"binary-expr","locations":[{"start":{"line":7,"column":489},"end":{"line":7,"column":492}},{"start":{"line":7,"column":496},"end":{"line":7,"column":510}}],"line":7},"3":{"loc":{"start":{"line":7,"column":525},"end":{"line":7,"column":625}},"type":"if","locations":[{"start":{"line":7,"column":525},"end":{"line":7,"column":625}},{"start":{"line":7,"column":525},"end":{"line":7,"column":625}}],"line":7},"4":{"loc":{"start":{"line":7,"column":529},"end":{"line":7,"column":597}},"type":"binary-expr","locations":[{"start":{"line":7,"column":529},"end":{"line":7,"column":541}},{"start":{"line":7,"column":545},"end":{"line":7,"column":568}},{"start":{"line":7,"column":572},"end":{"line":7,"column":597}}],"line":7},"5":{"loc":{"start":{"line":7,"column":664},"end":{"line":7,"column":717}},"type":"if","locations":[{"start":{"line":7,"column":664},"end":{"line":7,"column":717}},{"start":{"line":7,"column":664},"end":{"line":7,"column":717}}],"line":7},"6":{"loc":{"start":{"line":7,"column":668},"end":{"line":7,"column":691}},"type":"binary-expr","locations":[{"start":{"line":7,"column":668},"end":{"line":7,"column":673}},{"start":{"line":7,"column":677},"end":{"line":7,"column":691}}],"line":7},"7":{"loc":{"start":{"line":7,"column":761},"end":{"line":7,"column":817}},"type":"binary-expr","locations":[{"start":{"line":7,"column":761},"end":{"line":7,"column":782}},{"start":{"line":7,"column":786},"end":{"line":7,"column":817}}],"line":7},"8":{"loc":{"start":{"line":7,"column":840},"end":{"line":7,"column":1088}},"type":"if","locations":[{"start":{"line":7,"column":840},"end":{"line":7,"column":1088}},{"start":{"line":7,"column":840},"end":{"line":7,"column":1088}}],"line":7},"9":{"loc":{"start":{"line":7,"column":904},"end":{"line":7,"column":976}},"type":"cond-expr","locations":[{"start":{"line":7,"column":928},"end":{"line":7,"column":969}},{"start":{"line":7,"column":972},"end":{"line":7,"column":976}}],"line":7},"10":{"loc":{"start":{"line":7,"column":977},"end":{"line":7,"column":1087}},"type":"if","locations":[{"start":{"line":7,"column":977},"end":{"line":7,"column":1087}},{"start":{"line":7,"column":977},"end":{"line":7,"column":1087}}],"line":7},"11":{"loc":{"start":{"line":7,"column":981},"end":{"line":7,"column":1011}},"type":"binary-expr","locations":[{"start":{"line":7,"column":981},"end":{"line":7,"column":985}},{"start":{"line":7,"column":990},"end":{"line":7,"column":998}},{"start":{"line":7,"column":1002},"end":{"line":7,"column":1010}}],"line":7},"12":{"loc":{"start":{"line":7,"column":1110},"end":{"line":7,"column":1146}},"type":"if","locations":[{"start":{"line":7,"column":1110},"end":{"line":7,"column":1146}},{"start":{"line":7,"column":1110},"end":{"line":7,"column":1146}}],"line":7},"13":{"loc":{"start":{"line":7,"column":1206},"end":{"line":7,"column":1252}},"type":"cond-expr","locations":[{"start":{"line":7,"column":1230},"end":{"line":7,"column":1233}},{"start":{"line":7,"column":1236},"end":{"line":7,"column":1252}}],"line":7},"14":{"loc":{"start":{"line":7,"column":1206},"end":{"line":7,"column":1227}},"type":"binary-expr","locations":[{"start":{"line":7,"column":1206},"end":{"line":7,"column":1209}},{"start":{"line":7,"column":1213},"end":{"line":7,"column":1227}}],"line":7},"15":{"loc":{"start":{"line":7,"column":1303},"end":{"line":7,"column":1402}},"type":"if","locations":[{"start":{"line":7,"column":1303},"end":{"line":7,"column":1402}},{"start":{"line":7,"column":1303},"end":{"line":7,"column":1402}}],"line":7},"16":{"loc":{"start":{"line":7,"column":1536},"end":{"line":7,"column":1566}},"type":"binary-expr","locations":[{"start":{"line":7,"column":1536},"end":{"line":7,"column":1557}},{"start":{"line":7,"column":1561},"end":{"line":7,"column":1566}}],"line":7},"17":{"loc":{"start":{"line":7,"column":1598},"end":{"line":7,"column":1652}},"type":"if","locations":[{"start":{"line":7,"column":1598},"end":{"line":7,"column":1652}},{"start":{"line":7,"column":1598},"end":{"line":7,"column":1652}}],"line":7},"18":{"loc":{"start":{"line":7,"column":1773},"end":{"line":7,"column":1842}},"type":"if","locations":[{"start":{"line":7,"column":1773},"end":{"line":7,"column":1842}},{"start":{"line":7,"column":1773},"end":{"line":7,"column":1842}}],"line":7},"19":{"loc":{"start":{"line":7,"column":1842},"end":{"line":7,"column":1903}},"type":"if","locations":[{"start":{"line":7,"column":1842},"end":{"line":7,"column":1903}},{"start":{"line":7,"column":1842},"end":{"line":7,"column":1903}}],"line":7},"20":{"loc":{"start":{"line":7,"column":1965},"end":{"line":7,"column":2102}},"type":"if","locations":[{"start":{"line":7,"column":1965},"end":{"line":7,"column":2102}},{"start":{"line":7,"column":1965},"end":{"line":7,"column":2102}}],"line":7},"21":{"loc":{"start":{"line":7,"column":1969},"end":{"line":7,"column":2024}},"type":"binary-expr","locations":[{"start":{"line":7,"column":1969},"end":{"line":7,"column":2001}},{"start":{"line":7,"column":2005},"end":{"line":7,"column":2024}}],"line":7},"22":{"loc":{"start":{"line":7,"column":2137},"end":{"line":7,"column":2171}},"type":"binary-expr","locations":[{"start":{"line":7,"column":2137},"end":{"line":7,"column":2147}},{"start":{"line":7,"column":2151},"end":{"line":7,"column":2171}}],"line":7},"23":{"loc":{"start":{"line":7,"column":2247},"end":{"line":7,"column":2301}},"type":"if","locations":[{"start":{"line":7,"column":2247},"end":{"line":7,"column":2301}},{"start":{"line":7,"column":2247},"end":{"line":7,"column":2301}}],"line":7},"24":{"loc":{"start":{"line":7,"column":2352},"end":{"line":7,"column":2435}},"type":"binary-expr","locations":[{"start":{"line":7,"column":2352},"end":{"line":7,"column":2373}},{"start":{"line":7,"column":2377},"end":{"line":7,"column":2435}}],"line":7},"25":{"loc":{"start":{"line":7,"column":2642},"end":{"line":7,"column":2827}},"type":"if","locations":[{"start":{"line":7,"column":2642},"end":{"line":7,"column":2827}},{"start":{"line":7,"column":2642},"end":{"line":7,"column":2827}}],"line":7},"26":{"loc":{"start":{"line":7,"column":2927},"end":{"line":7,"column":3011}},"type":"if","locations":[{"start":{"line":7,"column":2927},"end":{"line":7,"column":3011}},{"start":{"line":7,"column":2927},"end":{"line":7,"column":3011}}],"line":7},"27":{"loc":{"start":{"line":7,"column":2931},"end":{"line":7,"column":2995}},"type":"binary-expr","locations":[{"start":{"line":7,"column":2931},"end":{"line":7,"column":2935}},{"start":{"line":7,"column":2940},"end":{"line":7,"column":2964}},{"start":{"line":7,"column":2968},"end":{"line":7,"column":2994}}],"line":7},"28":{"loc":{"start":{"line":7,"column":3087},"end":{"line":7,"column":3196}},"type":"if","locations":[{"start":{"line":7,"column":3087},"end":{"line":7,"column":3196}},{"start":{"line":7,"column":3087},"end":{"line":7,"column":3196}}],"line":7},"29":{"loc":{"start":{"line":7,"column":3247},"end":{"line":7,"column":3318}},"type":"if","locations":[{"start":{"line":7,"column":3247},"end":{"line":7,"column":3318}},{"start":{"line":7,"column":3247},"end":{"line":7,"column":3318}}],"line":7},"30":{"loc":{"start":{"line":7,"column":3251},"end":{"line":7,"column":3303}},"type":"binary-expr","locations":[{"start":{"line":7,"column":3251},"end":{"line":7,"column":3281}},{"start":{"line":7,"column":3285},"end":{"line":7,"column":3303}}],"line":7},"31":{"loc":{"start":{"line":7,"column":3318},"end":{"line":7,"column":3359}},"type":"if","locations":[{"start":{"line":7,"column":3318},"end":{"line":7,"column":3359}},{"start":{"line":7,"column":3318},"end":{"line":7,"column":3359}}],"line":7},"32":{"loc":{"start":{"line":7,"column":3359},"end":{"line":7,"column":3404}},"type":"if","locations":[{"start":{"line":7,"column":3359},"end":{"line":7,"column":3404}},{"start":{"line":7,"column":3359},"end":{"line":7,"column":3404}}],"line":7},"33":{"loc":{"start":{"line":7,"column":3570},"end":{"line":7,"column":3695}},"type":"cond-expr","locations":[{"start":{"line":7,"column":3594},"end":{"line":7,"column":3615}},{"start":{"line":7,"column":3618},"end":{"line":7,"column":3695}}],"line":7},"34":{"loc":{"start":{"line":7,"column":3654},"end":{"line":7,"column":3693}},"type":"binary-expr","locations":[{"start":{"line":7,"column":3654},"end":{"line":7,"column":3665}},{"start":{"line":7,"column":3669},"end":{"line":7,"column":3693}}],"line":7},"35":{"loc":{"start":{"line":33,"column":6},"end":{"line":54,"column":7}},"type":"if","locations":[{"start":{"line":33,"column":6},"end":{"line":54,"column":7}},{"start":{"line":33,"column":6},"end":{"line":54,"column":7}}],"line":33},"36":{"loc":{"start":{"line":41,"column":10},"end":{"line":45,"column":11}},"type":"if","locations":[{"start":{"line":41,"column":10},"end":{"line":45,"column":11}},{"start":{"line":41,"column":10},"end":{"line":45,"column":11}}],"line":41},"37":{"loc":{"start":{"line":49,"column":8},"end":{"line":53,"column":9}},"type":"if","locations":[{"start":{"line":49,"column":8},"end":{"line":53,"column":9}},{"start":{"line":49,"column":8},"end":{"line":53,"column":9}}],"line":49},"38":{"loc":{"start":{"line":112,"column":8},"end":{"line":112,"column":99}},"type":"cond-expr","locations":[{"start":{"line":112,"column":32},"end":{"line":112,"column":44}},{"start":{"line":112,"column":47},"end":{"line":112,"column":99}}],"line":112},"39":{"loc":{"start":{"line":112,"column":47},"end":{"line":112,"column":99}},"type":"cond-expr","locations":[{"start":{"line":112,"column":73},"end":{"line":112,"column":92}},{"start":{"line":112,"column":95},"end":{"line":112,"column":99}}],"line":112}},"s":{"0":2,"1":2,"2":2,"3":2,"4":2,"5":2,"6":2,"7":2,"8":2,"9":2,"10":0,"11":0,"12":0,"13":0,"14":0,"15":0,"16":2,"17":2,"18":0,"19":0,"20":0,"21":0,"22":0,"23":0,"24":0,"25":0,"26":0,"27":0,"28":0,"29":0,"30":0,"31":0,"32":0,"33":0,"34":0,"35":8,"36":3,"37":0,"38":2,"39":2,"40":2,"41":2,"42":2,"43":2,"44":2,"45":2,"46":2,"47":2,"48":2,"49":0,"50":2,"51":2,"52":0,"53":2,"54":2,"55":2,"56":2,"57":0,"58":0,"59":2,"60":2,"61":2,"62":3,"63":3,"64":3,"65":3,"66":0,"67":3,"68":3,"69":3,"70":0,"71":0,"72":0,"73":0,"74":2,"75":0,"76":2,"77":0,"78":2,"79":2,"80":0,"81":0,"82":0,"83":0,"84":1,"85":0,"86":1,"87":2,"88":2,"89":2,"90":3,"91":3,"92":3,"93":1,"94":3,"95":1,"96":1,"97":0,"98":0,"99":0,"100":0,"101":1,"102":1,"103":3,"104":0,"105":0,"106":3,"107":0,"108":0,"109":0,"110":3,"111":3,"112":2,"113":5,"114":0,"115":2,"116":2,"117":2},"f":{"0":0,"1":0,"2":2,"3":8,"4":3,"5":2,"6":2,"7":2,"8":2,"9":0,"10":2,"11":3,"12":3,"13":0,"14":2,"15":0,"16":1,"17":0,"18":2,"19":3,"20":1,"21":1,"22":0,"23":0,"24":0,"25":0,"26":5,"27":0},"b":{"0":[0,0],"1":[2,0],"2":[2,2],"3":[0,0],"4":[0,0,0],"5":[0,0],"6":[0,0],"7":[0,0],"8":[0,0],"9":[0,0],"10":[0,0],"11":[0,0,0],"12":[0,0],"13":[6,2],"14":[8,8],"15":[0,3],"16":[2,2],"17":[2,0],"18":[2,0],"19":[0,2],"20":[0,2],"21":[2,0],"22":[2,2],"23":[2,0],"24":[2,0],"25":[3,0],"26":[3,0],"27":[3,3,0],"28":[0,0],"29":[0,2],"30":[2,2],"31":[0,2],"32":[2,0],"33":[1,0],"34":[0,0],"35":[0,1],"36":[0,0],"37":[1,0],"38":[1,4],"39":[0,4]},"inputSourceMap":null,"_coverageSchema":"1a1c01bbd47fc00a2c39e90264f33305004495a9","hash":"fcf7d4ea16caf6e00895dc19053c175b28e0f680"}
,"C:\\Users\\gupta\\OneDrive\\Desktop\\Sagar Workspace\\Projects\\Native\\Registration\\src\\Components\\Authentication\\SignIn.js": {"path":"C:\\Users\\gupta\\OneDrive\\Desktop\\Sagar Workspace\\Projects\\Native\\Registration\\src\\Components\\Authentication\\SignIn.js","statementMap":{"0":{"start":{"line":1,"column":13},"end":{"line":1,"column":75}},"1":{"start":{"line":1,"column":75},"end":{"line":1,"column":100}},"2":{"start":{"line":1,"column":113},"end":{"line":1,"column":153}},"3":{"start":{"line":2,"column":19},"end":{"line":2,"column":42}},"4":{"start":{"line":3,"column":17},"end":{"line":3,"column":76}},"5":{"start":{"line":4,"column":19},"end":{"line":4,"column":92}},"6":{"start":{"line":5,"column":15},"end":{"line":5,"column":83}},"7":{"start":{"line":6,"column":17},"end":{"line":6,"column":74}},"8":{"start":{"line":7,"column":20},"end":{"line":7,"column":84}},"9":{"start":{"line":8,"column":26},"end":{"line":8,"column":96}},"10":{"start":{"line":8,"column":116},"end":{"line":8,"column":246}},"11":{"start":{"line":8,"column":284},"end":{"line":8,"column":331}},"12":{"start":{"line":8,"column":319},"end":{"line":8,"column":331}},"13":{"start":{"line":8,"column":343},"end":{"line":8,"column":356}},"14":{"start":{"line":8,"column":357},"end":{"line":8,"column":436}},"15":{"start":{"line":8,"column":421},"end":{"line":8,"column":434}},"16":{"start":{"line":8,"column":436},"end":{"line":8,"column":449}},"17":{"start":{"line":8,"column":489},"end":{"line":8,"column":529}},"18":{"start":{"line":8,"column":517},"end":{"line":8,"column":528}},"19":{"start":{"line":8,"column":529},"end":{"line":8,"column":629}},"20":{"start":{"line":8,"column":604},"end":{"line":8,"column":628}},"21":{"start":{"line":8,"column":641},"end":{"line":8,"column":667}},"22":{"start":{"line":8,"column":668},"end":{"line":8,"column":721}},"23":{"start":{"line":8,"column":698},"end":{"line":8,"column":720}},"24":{"start":{"line":8,"column":734},"end":{"line":8,"column":736}},"25":{"start":{"line":8,"column":765},"end":{"line":8,"column":821}},"26":{"start":{"line":8,"column":822},"end":{"line":8,"column":1093}},"27":{"start":{"line":8,"column":844},"end":{"line":8,"column":1092}},"28":{"start":{"line":8,"column":908},"end":{"line":8,"column":980}},"29":{"start":{"line":8,"column":981},"end":{"line":8,"column":1091}},"30":{"start":{"line":8,"column":1018},"end":{"line":8,"column":1059}},"31":{"start":{"line":8,"column":1067},"end":{"line":8,"column":1090}},"32":{"start":{"line":8,"column":1093},"end":{"line":8,"column":1114}},"33":{"start":{"line":8,"column":1114},"end":{"line":8,"column":1150}},"34":{"start":{"line":8,"column":1126},"end":{"line":8,"column":1149}},"35":{"start":{"line":8,"column":1150},"end":{"line":8,"column":1164}},"36":{"start":{"line":8,"column":1203},"end":{"line":8,"column":1257}},"37":{"start":{"line":8,"column":1307},"end":{"line":8,"column":1406}},"38":{"start":{"line":8,"column":1348},"end":{"line":8,"column":1405}},"39":{"start":{"line":8,"column":1450},"end":{"line":8,"column":1715}},"40":{"start":{"line":8,"column":1463},"end":{"line":8,"column":1464}},"41":{"start":{"line":8,"column":1507},"end":{"line":8,"column":1515}},"42":{"start":{"line":8,"column":1516},"end":{"line":8,"column":1571}},"43":{"start":{"line":8,"column":1571},"end":{"line":8,"column":1602}},"44":{"start":{"line":8,"column":1602},"end":{"line":8,"column":1656}},"45":{"start":{"line":8,"column":1629},"end":{"line":8,"column":1656}},"46":{"start":{"line":8,"column":1656},"end":{"line":8,"column":1714}},"47":{"start":{"line":8,"column":1777},"end":{"line":8,"column":1846}},"48":{"start":{"line":8,"column":1793},"end":{"line":8,"column":1846}},"49":{"start":{"line":8,"column":1846},"end":{"line":8,"column":1907}},"50":{"start":{"line":8,"column":1863},"end":{"line":8,"column":1907}},"51":{"start":{"line":8,"column":1907},"end":{"line":8,"column":1926}},"52":{"start":{"line":8,"column":1969},"end":{"line":8,"column":2106}},"53":{"start":{"line":8,"column":2031},"end":{"line":8,"column":2105}},"54":{"start":{"line":8,"column":2106},"end":{"line":8,"column":2251}},"55":{"start":{"line":8,"column":2251},"end":{"line":8,"column":2305}},"56":{"start":{"line":8,"column":2267},"end":{"line":8,"column":2305}},"57":{"start":{"line":8,"column":2338},"end":{"line":8,"column":2440}},"58":{"start":{"line":8,"column":2413},"end":{"line":8,"column":2429}},"59":{"start":{"line":8,"column":2429},"end":{"line":8,"column":2438}},"60":{"start":{"line":8,"column":2440},"end":{"line":8,"column":2469}},"61":{"start":{"line":8,"column":2534},"end":{"line":8,"column":2561}},"62":{"start":{"line":8,"column":2562},"end":{"line":8,"column":2881}},"63":{"start":{"line":8,"column":2614},"end":{"line":8,"column":2638}},"64":{"start":{"line":8,"column":2646},"end":{"line":8,"column":2831}},"65":{"start":{"line":8,"column":2694},"end":{"line":8,"column":2727}},"66":{"start":{"line":8,"column":2728},"end":{"line":8,"column":2784}},"67":{"start":{"line":8,"column":2792},"end":{"line":8,"column":2830}},"68":{"start":{"line":8,"column":2831},"end":{"line":8,"column":2879}},"69":{"start":{"line":8,"column":2931},"end":{"line":8,"column":3015}},"70":{"start":{"line":8,"column":3002},"end":{"line":8,"column":3014}},"71":{"start":{"line":8,"column":3015},"end":{"line":8,"column":3051}},"72":{"start":{"line":8,"column":3091},"end":{"line":8,"column":3200}},"73":{"start":{"line":8,"column":3113},"end":{"line":8,"column":3199}},"74":{"start":{"line":8,"column":3200},"end":{"line":8,"column":3212}},"75":{"start":{"line":8,"column":3251},"end":{"line":8,"column":3322}},"76":{"start":{"line":8,"column":3309},"end":{"line":8,"column":3322}},"77":{"start":{"line":8,"column":3322},"end":{"line":8,"column":3363}},"78":{"start":{"line":8,"column":3350},"end":{"line":8,"column":3363}},"79":{"start":{"line":8,"column":3363},"end":{"line":8,"column":3408}},"80":{"start":{"line":8,"column":3396},"end":{"line":8,"column":3408}},"81":{"start":{"line":8,"column":3408},"end":{"line":8,"column":3526}},"82":{"start":{"line":8,"column":3413},"end":{"line":8,"column":3487}},"83":{"start":{"line":8,"column":3487},"end":{"line":8,"column":3499}},"84":{"start":{"line":8,"column":3512},"end":{"line":8,"column":3525}},"85":{"start":{"line":8,"column":3556},"end":{"line":8,"column":3700}},"86":{"start":{"line":8,"column":3651},"end":{"line":8,"column":3698}},"87":{"start":{"line":8,"column":3700},"end":{"line":8,"column":3726}},"88":{"start":{"line":11,"column":9},"end":{"line":233,"column":51}},"89":{"start":{"line":11,"column":38},"end":{"line":11,"column":74}},"90":{"start":{"line":11,"column":87},"end":{"line":11,"column":107}},"91":{"start":{"line":13,"column":36},"end":{"line":13,"column":66}},"92":{"start":{"line":14,"column":4},"end":{"line":14,"column":37}},"93":{"start":{"line":14,"column":37},"end":{"line":35,"column":6}},"94":{"start":{"line":29,"column":6},"end":{"line":33,"column":29}},"95":{"start":{"line":35,"column":6},"end":{"line":44,"column":6}},"96":{"start":{"line":38,"column":6},"end":{"line":42,"column":29}},"97":{"start":{"line":44,"column":6},"end":{"line":59,"column":6}},"98":{"start":{"line":47,"column":16},"end":{"line":47,"column":35}},"99":{"start":{"line":48,"column":6},"end":{"line":57,"column":7}},"100":{"start":{"line":49,"column":8},"end":{"line":50,"column":39}},"101":{"start":{"line":54,"column":8},"end":{"line":55,"column":38}},"102":{"start":{"line":58,"column":6},"end":{"line":58,"column":46}},"103":{"start":{"line":59,"column":6},"end":{"line":97,"column":6}},"104":{"start":{"line":62,"column":16},"end":{"line":62,"column":35}},"105":{"start":{"line":63,"column":6},"end":{"line":95,"column":7}},"106":{"start":{"line":65,"column":8},"end":{"line":82,"column":11}},"107":{"start":{"line":67,"column":10},"end":{"line":67,"column":32}},"108":{"start":{"line":68,"column":10},"end":{"line":68,"column":46}},"109":{"start":{"line":71,"column":10},"end":{"line":75,"column":11}},"110":{"start":{"line":72,"column":12},"end":{"line":73,"column":36}},"111":{"start":{"line":76,"column":10},"end":{"line":81,"column":11}},"112":{"start":{"line":77,"column":12},"end":{"line":78,"column":39}},"113":{"start":{"line":80,"column":12},"end":{"line":80,"column":46}},"114":{"start":{"line":85,"column":8},"end":{"line":89,"column":9}},"115":{"start":{"line":86,"column":10},"end":{"line":87,"column":32}},"116":{"start":{"line":90,"column":8},"end":{"line":94,"column":9}},"117":{"start":{"line":91,"column":10},"end":{"line":92,"column":35}},"118":{"start":{"line":97,"column":6},"end":{"line":103,"column":6}},"119":{"start":{"line":100,"column":16},"end":{"line":100,"column":35}},"120":{"start":{"line":101,"column":6},"end":{"line":101,"column":48}},"121":{"start":{"line":103,"column":6},"end":{"line":109,"column":6}},"122":{"start":{"line":106,"column":16},"end":{"line":106,"column":35}},"123":{"start":{"line":107,"column":6},"end":{"line":107,"column":56}},"124":{"start":{"line":109,"column":6},"end":{"line":120,"column":6}},"125":{"start":{"line":112,"column":6},"end":{"line":119,"column":9}},"126":{"start":{"line":114,"column":8},"end":{"line":114,"column":82}},"127":{"start":{"line":115,"column":8},"end":{"line":115,"column":44}},"128":{"start":{"line":118,"column":8},"end":{"line":118,"column":27}},"129":{"start":{"line":120,"column":6},"end":{"line":120,"column":160}},"130":{"start":{"line":120,"column":160},"end":{"line":120,"column":173}},"131":{"start":{"line":120,"column":174},"end":{"line":233,"column":10}},"132":{"start":{"line":123,"column":6},"end":{"line":226,"column":151}},"133":{"start":{"line":125,"column":12},"end":{"line":125,"column":44}},"134":{"start":{"line":233,"column":10},"end":{"line":233,"column":24}},"135":{"start":{"line":236,"column":0},"end":{"line":236,"column":6}},"136":{"start":{"line":236,"column":7},"end":{"line":236,"column":34}}},"fnMap":{"0":{"name":"_getRequireWildcardCache","decl":{"start":{"line":8,"column":256},"end":{"line":8,"column":280}},"loc":{"start":{"line":8,"column":283},"end":{"line":8,"column":450}},"line":8},"1":{"name":"_getRequireWildcardCache","decl":{"start":{"line":8,"column":393},"end":{"line":8,"column":417}},"loc":{"start":{"line":8,"column":420},"end":{"line":8,"column":435}},"line":8},"2":{"name":"_interopRequireWildcard","decl":{"start":{"line":8,"column":459},"end":{"line":8,"column":482}},"loc":{"start":{"line":8,"column":488},"end":{"line":8,"column":1165}},"line":8},"3":{"name":"_interopRequireDefault","decl":{"start":{"line":8,"column":1174},"end":{"line":8,"column":1196}},"loc":{"start":{"line":8,"column":1202},"end":{"line":8,"column":1258}},"line":8},"4":{"name":"_classCallCheck","decl":{"start":{"line":8,"column":1267},"end":{"line":8,"column":1282}},"loc":{"start":{"line":8,"column":1306},"end":{"line":8,"column":1407}},"line":8},"5":{"name":"_defineProperties","decl":{"start":{"line":8,"column":1416},"end":{"line":8,"column":1433}},"loc":{"start":{"line":8,"column":1449},"end":{"line":8,"column":1716}},"line":8},"6":{"name":"_createClass","decl":{"start":{"line":8,"column":1725},"end":{"line":8,"column":1737}},"loc":{"start":{"line":8,"column":1776},"end":{"line":8,"column":1927}},"line":8},"7":{"name":"_inherits","decl":{"start":{"line":8,"column":1936},"end":{"line":8,"column":1945}},"loc":{"start":{"line":8,"column":1968},"end":{"line":8,"column":2306}},"line":8},"8":{"name":"_setPrototypeOf","decl":{"start":{"line":8,"column":2315},"end":{"line":8,"column":2330}},"loc":{"start":{"line":8,"column":2337},"end":{"line":8,"column":2470}},"line":8},"9":{"name":"_setPrototypeOf","decl":{"start":{"line":8,"column":2390},"end":{"line":8,"column":2405}},"loc":{"start":{"line":8,"column":2412},"end":{"line":8,"column":2439}},"line":8},"10":{"name":"_createSuper","decl":{"start":{"line":8,"column":2479},"end":{"line":8,"column":2491}},"loc":{"start":{"line":8,"column":2501},"end":{"line":8,"column":2882}},"line":8},"11":{"name":"_createSuperInternal","decl":{"start":{"line":8,"column":2578},"end":{"line":8,"column":2598}},"loc":{"start":{"line":8,"column":2601},"end":{"line":8,"column":2880}},"line":8},"12":{"name":"_possibleConstructorReturn","decl":{"start":{"line":8,"column":2891},"end":{"line":8,"column":2917}},"loc":{"start":{"line":8,"column":2930},"end":{"line":8,"column":3052}},"line":8},"13":{"name":"_assertThisInitialized","decl":{"start":{"line":8,"column":3061},"end":{"line":8,"column":3083}},"loc":{"start":{"line":8,"column":3090},"end":{"line":8,"column":3213}},"line":8},"14":{"name":"_isNativeReflectConstruct","decl":{"start":{"line":8,"column":3222},"end":{"line":8,"column":3247}},"loc":{"start":{"line":8,"column":3250},"end":{"line":8,"column":3527}},"line":8},"15":{"name":"(anonymous_15)","decl":{"start":{"line":8,"column":3470},"end":{"line":8,"column":3471}},"loc":{"start":{"line":8,"column":3482},"end":{"line":8,"column":3484}},"line":8},"16":{"name":"_getPrototypeOf","decl":{"start":{"line":8,"column":3536},"end":{"line":8,"column":3551}},"loc":{"start":{"line":8,"column":3555},"end":{"line":8,"column":3727}},"line":8},"17":{"name":"_getPrototypeOf","decl":{"start":{"line":8,"column":3631},"end":{"line":8,"column":3646}},"loc":{"start":{"line":8,"column":3650},"end":{"line":8,"column":3699}},"line":8},"18":{"name":"(anonymous_18)","decl":{"start":{"line":11,"column":9},"end":{"line":11,"column":10}},"loc":{"start":{"line":11,"column":37},"end":{"line":233,"column":25}},"line":11},"19":{"name":"SignIn","decl":{"start":{"line":13,"column":11},"end":{"line":13,"column":17}},"loc":{"start":{"line":13,"column":25},"end":{"line":120,"column":174}},"line":13},"20":{"name":"(anonymous_20)","decl":{"start":{"line":28,"column":27},"end":{"line":28,"column":28}},"loc":{"start":{"line":28,"column":42},"end":{"line":35,"column":5}},"line":28},"21":{"name":"(anonymous_21)","decl":{"start":{"line":37,"column":30},"end":{"line":37,"column":31}},"loc":{"start":{"line":37,"column":45},"end":{"line":44,"column":5}},"line":37},"22":{"name":"(anonymous_22)","decl":{"start":{"line":46,"column":31},"end":{"line":46,"column":32}},"loc":{"start":{"line":46,"column":43},"end":{"line":59,"column":5}},"line":46},"23":{"name":"(anonymous_23)","decl":{"start":{"line":61,"column":20},"end":{"line":61,"column":21}},"loc":{"start":{"line":61,"column":32},"end":{"line":97,"column":5}},"line":61},"24":{"name":"(anonymous_24)","decl":{"start":{"line":66,"column":13},"end":{"line":66,"column":14}},"loc":{"start":{"line":66,"column":39},"end":{"line":69,"column":9}},"line":66},"25":{"name":"(anonymous_25)","decl":{"start":{"line":70,"column":14},"end":{"line":70,"column":15}},"loc":{"start":{"line":70,"column":31},"end":{"line":82,"column":9}},"line":70},"26":{"name":"(anonymous_26)","decl":{"start":{"line":99,"column":20},"end":{"line":99,"column":21}},"loc":{"start":{"line":99,"column":32},"end":{"line":103,"column":5}},"line":99},"27":{"name":"(anonymous_27)","decl":{"start":{"line":105,"column":28},"end":{"line":105,"column":29}},"loc":{"start":{"line":105,"column":40},"end":{"line":109,"column":5}},"line":105},"28":{"name":"(anonymous_28)","decl":{"start":{"line":111,"column":32},"end":{"line":111,"column":33}},"loc":{"start":{"line":111,"column":44},"end":{"line":120,"column":5}},"line":111},"29":{"name":"(anonymous_29)","decl":{"start":{"line":113,"column":11},"end":{"line":113,"column":12}},"loc":{"start":{"line":113,"column":37},"end":{"line":116,"column":7}},"line":113},"30":{"name":"(anonymous_30)","decl":{"start":{"line":117,"column":12},"end":{"line":117,"column":13}},"loc":{"start":{"line":117,"column":29},"end":{"line":119,"column":7}},"line":117},"31":{"name":"render","decl":{"start":{"line":120,"column":229},"end":{"line":120,"column":235}},"loc":{"start":{"line":122,"column":4},"end":{"line":233,"column":5}},"line":122},"32":{"name":"onPress","decl":{"start":{"line":124,"column":96},"end":{"line":124,"column":103}},"loc":{"start":{"line":124,"column":106},"end":{"line":126,"column":11}},"line":124}},"branchMap":{"0":{"loc":{"start":{"line":8,"column":284},"end":{"line":8,"column":331}},"type":"if","locations":[{"start":{"line":8,"column":284},"end":{"line":8,"column":331}},{"start":{"line":8,"column":284},"end":{"line":8,"column":331}}],"line":8},"1":{"loc":{"start":{"line":8,"column":489},"end":{"line":8,"column":529}},"type":"if","locations":[{"start":{"line":8,"column":489},"end":{"line":8,"column":529}},{"start":{"line":8,"column":489},"end":{"line":8,"column":529}}],"line":8},"2":{"loc":{"start":{"line":8,"column":493},"end":{"line":8,"column":514}},"type":"binary-expr","locations":[{"start":{"line":8,"column":493},"end":{"line":8,"column":496}},{"start":{"line":8,"column":500},"end":{"line":8,"column":514}}],"line":8},"3":{"loc":{"start":{"line":8,"column":529},"end":{"line":8,"column":629}},"type":"if","locations":[{"start":{"line":8,"column":529},"end":{"line":8,"column":629}},{"start":{"line":8,"column":529},"end":{"line":8,"column":629}}],"line":8},"4":{"loc":{"start":{"line":8,"column":533},"end":{"line":8,"column":601}},"type":"binary-expr","locations":[{"start":{"line":8,"column":533},"end":{"line":8,"column":545}},{"start":{"line":8,"column":549},"end":{"line":8,"column":572}},{"start":{"line":8,"column":576},"end":{"line":8,"column":601}}],"line":8},"5":{"loc":{"start":{"line":8,"column":668},"end":{"line":8,"column":721}},"type":"if","locations":[{"start":{"line":8,"column":668},"end":{"line":8,"column":721}},{"start":{"line":8,"column":668},"end":{"line":8,"column":721}}],"line":8},"6":{"loc":{"start":{"line":8,"column":672},"end":{"line":8,"column":695}},"type":"binary-expr","locations":[{"start":{"line":8,"column":672},"end":{"line":8,"column":677}},{"start":{"line":8,"column":681},"end":{"line":8,"column":695}}],"line":8},"7":{"loc":{"start":{"line":8,"column":765},"end":{"line":8,"column":821}},"type":"binary-expr","locations":[{"start":{"line":8,"column":765},"end":{"line":8,"column":786}},{"start":{"line":8,"column":790},"end":{"line":8,"column":821}}],"line":8},"8":{"loc":{"start":{"line":8,"column":844},"end":{"line":8,"column":1092}},"type":"if","locations":[{"start":{"line":8,"column":844},"end":{"line":8,"column":1092}},{"start":{"line":8,"column":844},"end":{"line":8,"column":1092}}],"line":8},"9":{"loc":{"start":{"line":8,"column":908},"end":{"line":8,"column":980}},"type":"cond-expr","locations":[{"start":{"line":8,"column":932},"end":{"line":8,"column":973}},{"start":{"line":8,"column":976},"end":{"line":8,"column":980}}],"line":8},"10":{"loc":{"start":{"line":8,"column":981},"end":{"line":8,"column":1091}},"type":"if","locations":[{"start":{"line":8,"column":981},"end":{"line":8,"column":1091}},{"start":{"line":8,"column":981},"end":{"line":8,"column":1091}}],"line":8},"11":{"loc":{"start":{"line":8,"column":985},"end":{"line":8,"column":1015}},"type":"binary-expr","locations":[{"start":{"line":8,"column":985},"end":{"line":8,"column":989}},{"start":{"line":8,"column":994},"end":{"line":8,"column":1002}},{"start":{"line":8,"column":1006},"end":{"line":8,"column":1014}}],"line":8},"12":{"loc":{"start":{"line":8,"column":1114},"end":{"line":8,"column":1150}},"type":"if","locations":[{"start":{"line":8,"column":1114},"end":{"line":8,"column":1150}},{"start":{"line":8,"column":1114},"end":{"line":8,"column":1150}}],"line":8},"13":{"loc":{"start":{"line":8,"column":1210},"end":{"line":8,"column":1256}},"type":"cond-expr","locations":[{"start":{"line":8,"column":1234},"end":{"line":8,"column":1237}},{"start":{"line":8,"column":1240},"end":{"line":8,"column":1256}}],"line":8},"14":{"loc":{"start":{"line":8,"column":1210},"end":{"line":8,"column":1231}},"type":"binary-expr","locations":[{"start":{"line":8,"column":1210},"end":{"line":8,"column":1213}},{"start":{"line":8,"column":1217},"end":{"line":8,"column":1231}}],"line":8},"15":{"loc":{"start":{"line":8,"column":1307},"end":{"line":8,"column":1406}},"type":"if","locations":[{"start":{"line":8,"column":1307},"end":{"line":8,"column":1406}},{"start":{"line":8,"column":1307},"end":{"line":8,"column":1406}}],"line":8},"16":{"loc":{"start":{"line":8,"column":1540},"end":{"line":8,"column":1570}},"type":"binary-expr","locations":[{"start":{"line":8,"column":1540},"end":{"line":8,"column":1561}},{"start":{"line":8,"column":1565},"end":{"line":8,"column":1570}}],"line":8},"17":{"loc":{"start":{"line":8,"column":1602},"end":{"line":8,"column":1656}},"type":"if","locations":[{"start":{"line":8,"column":1602},"end":{"line":8,"column":1656}},{"start":{"line":8,"column":1602},"end":{"line":8,"column":1656}}],"line":8},"18":{"loc":{"start":{"line":8,"column":1777},"end":{"line":8,"column":1846}},"type":"if","locations":[{"start":{"line":8,"column":1777},"end":{"line":8,"column":1846}},{"start":{"line":8,"column":1777},"end":{"line":8,"column":1846}}],"line":8},"19":{"loc":{"start":{"line":8,"column":1846},"end":{"line":8,"column":1907}},"type":"if","locations":[{"start":{"line":8,"column":1846},"end":{"line":8,"column":1907}},{"start":{"line":8,"column":1846},"end":{"line":8,"column":1907}}],"line":8},"20":{"loc":{"start":{"line":8,"column":1969},"end":{"line":8,"column":2106}},"type":"if","locations":[{"start":{"line":8,"column":1969},"end":{"line":8,"column":2106}},{"start":{"line":8,"column":1969},"end":{"line":8,"column":2106}}],"line":8},"21":{"loc":{"start":{"line":8,"column":1973},"end":{"line":8,"column":2028}},"type":"binary-expr","locations":[{"start":{"line":8,"column":1973},"end":{"line":8,"column":2005}},{"start":{"line":8,"column":2009},"end":{"line":8,"column":2028}}],"line":8},"22":{"loc":{"start":{"line":8,"column":2141},"end":{"line":8,"column":2175}},"type":"binary-expr","locations":[{"start":{"line":8,"column":2141},"end":{"line":8,"column":2151}},{"start":{"line":8,"column":2155},"end":{"line":8,"column":2175}}],"line":8},"23":{"loc":{"start":{"line":8,"column":2251},"end":{"line":8,"column":2305}},"type":"if","locations":[{"start":{"line":8,"column":2251},"end":{"line":8,"column":2305}},{"start":{"line":8,"column":2251},"end":{"line":8,"column":2305}}],"line":8},"24":{"loc":{"start":{"line":8,"column":2356},"end":{"line":8,"column":2439}},"type":"binary-expr","locations":[{"start":{"line":8,"column":2356},"end":{"line":8,"column":2377}},{"start":{"line":8,"column":2381},"end":{"line":8,"column":2439}}],"line":8},"25":{"loc":{"start":{"line":8,"column":2646},"end":{"line":8,"column":2831}},"type":"if","locations":[{"start":{"line":8,"column":2646},"end":{"line":8,"column":2831}},{"start":{"line":8,"column":2646},"end":{"line":8,"column":2831}}],"line":8},"26":{"loc":{"start":{"line":8,"column":2931},"end":{"line":8,"column":3015}},"type":"if","locations":[{"start":{"line":8,"column":2931},"end":{"line":8,"column":3015}},{"start":{"line":8,"column":2931},"end":{"line":8,"column":3015}}],"line":8},"27":{"loc":{"start":{"line":8,"column":2935},"end":{"line":8,"column":2999}},"type":"binary-expr","locations":[{"start":{"line":8,"column":2935},"end":{"line":8,"column":2939}},{"start":{"line":8,"column":2944},"end":{"line":8,"column":2968}},{"start":{"line":8,"column":2972},"end":{"line":8,"column":2998}}],"line":8},"28":{"loc":{"start":{"line":8,"column":3091},"end":{"line":8,"column":3200}},"type":"if","locations":[{"start":{"line":8,"column":3091},"end":{"line":8,"column":3200}},{"start":{"line":8,"column":3091},"end":{"line":8,"column":3200}}],"line":8},"29":{"loc":{"start":{"line":8,"column":3251},"end":{"line":8,"column":3322}},"type":"if","locations":[{"start":{"line":8,"column":3251},"end":{"line":8,"column":3322}},{"start":{"line":8,"column":3251},"end":{"line":8,"column":3322}}],"line":8},"30":{"loc":{"start":{"line":8,"column":3255},"end":{"line":8,"column":3307}},"type":"binary-expr","locations":[{"start":{"line":8,"column":3255},"end":{"line":8,"column":3285}},{"start":{"line":8,"column":3289},"end":{"line":8,"column":3307}}],"line":8},"31":{"loc":{"start":{"line":8,"column":3322},"end":{"line":8,"column":3363}},"type":"if","locations":[{"start":{"line":8,"column":3322},"end":{"line":8,"column":3363}},{"start":{"line":8,"column":3322},"end":{"line":8,"column":3363}}],"line":8},"32":{"loc":{"start":{"line":8,"column":3363},"end":{"line":8,"column":3408}},"type":"if","locations":[{"start":{"line":8,"column":3363},"end":{"line":8,"column":3408}},{"start":{"line":8,"column":3363},"end":{"line":8,"column":3408}}],"line":8},"33":{"loc":{"start":{"line":8,"column":3574},"end":{"line":8,"column":3699}},"type":"cond-expr","locations":[{"start":{"line":8,"column":3598},"end":{"line":8,"column":3619}},{"start":{"line":8,"column":3622},"end":{"line":8,"column":3699}}],"line":8},"34":{"loc":{"start":{"line":8,"column":3658},"end":{"line":8,"column":3697}},"type":"binary-expr","locations":[{"start":{"line":8,"column":3658},"end":{"line":8,"column":3669}},{"start":{"line":8,"column":3673},"end":{"line":8,"column":3697}}],"line":8},"35":{"loc":{"start":{"line":48,"column":6},"end":{"line":57,"column":7}},"type":"if","locations":[{"start":{"line":48,"column":6},"end":{"line":57,"column":7}},{"start":{"line":48,"column":6},"end":{"line":57,"column":7}}],"line":48},"36":{"loc":{"start":{"line":58,"column":6},"end":{"line":58,"column":45}},"type":"cond-expr","locations":[{"start":{"line":58,"column":29},"end":{"line":58,"column":33}},{"start":{"line":58,"column":36},"end":{"line":58,"column":45}}],"line":58},"37":{"loc":{"start":{"line":63,"column":6},"end":{"line":95,"column":7}},"type":"if","locations":[{"start":{"line":63,"column":6},"end":{"line":95,"column":7}},{"start":{"line":63,"column":6},"end":{"line":95,"column":7}}],"line":63},"38":{"loc":{"start":{"line":63,"column":10},"end":{"line":63,"column":63}},"type":"binary-expr","locations":[{"start":{"line":63,"column":10},"end":{"line":63,"column":33}},{"start":{"line":63,"column":37},"end":{"line":63,"column":63}}],"line":63},"39":{"loc":{"start":{"line":71,"column":10},"end":{"line":75,"column":11}},"type":"if","locations":[{"start":{"line":71,"column":10},"end":{"line":75,"column":11}},{"start":{"line":71,"column":10},"end":{"line":75,"column":11}}],"line":71},"40":{"loc":{"start":{"line":76,"column":10},"end":{"line":81,"column":11}},"type":"if","locations":[{"start":{"line":76,"column":10},"end":{"line":81,"column":11}},{"start":{"line":76,"column":10},"end":{"line":81,"column":11}}],"line":76},"41":{"loc":{"start":{"line":85,"column":8},"end":{"line":89,"column":9}},"type":"if","locations":[{"start":{"line":85,"column":8},"end":{"line":89,"column":9}},{"start":{"line":85,"column":8},"end":{"line":89,"column":9}}],"line":85},"42":{"loc":{"start":{"line":90,"column":8},"end":{"line":94,"column":9}},"type":"if","locations":[{"start":{"line":90,"column":8},"end":{"line":94,"column":9}},{"start":{"line":90,"column":8},"end":{"line":94,"column":9}}],"line":90},"43":{"loc":{"start":{"line":158,"column":8},"end":{"line":158,"column":99}},"type":"cond-expr","locations":[{"start":{"line":158,"column":32},"end":{"line":158,"column":44}},{"start":{"line":158,"column":47},"end":{"line":158,"column":99}}],"line":158},"44":{"loc":{"start":{"line":158,"column":47},"end":{"line":158,"column":99}},"type":"cond-expr","locations":[{"start":{"line":158,"column":73},"end":{"line":158,"column":92}},{"start":{"line":158,"column":95},"end":{"line":158,"column":99}}],"line":158},"45":{"loc":{"start":{"line":182,"column":8},"end":{"line":182,"column":106}},"type":"cond-expr","locations":[{"start":{"line":182,"column":35},"end":{"line":182,"column":47}},{"start":{"line":182,"column":50},"end":{"line":182,"column":106}}],"line":182},"46":{"loc":{"start":{"line":182,"column":50},"end":{"line":182,"column":106}},"type":"cond-expr","locations":[{"start":{"line":182,"column":79},"end":{"line":182,"column":99}},{"start":{"line":182,"column":102},"end":{"line":182,"column":106}}],"line":182}},"s":{"0":2,"1":2,"2":2,"3":2,"4":2,"5":2,"6":2,"7":2,"8":2,"9":2,"10":2,"11":0,"12":0,"13":0,"14":0,"15":0,"16":0,"17":2,"18":2,"19":0,"20":0,"21":0,"22":0,"23":0,"24":0,"25":0,"26":0,"27":0,"28":0,"29":0,"30":0,"31":0,"32":0,"33":0,"34":0,"35":0,"36":12,"37":6,"38":0,"39":2,"40":2,"41":2,"42":2,"43":2,"44":2,"45":2,"46":2,"47":2,"48":2,"49":2,"50":0,"51":2,"52":2,"53":0,"54":2,"55":2,"56":2,"57":2,"58":0,"59":0,"60":2,"61":2,"62":2,"63":6,"64":6,"65":6,"66":6,"67":0,"68":6,"69":6,"70":6,"71":0,"72":0,"73":0,"74":0,"75":2,"76":0,"77":2,"78":0,"79":2,"80":2,"81":0,"82":0,"83":0,"84":0,"85":1,"86":0,"87":1,"88":2,"89":2,"90":2,"91":6,"92":6,"93":6,"94":1,"95":6,"96":1,"97":6,"98":0,"99":0,"100":0,"101":0,"102":0,"103":6,"104":0,"105":0,"106":0,"107":0,"108":0,"109":0,"110":0,"111":0,"112":0,"113":0,"114":0,"115":0,"116":0,"117":0,"118":6,"119":1,"120":1,"121":6,"122":1,"123":1,"124":6,"125":0,"126":0,"127":0,"128":0,"129":6,"130":6,"131":2,"132":8,"133":0,"134":2,"135":2,"136":2},"f":{"0":0,"1":0,"2":2,"3":12,"4":6,"5":2,"6":2,"7":2,"8":2,"9":0,"10":2,"11":6,"12":6,"13":0,"14":2,"15":0,"16":1,"17":0,"18":2,"19":6,"20":1,"21":1,"22":0,"23":0,"24":0,"25":0,"26":1,"27":1,"28":0,"29":0,"30":0,"31":8,"32":0},"b":{"0":[0,0],"1":[2,0],"2":[2,2],"3":[0,0],"4":[0,0,0],"5":[0,0],"6":[0,0],"7":[0,0],"8":[0,0],"9":[0,0],"10":[0,0],"11":[0,0,0],"12":[0,0],"13":[10,2],"14":[12,12],"15":[0,6],"16":[2,2],"17":[2,0],"18":[2,0],"19":[0,2],"20":[0,2],"21":[2,0],"22":[2,2],"23":[2,0],"24":[2,0],"25":[6,0],"26":[6,0],"27":[6,6,0],"28":[0,0],"29":[0,2],"30":[2,2],"31":[0,2],"32":[2,0],"33":[1,0],"34":[0,0],"35":[0,0],"36":[0,0],"37":[0,0],"38":[0,0],"39":[0,0],"40":[0,0],"41":[0,0],"42":[0,0],"43":[0,8],"44":[0,8],"45":[0,8],"46":[0,8]},"inputSourceMap":null,"_coverageSchema":"1a1c01bbd47fc00a2c39e90264f33305004495a9","hash":"cc2211c773457c6805f1a0cf9585e73a239d4ba2"}
,"C:\\Users\\gupta\\OneDrive\\Desktop\\Sagar Workspace\\Projects\\Native\\Registration\\src\\Components\\Authentication\\SignUp.js": {"path":"C:\\Users\\gupta\\OneDrive\\Desktop\\Sagar Workspace\\Projects\\Native\\Registration\\src\\Components\\Authentication\\SignUp.js","statementMap":{"0":{"start":{"line":1,"column":13},"end":{"line":1,"column":75}},"1":{"start":{"line":1,"column":75},"end":{"line":1,"column":100}},"2":{"start":{"line":1,"column":113},"end":{"line":1,"column":154}},"3":{"start":{"line":2,"column":19},"end":{"line":2,"column":42}},"4":{"start":{"line":3,"column":17},"end":{"line":3,"column":76}},"5":{"start":{"line":4,"column":19},"end":{"line":4,"column":92}},"6":{"start":{"line":5,"column":15},"end":{"line":5,"column":83}},"7":{"start":{"line":6,"column":17},"end":{"line":6,"column":74}},"8":{"start":{"line":7,"column":20},"end":{"line":7,"column":84}},"9":{"start":{"line":8,"column":24},"end":{"line":8,"column":53}},"10":{"start":{"line":8,"column":73},"end":{"line":8,"column":203}},"11":{"start":{"line":8,"column":242},"end":{"line":8,"column":296}},"12":{"start":{"line":8,"column":334},"end":{"line":8,"column":381}},"13":{"start":{"line":8,"column":369},"end":{"line":8,"column":381}},"14":{"start":{"line":8,"column":393},"end":{"line":8,"column":406}},"15":{"start":{"line":8,"column":407},"end":{"line":8,"column":486}},"16":{"start":{"line":8,"column":471},"end":{"line":8,"column":484}},"17":{"start":{"line":8,"column":486},"end":{"line":8,"column":499}},"18":{"start":{"line":8,"column":539},"end":{"line":8,"column":579}},"19":{"start":{"line":8,"column":567},"end":{"line":8,"column":578}},"20":{"start":{"line":8,"column":579},"end":{"line":8,"column":679}},"21":{"start":{"line":8,"column":654},"end":{"line":8,"column":678}},"22":{"start":{"line":8,"column":691},"end":{"line":8,"column":717}},"23":{"start":{"line":8,"column":718},"end":{"line":8,"column":771}},"24":{"start":{"line":8,"column":748},"end":{"line":8,"column":770}},"25":{"start":{"line":8,"column":784},"end":{"line":8,"column":786}},"26":{"start":{"line":8,"column":815},"end":{"line":8,"column":871}},"27":{"start":{"line":8,"column":872},"end":{"line":8,"column":1143}},"28":{"start":{"line":8,"column":894},"end":{"line":8,"column":1142}},"29":{"start":{"line":8,"column":958},"end":{"line":8,"column":1030}},"30":{"start":{"line":8,"column":1031},"end":{"line":8,"column":1141}},"31":{"start":{"line":8,"column":1068},"end":{"line":8,"column":1109}},"32":{"start":{"line":8,"column":1117},"end":{"line":8,"column":1140}},"33":{"start":{"line":8,"column":1143},"end":{"line":8,"column":1164}},"34":{"start":{"line":8,"column":1164},"end":{"line":8,"column":1200}},"35":{"start":{"line":8,"column":1176},"end":{"line":8,"column":1199}},"36":{"start":{"line":8,"column":1200},"end":{"line":8,"column":1214}},"37":{"start":{"line":8,"column":1264},"end":{"line":8,"column":1363}},"38":{"start":{"line":8,"column":1305},"end":{"line":8,"column":1362}},"39":{"start":{"line":8,"column":1407},"end":{"line":8,"column":1672}},"40":{"start":{"line":8,"column":1420},"end":{"line":8,"column":1421}},"41":{"start":{"line":8,"column":1464},"end":{"line":8,"column":1472}},"42":{"start":{"line":8,"column":1473},"end":{"line":8,"column":1528}},"43":{"start":{"line":8,"column":1528},"end":{"line":8,"column":1559}},"44":{"start":{"line":8,"column":1559},"end":{"line":8,"column":1613}},"45":{"start":
[...]
,"locations":[{"start":{"line":8,"column":1930},"end":{"line":8,"column":1962}},{"start":{"line":8,"column":1966},"end":{"line":8,"column":1985}}],"line":8},"22":{"loc":{"start":{"line":8,"column":2098},"end":{"line":8,"column":2132}},"type":"binary-expr","locations":[{"start":{"line":8,"column":2098},"end":{"line":8,"column":2108}},{"start":{"line":8,"column":2112},"end":{"line":8,"column":2132}}],"line":8},"23":{"loc":{"start":{"line":8,"column":2208},"end":{"line":8,"column":2262}},"type":"if","locations":[{"start":{"line":8,"column":2208},"end":{"line":8,"column":2262}},{"start":{"line":8,"column":2208},"end":{"line":8,"column":2262}}],"line":8},"24":{"loc":{"start":{"line":8,"column":2313},"end":{"line":8,"column":2396}},"type":"binary-expr","locations":[{"start":{"line":8,"column":2313},"end":{"line":8,"column":2334}},{"start":{"line":8,"column":2338},"end":{"line":8,"column":2396}}],"line":8},"25":{"loc":{"start":{"line":8,"column":2603},"end":{"line":8,"column":2788}},"type":"if","locations":[{"start":{"line":8,"column":2603},"end":{"line":8,"column":2788}},{"start":{"line":8,"column":2603},"end":{"line":8,"column":2788}}],"line":8},"26":{"loc":{"start":{"line":8,"column":2888},"end":{"line":8,"column":2972}},"type":"if","locations":[{"start":{"line":8,"column":2888},"end":{"line":8,"column":2972}},{"start":{"line":8,"column":2888},"end":{"line":8,"column":2972}}],"line":8},"27":{"loc":{"start":{"line":8,"column":2892},"end":{"line":8,"column":2956}},"type":"binary-expr","locations":[{"start":{"line":8,"column":2892},"end":{"line":8,"column":2896}},{"start":{"line":8,"column":2901},"end":{"line":8,"column":2925}},{"start":{"line":8,"column":2929},"end":{"line":8,"column":2955}}],"line":8},"28":{"loc":{"start":{"line":8,"column":3048},"end":{"line":8,"column":3157}},"type":"if","locations":[{"start":{"line":8,"column":3048},"end":{"line":8,"column":3157}},{"start":{"line":8,"column":3048},"end":{"line":8,"column":3157}}],"line":8},"29":{"loc":{"start":{"line":8,"column":3208},"end":{"line":8,"column":3279}},"type":"if","locations":[{"start":{"line":8,"column":3208},"end":{"line":8,"column":3279}},{"start":{"line":8,"column":3208},"end":{"line":8,"column":3279}}],"line":8},"30":{"loc":{"start":{"line":8,"column":3212},"end":{"line":8,"column":3264}},"type":"binary-expr","locations":[{"start":{"line":8,"column":3212},"end":{"line":8,"column":3242}},{"start":{"line":8,"column":3246},"end":{"line":8,"column":3264}}],"line":8},"31":{"loc":{"start":{"line":8,"column":3279},"end":{"line":8,"column":3320}},"type":"if","locations":[{"start":{"line":8,"column":3279},"end":{"line":8,"column":3320}},{"start":{"line":8,"column":3279},"end":{"line":8,"column":3320}}],"line":8},"32":{"loc":{"start":{"line":8,"column":3320},"end":{"line":8,"column":3365}},"type":"if","locations":[{"start":{"line":8,"column":3320},"end":{"line":8,"column":3365}},{"start":{"line":8,"column":3320},"end":{"line":8,"column":3365}}],"line":8},"33":{"loc":{"start":{"line":8,"column":3531},"end":{"line":8,"column":3656}},"type":"cond-expr","locations":[{"start":{"line":8,"column":3555},"end":{"line":8,"column":3576}},{"start":{"line":8,"column":3579},"end":{"line":8,"column":3656}}],"line":8},"34":{"loc":{"start":{"line":8,"column":3615},"end":{"line":8,"column":3654}},"type":"binary-expr","locations":[{"start":{"line":8,"column":3615},"end":{"line":8,"column":3626}},{"start":{"line":8,"column":3630},"end":{"line":8,"column":3654}}],"line":8},"35":{"loc":{"start":{"line":69,"column":6},"end":{"line":78,"column":7}},"type":"if","locations":[{"start":{"line":69,"column":6},"end":{"line":78,"column":7}},{"start":{"line":69,"column":6},"end":{"line":78,"column":7}}],"line":69},"36":{"loc":{"start":{"line":83,"column":6},"end":{"line":92,"column":7}},"type":"if","locations":[{"start":{"line":83,"column":6},"end":{"line":92,"column":7}},{"start":{"line":83,"column":6},"end":{"line":92,"column":7}}],"line":83},"37":{"loc":{"start":{"line":97,"column":6},"end":{"line":106,"column":7}},"type":"if","locations":[{"start":{"line":97,"column":6},"end":{"line":106,"column":7}},{"start":{"line":97,"column":6},"end":{"line":106,"column":7}}],"line":97},"38":{"loc":{"start":{"line":111,"column":6},"end":{"line":120,"column":7}},"type":"if","locations":[{"start":{"line":111,"column":6},"end":{"line":120,"column":7}},{"start":{"line":111,"column":6},"end":{"line":120,"column":7}}],"line":111},"39":{"loc":{"start":{"line":123,"column":124},"end":{"line":165,"column":90}},"type":"switch","locations":[{"start":{"line":123,"column":164},"end":{"line":140,"column":42}},{"start":{"line":140,"column":42},"end":{"line":145,"column":41}},{"start":{"line":145,"column":41},"end":{"line":150,"column":40}},{"start":{"line":150,"column":40},"end":{"line":155,"column":37}},{"start":{"line":155,"column":37},"end":{"line":160,"column":40}},{"start":{"line":160,"column":40},"end":{"line":165,"column":47}},{"start":{"line":165,"column":47},"end":{"line":165,"column":55}},{"start":{"line":165,"column":55},"end":{"line":165,"column":89}}],"line":123},"40":{"loc":{"start":{"line":124,"column":44},"end":{"line":125,"column":157}},"type":"if","locations":[{"start":{"line":124,"column":44},"end":{"line":125,"column":157}},{"start":{"line":124,"column":44},"end":{"line":125,"column":157}}],"line":124},"41":{"loc":{"start":{"line":125,"column":14},"end":{"line":125,"column":128}},"type":"binary-expr","locations":[{"start":{"line":125,"column":14},"end":{"line":125,"column":41}},{"start":{"line":125,"column":45},"end":{"line":125,"column":71}},{"start":{"line":125,"column":75},"end":{"line":125,"column":98}},{"start":{"line":125,"column":102},"end":{"line":125,"column":128}}],"line":125},"42":{"loc":{"start":{"line":135,"column":16},"end":{"line":139,"column":17}},"type":"if","locations":[{"start":{"line":135,"column":16},"end":{"line":139,"column":17}},{"start":{"line":135,"column":16},"end":{"line":139,"column":17}}],"line":135},"43":{"loc":{"start":{"line":140,"column":49},"end":{"line":143,"column":70}},"type":"if","locations":[{"start":{"line":140,"column":49},"end":{"line":143,"column":70}},{"start":{"line":140,"column":49},"end":{"line":143,"column":70}}],"line":140},"44":{"loc":{"start":{"line":145,"column":48},"end":{"line":148,"column":70}},"type":"if","locations":[{"start":{"line":145,"column":48},"end":{"line":148,"column":70}},{"start":{"line":145,"column":48},"end":{"line":148,"column":70}}],"line":145},"45":{"loc":{"start":{"line":150,"column":48},"end":{"line":153,"column":67}},"type":"if","locations":[{"start":{"line":150,"column":48},"end":{"line":153,"column":67}},{"start":{"line":150,"column":48},"end":{"line":153,"column":67}}],"line":150},"46":{"loc":{"start":{"line":155,"column":45},"end":{"line":158,"column":70}},"type":"if","locations":[{"start":{"line":155,"column":45},"end":{"line":158,"column":70}},{"start":{"line":155,"column":45},"end":{"line":158,"column":70}}],"line":155},"47":{"loc":{"start":{"line":160,"column":48},"end":{"line":163,"column":77}},"type":"if","locations":[{"start":{"line":160,"column":48},"end":{"line":163,"column":77}},{"start":{"line":160,"column":48},"end":{"line":163,"column":77}}],"line":160},"48":{"loc":{"start":{"line":178,"column":126},"end":{"line":181,"column":77}},"type":"switch","locations":[{"start":{"line":178,"column":168},"end":{"line":181,"column":34}},{"start":{"line":181,"column":34},"end":{"line":181,"column":41}},{"start":{"line":181,"column":41},"end":{"line":181,"column":76}}],"line":178},"49":{"loc":{"start":{"line":231,"column":8},"end":{"line":231,"column":111}},"type":"cond-expr","locations":[{"start":{"line":231,"column":36},"end":{"line":231,"column":48}},{"start":{"line":231,"column":51},"end":{"line":231,"column":111}}],"line":231},"50":{"loc":{"start":{"line":231,"column":51},"end":{"line":231,"column":111}},"type":"cond-expr","locations":[{"start":{"line":231,"column":84},"end":{"line":231,"column":88}},{"start":{"line":231,"column":91},"end":{"line":231,"column":111}}],"line":231},"51":{"loc":{"start":{"line":252,"column":8},"end":{"line":252,"column":110}},"type":"cond-expr","locations":[{"start":{"line":252,"column":35},"end":{"line":252,"column":47}},{"start":{"line":252,"column":50},"end":{"line":252,"column":110}}],"line":252},"52":{"loc":{"start":{"line":252,"column":50},"end":{"line":252,"column":110}},"type":"cond-expr","locations":[{"start":{"line":252,"column":82},"end":{"line":252,"column":86}},{"start":{"line":252,"column":89},"end":{"line":252,"column":110}}],"line":252},"53":{"loc":{"start":{"line":273,"column":8},"end":{"line":273,"column":150}},"type":"cond-expr","locations":[{"start":{"line":273,"column":32},"end":{"line":273,"column":44}},{"start":{"line":273,"column":47},"end":{"line":273,"column":150}}],"line":273},"54":{"loc":{"start":{"line":273,"column":47},"end":{"line":273,"column":150}},"type":"cond-expr","locations":[{"start":{"line":273,"column":76},"end":{"line":273,"column":130}},{"start":{"line":273,"column":133},"end":{"line":273,"column":150}}],"line":273},"55":{"loc":{"start":{"line":273,"column":76},"end":{"line":273,"column":130}},"type":"cond-expr","locations":[{"start":{"line":273,"column":102},"end":{"line":273,"column":123}},{"start":{"line":273,"column":126},"end":{"line":273,"column":130}}],"line":273},"56":{"loc":{"start":{"line":296,"column":8},"end":{"line":296,"column":109}},"type":"cond-expr","locations":[{"start":{"line":296,"column":35},"end":{"line":296,"column":47}},{"start":{"line":296,"column":50},"end":{"line":296,"column":109}}],"line":296},"57":{"loc":{"start":{"line":296,"column":50},"end":{"line":296,"column":109}},"type":"cond-expr","locations":[{"start":{"line":296,"column":82},"end":{"line":296,"column":86}},{"start":{"line":296,"column":89},"end":{"line":296,"column":109}}],"line":296}},"s":{"0":2,"1":2,"2":2,"3":2,"4":2,"5":2,"6":2,"7":2,"8":2,"9":2,"10":2,"11":8,"12":2,"13":0,"14":2,"15":2,"16":0,"17":2,"18":4,"19":2,"20":2,"21":0,"22":2,"23":2,"24":0,"25":2,"26":2,"27":2,"28":56,"29":56,"30":56,"31":0,"32":56,"33":2,"34":2,"35":2,"36":2,"37":15,"38":0,"39":2,"40":2,"41":2,"42":2,"43":2,"44":2,"45":2,"46":2,"47":2,"48":2,"49":2,"50":0,"51":2,"52":2,"53":0,"54":2,"55":2,"56":2,"57":2,"58":0,"59":0,"60":2,"61":2,"62":2,"63":15,"64":15,"65":15,"66":15,"67":0,"68":15,"69":15,"70":15,"71":0,"72":0,"73":0,"74":0,"75":2,"76":0,"77":2,"78":0,"79":2,"80":2,"81":0,"82":0,"83":0,"84":0,"85":1,"86":0,"87":1,"88":2,"89":2,"90":2,"91":15,"92":15,"93":15,"94":1,"95":1,"96":15,"97":1,"98":1,"99":15,"100":1,"101":1,"102":15,"103":1,"104":1,"105":15,"106":3,"107":3,"108":2,"109":1,"110":15,"111":3,"112":3,"113":2,"114":1,"115":15,"116":3,"117":3,"118":2,"119":1,"120":15,"121":3,"122":3,"123":2,"124":1,"125":15,"126":1,"127":5,"128":7,"129":1,"130":1,"131":1,"132":1,"133":0,"134":0,"135":0,"136":0,"137":0,"138":0,"139":0,"140":0,"141":1,"142":0,"143":0,"144":1,"145":1,"146":1,"147":0,"148":0,"149":1,"150":1,"151":1,"152":0,"153":0,"154":1,"155":1,"156":1,"157":0,"158":0,"159":1,"160":1,"161":1,"162":1,"163":1,"164":0,"165":0,"166":1,"167":15,"168":1,"169":1,"170":15,"171":0,"172":0,"173":0,"174":0,"175":0,"176":0,"177":15,"178":0,"179":0,"180":15,"181":15,"182":2,"183":43,"184":0,"185":2,"186":2},"f":{"0":8,"1":2,"2":0,"3":4,"4":15,"5":2,"6":2,"7":2,"8":2,"9":0,"10":2,"11":15,"12":15,"13":0,"14":2,"15":0,"16":1,"17":0,"18":2,"19":15,"20":1,"21":1,"22":1,"23":1,"24":3,"25":3,"26":3,"27":3,"28":1,"29":5,"30":0,"31":0,"32":1,"33":0,"34":0,"35":0,"36":43,"37":0},"b":{"0":[8,0],"1":[8,8],"2":[0,2],"3":[2,2],"4":[4,4],"5":[0,2],"6":[2,2,0],"7":[0,2],"8":[2,2],"9":[2,2],"10":[56,0],"11":[56,0],"12":[0,56],"13":[56,56,56],"14":[2,0],"15":[0,15],"16":[2,2],"17":[2,0],"18":[2,0],"19":[0,2],"20":[0,2],"21":[2,0],"22":[2,2],"23":[2,0],"24":[2,0],"25":[15,0],"26":[15,0],"27":[15,15,0],"28":[0,0],"29":[0,2],"30":[2,2],"31":[0,2],"32":[2,0],"33":[1,0],"34":[0,0],"35":[2,1],"36":[2,1],"37":[2,1],"38":[2,1],"39":[1,1,1,1,1,1,1,1],"40":[1,0],"41":[1,0,0,0],"42":[0,0],"43":[0,1],"44":[0,1],"45":[0,1],"46":[0,1],"47":[1,0],"48":[0,0,0],"49":[4,39],"50":[38,1],"51":[3,40],"52":[39,1],"53":[2,41],"54":[40,1],"55":[0,40],"56":[1,42],"57":[41,1]},"inputSourceMap":null,"_coverageSchema":"1a1c01bbd47fc00a2c39e90264f33305004495a9","hash":"af0d32ba5bae2db9be015b3656912bd4cbf45407"}
,"C:\\Users\\gupta\\OneDrive\\Desktop\\Sagar Workspace\\Projects\\Native\\Registration\\src\\Screens\\ForgotPasswordScreen.js": {"path":"C:\\Users\\gupta\\OneDrive\\Desktop\\Sagar Workspace\\Projects\\Native\\Registration\\src\\Screens\\ForgotPasswordScreen.js","statementMap":{"0":{"start":{"line":1,"column":13},"end":{"line":1,"column":75}},"1":{"start":{"line":1,"column":75},"end":{"line":1,"column":100}},"2":{"start":{"line":1,"column":113},"end":{"line":1,"column":153}},"3":{"start":{"line":2,"column":22},"end":{"line":2,"column":100}},"4":{"start":{"line":2,"column":113},"end":{"line":2,"column":117}},"5":{"start":{"line":2,"column":133},"end":{"line":2,"column":258}},"6":{"start":{"line":2,"column":297},"end":{"line":2,"column":351}},"7":{"start":{"line":4,"column":27},"end":{"line":8,"column":1}},"8":{"start":{"line":4,"column":81},"end":{"line":4,"column":96}},"9":{"start":{"line":5,"column":2},"end":{"line":6,"column":172}},"10":{"start":{"line":10,"column":0},"end":{"line":10,"column":20}},"11":{"start":{"line":10,"column":21},"end":{"line":10,"column":48}}},"fnMap":{"0":{"name":"_interopRequireDefault","decl":{"start":{"line":2,"column":268},"end":{"line":2,"column":290}},"loc":{"start":{"line":2,"column":296},"end":{"line":2,"column":352}},"line":2},"1":{"name":"ForgotPasswordScreen","decl":{"start":{"line":4,"column":36},"end":{"line":4,"column":56}},"loc":{"start":{"line":4,"column":63},"end":{"line":8,"column":1}},"line":4}},"branchMap":{"0":{"loc":{"start":{"line":2,"column":304},"end":{"line":2,"column":350}},"type":"cond-expr","locations":[{"start":{"line":2,"column":328},"end":{"line":2,"column":331}},{"start":{"line":2,"column":334},"end":{"line":2,"column":350}}],"line":2},"1":{"loc":{"start":{"line":2,"column":304},"end":{"line":2,"column":325}},"type":"binary-expr","locations":[{"start":{"line":2,"column":304},"end":{"line":2,"column":307}},{"start":{"line":2,"column":311},"end":{"line":2,"column":325}}],"line":2}},"s":{"0":1,"1":1,"2":1,"3":1,"4":1,"5":1,"6":2,"7":1,"8":1,"9":1,"10":1,"11":1},"f":{"0":2,"1":1},"b":{"0":[1,1],"1":[2,2]},"inputSourceMap":null,"_coverageSchema":"1a1c01bbd47fc00a2c39e90264f33305004495a9","hash":"b46139ec689064566139bf79ca0f3470c2bf6d1f"}
,"C:\\Users\\gupta\\OneDrive\\Desktop\\Sagar Workspace\\Projects\\Native\\Registration\\src\\Screens\\SignInScreen.js": {"path":"C:\\Users\\gupta\\OneDrive\\Desktop\\Sagar Workspace\\Projects\\Native\\Registration\\src\\Screens\\SignInScreen.js","statementMap":{"0":{"start":{"line":1,"column":13},"end":{"line":1,"column":75}},"1":{"start":{"line":1,"column":75},"end":{"line":1,"column":100}},"2":{"start":{"line":1,"column":113},"end":{"line":1,"column":153}},"3":{"start":{"line":2,"column":14},"end":{"line":2,"column":84}},"4":{"start":{"line":2,"column":97},"end":{"line":2,"column":101}},"5":{"start":{"line":2,"column":117},"end":{"line":2,"column":234}},"6":{"start":{"line":2,"column":273},"end":{"line":2,"column":327}},"7":{"start":{"line":4,"column":19},"end":{"line":8,"column":1}},"8":{"start":{"line":4,"column":65},"end":{"line":4,"column":80}},"9":{"start":{"line":5,"column":2},"end":{"line":6,"column":164}},"10":{"start":{"line":10,"column":0},"end":{"line":10,"column":12}},"11":{"start":{"line":10,"column":13},"end":{"line":10,"column":40}}},"fnMap":{"0":{"name":"_interopRequireDefault","decl":{"start":{"line":2,"column":244},"end":{"line":2,"column":266}},"loc":{"start":{"line":2,"column":272},"end":{"line":2,"column":328}},"line":2},"1":{"name":"SignInScreen","decl":{"start":{"line":4,"column":28},"end":{"line":4,"column":40}},"loc":{"start":{"line":4,"column":47},"end":{"line":8,"column":1}},"line":4}},"branchMap":{"0":{"loc":{"start":{"line":2,"column":280},"end":{"line":2,"column":326}},"type":"cond-expr","locations":[{"start":{"line":2,"column":304},"end":{"line":2,"column":307}},{"start":{"line":2,"column":310},"end":{"line":2,"column":326}}],"line":2},"1":{"loc":{"start":{"line":2,"column":280},"end":{"line":2,"column":301}},"type":"binary-expr","locations":[{"start":{"line":2,"column":280},"end":{"line":2,"column":283}},{"start":{"line":2,"column":287},"end":{"line":2,"column":301}}],"line":2}},"s":{"0":1,"1":1,"2":1,"3":1,"4":1,"5":1,"6":2,"7":1,"8":1,"9":1,"10":1,"11":1},"f":{"0":2,"1":1},"b":{"0":[1,1],"1":[2,2]},"inputSourceMap":null,"_coverageSchema":"1a1c01bbd47fc00a2c39e90264f33305004495a9","hash":"915920af87a0acbb49cb109e20ca124983db513c"}
,"C:\\Users\\gupta\\OneDrive\\Desktop\\Sagar Workspace\\Projects\\Native\\Registration\\src\\Screens\\SignUpScreen.js": {"path":"C:\\Users\\gupta\\OneDrive\\Desktop\\Sagar Workspace\\Projects\\Native\\Registration\\src\\Screens\\SignUpScreen.js","statementMap":{"0":{"start":{"line":1,"column":13},"end":{"line":1,"column":75}},"1":{"start":{"line":1,"column":75},"end":{"line":1,"column":100}},"2":{"start":{"line":1,"column":113},"end":{"line":1,"column":153}},"3":{"start":{"line":2,"column":14},"end":{"line":2,"column":84}},"4":{"start":{"line":2,"column":97},"end":{"line":2,"column":101}},"5":{"start":{"line":2,"column":117},"end":{"line":2,"column":234}},"6":{"start":{"line":2,"column":273},"end":{"line":2,"column":327}},"7":{"start":{"line":4,"column":19},"end":{"line":8,"column":1}},"8":{"start":{"line":4,"column":65},"end":{"line":4,"column":80}},"9":{"start":{"line":5,"column":2},"end":{"line":6,"column":164}},"10":{"start":{"line":10,"column":0},"end":{"line":10,"column":12}},"11":{"start":{"line":10,"column":13},"end":{"line":10,"column":40}}},"fnMap":{"0":{"name":"_interopRequireDefault","decl":{"start":{"line":2,"column":244},"end":{"line":2,"column":266}},"loc":{"start":{"line":2,"column":272},"end":{"line":2,"column":328}},"line":2},"1":{"name":"SignUpScreen","decl":{"start":{"line":4,"column":28},"end":{"line":4,"column":40}},"loc":{"start":{"line":4,"column":47},"end":{"line":8,"column":1}},"line":4}},"branchMap":{"0":{"loc":{"start":{"line":2,"column":280},"end":{"line":2,"column":326}},"type":"cond-expr","locations":[{"start":{"line":2,"column":304},"end":{"line":2,"column":307}},{"start":{"line":2,"column":310},"end":{"line":2,"column":326}}],"line":2},"1":{"loc":{"start":{"line":2,"column":280},"end":{"line":2,"column":301}},"type":"binary-expr","locations":[{"start":{"line":2,"column":280},"end":{"line":2,"column":283}},{"start":{"line":2,"column":287},"end":{"line":2,"column":301}}],"line":2}},"s":{"0":1,"1":1,"2":1,"3":1,"4":1,"5":1,"6":2,"7":1,"8":1,"9":1,"10":1,"11":1},"f":{"0":2,"1":1},"b":{"0":[1,1],"1":[2,2]},"inputSourceMap":null,"_coverageSchema":"1a1c01bbd47fc00a2c39e90264f33305004495a9","hash":"5afbd688cd6e2cb994ec517f4e21bed614479c83"}
,"C:\\Users\\gupta\\OneDrive\\Desktop\\Sagar Workspace\\Projects\\Native\\Registration\\src\\Styles\\GlobalCss.js": {"path":"C:\\Users\\gupta\\OneDrive\\Desktop\\Sagar Workspace\\Projects\\Native\\Registration\\src\\Styles\\GlobalCss.js","statementMap":{"0":{"start":{"line":1,"column":13},"end":{"line":1,"column":75}},"1":{"start":{"line":1,"column":75},"end":{"line":1,"column":100}},"2":{"start":{"line":1,"column":119},"end":{"line":1,"column":142}},"3":{"start":{"line":4,"column":0},"end":{"line":4,"column":37}},"4":{"start":{"line":4,"column":47},"end":{"line":4,"column":69}},"5":{"start":{"line":6,"column":16},"end":{"line":115,"column":20}},"6":{"start":{"line":119,"column":0},"end":{"line":119,"column":9}},"7":{"start":{"line":119,"column":10},"end":{"line":119,"column":37}}},"fnMap":{},"branchMap":{},"s":{"0":6,"1":6,"2":6,"3":6,"4":6,"5":6,"6":6,"7":6},"f":{},"b":{},"inputSourceMap":null,"_coverageSchema":"1a1c01bbd47fc00a2c39e90264f33305004495a9","hash":"4dd2108b29df764e7b18c24034e95f903e0d08f5"}
}
