TN:
SF:Environment\Firebase.js
FN:1,_getRequireWildcardCache
FN:1,_getRequireWildcardCache
FN:1,_interopRequireWildcard
FNF:3
FNH:1
FNDA:0,_getRequireWildcardCache
FNDA:0,_getRequireWildcardCache
FNDA:7,_interopRequireWildcard
DA:1,7
DA:4,7
DA:14,7
DA:16,7
LF:4
LH:4
BRDA:1,0,0,0
BRDA:1,0,1,0
BRDA:1,1,0,7
BRDA:1,1,1,0
BRDA:1,2,0,7
BRDA:1,2,1,7
BRDA:1,3,0,0
BRDA:1,3,1,0
BRDA:1,4,0,0
BRDA:1,4,1,0
BRDA:1,4,2,0
BRDA:1,5,0,0
BRDA:1,5,1,0
BRDA:1,6,0,0
BRDA:1,6,1,0
BRDA:1,7,0,0
BRDA:1,7,1,0
BRDA:1,8,0,0
BRDA:1,8,1,0
BRDA:1,9,0,0
BRDA:1,9,1,0
BRDA:1,10,0,0
BRDA:1,10,1,0
BRDA:1,11,0,0
BRDA:1,11,1,0
BRDA:1,11,2,0
BRDA:1,12,0,0
BRDA:1,12,1,0
BRF:28
BRH:3
end_of_record
TN:
SF:Service\NoteDataControllerServices.js
FN:4,_interopRequireDefault
FN:4,_classCallCheck
FN:6,NoteDataControllerServices
FN:8,(anonymous_3)
FN:9,(anonymous_4)
FN:11,(anonymous_5)
FN:13,(anonymous_6)
FN:14,(anonymous_7)
FN:17,(anonymous_8)
FN:21,(anonymous_9)
FN:22,(anonymous_10)
FN:24,(anonymous_11)
FN:26,(anonymous_12)
FN:27,(anonymous_13)
FN:30,(anonymous_14)
FN:34,(anonymous_15)
FN:35,(anonymous_16)
FN:37,(anonymous_17)
FN:39,(anonymous_18)
FN:40,(anonymous_19)
FN:43,(anonymous_20)
FN:47,(anonymous_21)
FN:48,(anonymous_22)
FN:50,(anonymous_23)
FN:52,(anonymous_24)
FN:53,(anonymous_25)
FN:56,(anonymous_26)
FN:60,(anonymous_27)
FN:61,(anonymous_28)
FN:63,(anonymous_29)
FN:65,(anonymous_30)
FN:66,(anonymous_31)
FN:69,(anonymous_32)
FN:73,_callee
FN:73,_callee$
FN:76,(anonymous_35)
FN:81,(anonymous_36)
FN:88,(anonymous_37)
FN:110,(anonymous_38)
FN:117,(anonymous_39)
FN:118,(anonymous_40)
FN:120,(anonymous_41)
FN:122,(anonymous_42)
FN:123,(anonymous_43)
FN:126,(anonymous_44)
FN:130,(anonymous_45)
FN:131,(anonymous_46)
FN:133,(anonymous_47)
FN:135,(anonymous_48)
FN:136,(anonymous_49)
FN:139,(anonymous_50)
FN:143,(anonymous_51)
FN:144,(anonymous_52)
FN:146,(anonymous_53)
FN:148,(anonymous_54)
FN:149,(anonymous_55)
FN:152,(anonymous_56)
FN:156,_callee2
FN:156,_callee2$
FN:159,(anonymous_59)
FN:164,(anonymous_60)
FN:171,(anonymous_61)
FN:181,(anonymous_62)
FN:188,(anonymous_63)
FN:195,(anonymous_64)
FN:196,(anonymous_65)
FN:198,(anonymous_66)
FN:200,(anonymous_67)
FN:201,(anonymous_68)
FN:204,(anonymous_69)
FN:208,(anonymous_70)
FN:216,(anonymous_71)
FN:218,(anonymous_72)
FN:220,(anonymous_73)
FN:221,(anonymous_74)
FN:224,(anonymous_75)
FNF:76
FNH:3
FNDA:4,_interopRequireDefault
FNDA:1,_classCallCheck
FNDA:1,NoteDataControllerServices
FNDA:0,(anonymous_3)
FNDA:0,(anonymous_4)
FNDA:0,(anonymous_5)
FNDA:0,(anonymous_6)
FNDA:0,(anonymous_7)
FNDA:0,(anonymous_8)
FNDA:0,(anonymous_9)
FNDA:0,(anonymous_10)
FNDA:0,(anonymous_11)
FNDA:0,(anonymous_12)
FNDA:0,(anonymous_13)
FNDA:0,(anonymous_14)
FNDA:0,(anonymous_15)
FNDA:0,(anonymous_16)
FNDA:0,(anonymous_17)
FNDA:0,(anonymous_18)
FNDA:0,(anonymous_19)
FNDA:0,(anonymous_20)
FNDA:0,(anonymous_21)
FNDA:0,(anonymous_22)
FNDA:0,(anonymous_23)
FNDA:0,(anonymous_24)
FNDA:0,(anonymous_25)
FNDA:0,(anonymous_26)
FNDA:0,(anonymous_27)
FNDA:0,(anonymous_28)
FNDA:0,(anonymous_29)
FNDA:0,(anonymous_30)
FNDA:0,(anonymous_31)
FNDA:0,(anonymous_32)
FNDA:0,_callee
FNDA:0,_callee$
FNDA:0,(anonymous_35)
FNDA:0,(anonymous_36)
FNDA:0,(anonymous_37)
FNDA:0,(anonymous_38)
FNDA:0,(anonymous_39)
FNDA:0,(anonymous_40)
FNDA:0,(anonymous_41)
FNDA:0,(anonymous_42)
FNDA:0,(anonymous_43)
FNDA:0,(anonymous_44)
FNDA:0,(anonymous_45)
FNDA:0,(anonymous_46)
FNDA:0,(anonymous_47)
FNDA:0,(anonymous_48)
FNDA:0,(anonymous_49)
FNDA:0,(anonymous_50)
FNDA:0,(anonymous_51)
FNDA:0,(anonymous_52)
FNDA:0,(anonymous_53)
FNDA:0,(anonymous_54)
FNDA:0,(anonymous_55)
FNDA:0,(anonymous_56)
FNDA:0,_callee2
FNDA:0,_callee2$
FNDA:0,(anonymous_59)
FNDA:0,(anonymous_60)
FNDA:0,(anonymous_61)
FNDA:0,(anonymous_62)
FNDA:0,(anonymous_63)
FNDA:0,(anonymous_64)
FNDA:0,(anonymous_65)
FNDA:0,(anonymous_66)
FNDA:0,(anonymous_67)
FNDA:0,(anonymous_68)
FNDA:0,(anonymous_69)
FNDA:0,(anonymous_70)
FNDA:0,(anonymous_71)
FNDA:0,(anonymous_72)
FNDA:0,(anonymous_73)
FNDA:0,(anonymous_74)
FNDA:0,(anonymous_75)
DA:1,1
DA:2,1
DA:3,1
DA:4,4
DA:6,1
DA:9,0
DA:10,0
DA:12,0
DA:13,0
DA:14,0
DA:15,0
DA:17,0
DA:19,1
DA:22,0
DA:23,0
DA:25,0
DA:26,0
DA:27,0
DA:28,0
DA:30,0
DA:32,1
DA:35,0
DA:36,0
DA:38,0
DA:39,0
DA:40,0
DA:41,0
DA:43,0
DA:45,1
DA:48,0
DA:49,0
DA:51,0
DA:52,0
DA:53,0
DA:54,0
DA:56,0
DA:58,1
DA:61,0
DA:62,0
DA:64,0
DA:65,0
DA:66,0
DA:67,0
DA:69,0
DA:71,1
DA:73,0
DA:77,0
DA:78,0
DA:79,0
DA:82,0
DA:83,0
DA:84,0
DA:85,0
DA:88,0
DA:89,0
DA:90,0
DA:97,0
DA:100,0
DA:107,0
DA:110,0
DA:111,0
DA:112,0
DA:114,1
DA:118,0
DA:119,0
DA:121,0
DA:122,0
DA:123,0
DA:124,0
DA:126,0
DA:128,1
DA:131,0
DA:132,0
DA:134,0
DA:135,0
DA:136,0
DA:137,0
DA:139,0
DA:141,1
DA:144,0
DA:145,0
DA:147,0
DA:148,0
DA:149,0
DA:150,0
DA:152,0
DA:154,1
DA:156,0
DA:160,0
DA:161,0
DA:162,0
DA:165,0
DA:166,0
DA:167,0
DA:168,0
DA:171,0
DA:172,0
DA:173,0
DA:174,0
DA:177,0
DA:178,0
DA:181,0
DA:182,0
DA:183,0
DA:185,1
DA:189,0
DA:190,0
DA:191,0
DA:192,0
DA:193,1
DA:196,0
DA:197,0
DA:199,0
DA:200,0
DA:201,0
DA:202,0
DA:204,0
DA:206,1
DA:209,0
DA:216,0
DA:217,0
DA:219,0
DA:220,0
DA:221,0
DA:222,0
DA:224,0
DA:230,1
LF:127
LH:18
BRDA:4,0,0,4
BRDA:4,0,1,0
BRDA:4,1,0,4
BRDA:4,1,1,4
BRDA:4,2,0,0
BRDA:4,2,1,1
BRDA:73,3,0,0
BRDA:73,3,1,0
BRDA:73,3,2,0
BRDA:73,3,3,0
BRDA:73,3,4,0
BRDA:77,4,0,0
BRDA:77,4,1,0
BRDA:83,5,0,0
BRDA:83,5,1,0
BRDA:89,6,0,0
BRDA:89,6,1,0
BRDA:111,7,0,0
BRDA:111,7,1,0
BRDA:156,8,0,0
BRDA:156,8,1,0
BRDA:156,8,2,0
BRDA:156,8,3,0
BRDA:156,8,4,0
BRDA:160,9,0,0
BRDA:160,9,1,0
BRDA:166,10,0,0
BRDA:166,10,1,0
BRDA:172,11,0,0
BRDA:172,11,1,0
BRDA:182,12,0,0
BRDA:182,12,1,0
BRF:32
BRH:4
end_of_record
TN:
SF:Service\SQLiteLabelServices.js
FN:1,_interopRequireDefault
FN:1,_classCallCheck
FN:4,errorCB
FN:8,successCB
FN:12,openCB
FN:18,SQLiteLabelServices
FN:20,(anonymous_6)
FN:21,(anonymous_7)
FN:25,(anonymous_8)
FN:26,(anonymous_9)
FN:31,(anonymous_10)
FN:32,(anonymous_11)
FN:33,(anonymous_12)
FN:37,(anonymous_13)
FN:38,(anonymous_14)
FN:44,(anonymous_15)
FN:45,(anonymous_16)
FN:46,(anonymous_17)
FN:50,(anonymous_18)
FN:51,(anonymous_19)
FN:57,(anonymous_20)
FN:58,(anonymous_21)
FN:59,(anonymous_22)
FN:63,(anonymous_23)
FN:64,(anonymous_24)
FN:70,(anonymous_25)
FN:71,(anonymous_26)
FN:72,(anonymous_27)
FN:76,(anonymous_28)
FN:77,(anonymous_29)
FN:83,(anonymous_30)
FN:84,(anonymous_31)
FN:88,(anonymous_32)
FN:89,(anonymous_33)
FNF:34
FNH:3
FNDA:2,_interopRequireDefault
FNDA:2,_classCallCheck
FNDA:0,errorCB
FNDA:0,successCB
FNDA:0,openCB
FNDA:2,SQLiteLabelServices
FNDA:0,(anonymous_6)
FNDA:0,(anonymous_7)
FNDA:0,(anonymous_8)
FNDA:0,(anonymous_9)
FNDA:0,(anonymous_10)
FNDA:0,(anonymous_11)
FNDA:0,(anonymous_12)
FNDA:0,(anonymous_13)
FNDA:0,(anonymous_14)
FNDA:0,(anonymous_15)
FNDA:0,(anonymous_16)
FNDA:0,(anonymous_17)
FNDA:0,(anonymous_18)
FNDA:0,(anonymous_19)
FNDA:0,(anonymous_20)
FNDA:0,(anonymous_21)
FNDA:0,(anonymous_22)
FNDA:0,(anonymous_23)
FNDA:0,(anonymous_24)
FNDA:0,(anonymous_25)
FNDA:0,(anonymous_26)
FNDA:0,(anonymous_27)
FNDA:0,(anonymous_28)
FNDA:0,(anonymous_29)
FNDA:0,(anonymous_30)
FNDA:0,(anonymous_31)
FNDA:0,(anonymous_32)
FNDA:0,(anonymous_33)
DA:1,2
DA:5,0
DA:9,0
DA:13,0
DA:16,2
DA:18,2
DA:21,0
DA:22,0
DA:25,0
DA:26,0
DA:29,2
DA:32,0
DA:33,0
DA:34,0
DA:37,0
DA:38,0
DA:42,2
DA:45,0
DA:46,0
DA:47,0
DA:50,0
DA:51,0
DA:55,2
DA:58,0
DA:59,0
DA:60,0
DA:63,0
DA:64,0
DA:68,2
DA:71,0
DA:72,0
DA:73,0
DA:76,0
DA:77,0
DA:81,2
DA:84,0
DA:85,0
DA:88,0
DA:89,0
DA:95,2
LF:40
LH:9
BRDA:1,0,0,0
BRDA:1,0,1,2
BRDA:1,1,0,2
BRDA:1,1,1,2
BRDA:1,2,0,0
BRDA:1,2,1,2
BRF:6
BRH:4
end_of_record
TN:
SF:Service\SQLiteServices.js
FN:1,_interopRequireDefault
FN:1,_classCallCheck
FN:4,errorCB
FN:8,successCB
FN:12,openCB
FN:19,SQLiteServices
FN:21,(anonymous_6)
FN:23,(anonymous_7)
FN:25,(anonymous_8)
FN:29,(anonymous_9)
FN:30,(anonymous_10)
FN:36,(anonymous_11)
FN:37,(anonymous_12)
FN:38,(anonymous_13)
FN:42,(anonymous_14)
FN:43,(anonymous_15)
FN:49,(anonymous_16)
FN:50,(anonymous_17)
FN:51,(anonymous_18)
FN:55,(anonymous_19)
FN:56,(anonymous_20)
FN:62,(anonymous_21)
FN:63,(anonymous_22)
FN:64,(anonymous_23)
FN:68,(anonymous_24)
FN:69,(anonymous_25)
FN:75,(anonymous_26)
FN:76,(anonymous_27)
FN:77,(anonymous_28)
FN:81,(anonymous_29)
FN:82,(anonymous_30)
FN:88,(anonymous_31)
FN:89,(anonymous_32)
FN:91,(anonymous_33)
FN:95,(anonymous_34)
FN:98,(anonymous_35)
FN:104,(anonymous_36)
FN:105,(anonymous_37)
FN:109,(anonymous_38)
FN:110,(anonymous_39)
FN:116,(anonymous_40)
FN:117,(anonymous_41)
FN:121,(anonymous_42)
FN:122,(anonymous_43)
FN:128,(anonymous_44)
FN:129,(anonymous_45)
FN:130,(anonymous_46)
FN:134,(anonymous_47)
FN:135,(anonymous_48)
FN:141,(anonymous_49)
FN:142,(anonymous_50)
FN:143,(anonymous_51)
FN:147,(anonymous_52)
FN:150,(anonymous_53)
FN:156,(anonymous_54)
FN:157,(anonymous_55)
FN:158,(anonymous_56)
FN:162,(anonymous_57)
FN:165,(anonymous_58)
FNF:59
FNH:3
FNDA:3,_interopRequireDefault
FNDA:3,_classCallCheck
FNDA:0,errorCB
FNDA:0,successCB
FNDA:0,openCB
FNDA:3,SQLiteServices
FNDA:0,(anonymous_6)
FNDA:0,(anonymous_7)
FNDA:0,(anonymous_8)
FNDA:0,(anonymous_9)
FNDA:0,(anonymous_10)
FNDA:0,(anonymous_11)
FNDA:0,(anonymous_12)
FNDA:0,(anonymous_13)
FNDA:0,(anonymous_14)
FNDA:0,(anonymous_15)
FNDA:0,(anonymous_16)
FNDA:0,(anonymous_17)
FNDA:0,(anonymous_18)
FNDA:0,(anonymous_19)
FNDA:0,(anonymous_20)
FNDA:0,(anonymous_21)
FNDA:0,(anonymous_22)
FNDA:0,(anonymous_23)
FNDA:0,(anonymous_24)
FNDA:0,(anonymous_25)
FNDA:0,(anonymous_26)
FNDA:0,(anonymous_27)
FNDA:0,(anonymous_28)
FNDA:0,(anonymous_29)
FNDA:0,(anonymous_30)
FNDA:0,(anonymous_31)
FNDA:0,(anonymous_32)
FNDA:0,(anonymous_33)
FNDA:0,(anonymous_34)
FNDA:0,(anonymous_35)
FNDA:0,(anonymous_36)
FNDA:0,(anonymous_37)
FNDA:0,(anonymous_38)
FNDA:0,(anonymous_39)
FNDA:0,(anonymous_40)
FNDA:0,(anonymous_41)
FNDA:0,(anonymous_42)
FNDA:0,(anonymous_43)
FNDA:0,(anonymous_44)
FNDA:0,(anonymous_45)
FNDA:0,(anonymous_46)
FNDA:0,(anonymous_47)
FNDA:0,(anonymous_48)
FNDA:0,(anonymous_49)
FNDA:0,(anonymous_50)
FNDA:0,(anonymous_51)
FNDA:0,(anonymous_52)
FNDA:0,(anonymous_53)
FNDA:0,(anonymous_54)
FNDA:0,(anonymous_55)
FNDA:0,(anonymous_56)
FNDA:0,(anonymous_57)
FNDA:0,(anonymous_58)
DA:1,3
DA:5,0
DA:9,0
DA:13,0
DA:16,3
DA:19,3
DA:23,0
DA:25,0
DA:26,0
DA:29,0
DA:30,0
DA:34,3
DA:37,0
DA:38,0
DA:39,0
DA:42,0
DA:43,0
DA:47,3
DA:50,0
DA:51,0
DA:52,0
DA:55,0
DA:56,0
DA:60,3
DA:63,0
DA:64,0
DA:65,0
DA:68,0
DA:69,0
DA:73,3
DA:76,0
DA:77,0
DA:78,0
DA:81,0
DA:82,0
DA:86,3
DA:89,0
DA:91,0
DA:92,0
DA:96,0
DA:98,0
DA:102,3
DA:105,0
DA:106,0
DA:109,0
DA:110,0
DA:113,3
DA:117,0
DA:118,0
DA:121,0
DA:122,0
DA:125,3
DA:129,0
DA:130,0
DA:131,0
DA:134,0
DA:135,0
DA:139,3
DA:142,0
DA:143,0
DA:144,0
DA:148,0
DA:150,0
DA:154,3
DA:157,0
DA:158,0
DA:159,0
DA:163,0
DA:165,0
DA:173,3
LF:70
LH:14
BRDA:1,0,0,0
BRDA:1,0,1,3
BRDA:1,1,0,3
BRDA:1,1,1,3
BRDA:1,2,0,0
BRDA:1,2,1,3
BRF:6
BRH:4
end_of_record
TN:
SF:Service\UserLabelServices.js
FN:1,_interopRequireDefault
FN:1,_classCallCheck
FN:3,UserLabelServices
FN:5,(anonymous_3)
FN:6,(anonymous_4)
FN:10,(anonymous_5)
FN:11,(anonymous_6)
FN:15,(anonymous_7)
FN:16,(anonymous_8)
FN:18,(anonymous_9)
FN:19,(anonymous_10)
FN:23,(anonymous_11)
FN:24,(anonymous_12)
FN:28,(anonymous_13)
FN:29,(anonymous_14)
FN:33,(anonymous_15)
FN:34,(anonymous_16)
FN:36,(anonymous_17)
FN:37,(anonymous_18)
FNF:19
FNH:3
FNDA:1,_interopRequireDefault
FNDA:1,_classCallCheck
FNDA:1,UserLabelServices
FNDA:0,(anonymous_3)
FNDA:0,(anonymous_4)
FNDA:0,(anonymous_5)
FNDA:0,(anonymous_6)
FNDA:0,(anonymous_7)
FNDA:0,(anonymous_8)
FNDA:0,(anonymous_9)
FNDA:0,(anonymous_10)
FNDA:0,(anonymous_11)
FNDA:0,(anonymous_12)
FNDA:0,(anonymous_13)
FNDA:0,(anonymous_14)
FNDA:0,(anonymous_15)
FNDA:0,(anonymous_16)
FNDA:0,(anonymous_17)
FNDA:0,(anonymous_18)
DA:1,1
DA:3,1
DA:6,0
DA:7,0
DA:10,0
DA:11,0
DA:13,1
DA:16,0
DA:17,0
DA:18,0
DA:19,0
DA:21,1
DA:24,0
DA:25,0
DA:28,0
DA:29,0
DA:31,1
DA:34,0
DA:35,0
DA:36,0
DA:37,0
DA:43,1
LF:22
LH:6
BRDA:1,0,0,1
BRDA:1,0,1,0
BRDA:1,1,0,1
BRDA:1,1,1,1
BRDA:1,2,0,0
BRDA:1,2,1,1
BRF:6
BRH:4
end_of_record
TN:
SF:Service\UserNotesServices.js
FN:1,_interopRequireDefault
FN:1,_classCallCheck
FN:3,UserNotesServices
FN:5,(anonymous_3)
FN:6,(anonymous_4)
FN:10,(anonymous_5)
FN:11,(anonymous_6)
FN:15,(anonymous_7)
FN:16,(anonymous_8)
FN:18,(anonymous_9)
FN:19,(anonymous_10)
FN:23,(anonymous_11)
FN:24,(anonymous_12)
FN:28,(anonymous_13)
FN:29,(anonymous_14)
FN:33,(anonymous_15)
FN:34,(anonymous_16)
FN:40,(anonymous_17)
FN:41,(anonymous_18)
FN:45,(anonymous_19)
FN:46,(anonymous_20)
FN:50,(anonymous_21)
FN:51,(anonymous_22)
FN:55,(anonymous_23)
FN:56,(anonymous_24)
FN:58,(anonymous_25)
FN:59,(anonymous_26)
FN:63,(anonymous_27)
FN:64,(anonymous_28)
FN:68,(anonymous_29)
FN:69,(anonymous_30)
FNF:31
FNH:3
FNDA:2,_interopRequireDefault
FNDA:2,_classCallCheck
FNDA:2,UserNotesServices
FNDA:0,(anonymous_3)
FNDA:0,(anonymous_4)
FNDA:0,(anonymous_5)
FNDA:0,(anonymous_6)
FNDA:0,(anonymous_7)
FNDA:0,(anonymous_8)
FNDA:0,(anonymous_9)
FNDA:0,(anonymous_10)
FNDA:0,(anonymous_11)
FNDA:0,(anonymous_12)
FNDA:0,(anonymous_13)
FNDA:0,(anonymous_14)
FNDA:0,(anonymous_15)
FNDA:0,(anonymous_16)
FNDA:0,(anonymous_17)
FNDA:0,(anonymous_18)
FNDA:0,(anonymous_19)
FNDA:0,(anonymous_20)
FNDA:0,(anonymous_21)
FNDA:0,(anonymous_22)
FNDA:0,(anonymous_23)
FNDA:0,(anonymous_24)
FNDA:0,(anonymous_25)
FNDA:0,(anonymous_26)
FNDA:0,(anonymous_27)
FNDA:0,(anonymous_28)
FNDA:0,(anonymous_29)
FNDA:0,(anonymous_30)
DA:1,2
DA:3,2
DA:6,0
DA:7,0
DA:10,0
DA:11,0
DA:13,2
DA:16,0
DA:17,0
DA:18,0
DA:19,0
DA:21,2
DA:24,0
DA:25,0
DA:28,0
DA:29,0
DA:31,2
DA:34,0
DA:35,0
DA:40,0
DA:41,0
DA:43,2
DA:46,0
DA:47,0
DA:50,0
DA:51,0
DA:53,2
DA:56,0
DA:57,0
DA:58,0
DA:59,0
DA:61,2
DA:64,0
DA:65,0
DA:68,0
DA:69,0
DA:75,2
LF:37
LH:9
BRDA:1,0,0,2
BRDA:1,0,1,0
BRDA:1,1,0,2
BRDA:1,1,1,2
BRDA:1,2,0,0
BRDA:1,2,1,2
BRF:6
BRH:4
end_of_record
TN:
SF:Service\UserServices.js
FN:1,_interopRequireDefault
FN:1,_classCallCheck
FN:3,UserServices
FN:5,(anonymous_3)
FN:6,(anonymous_4)
FN:8,(anonymous_5)
FN:9,(anonymous_6)
FN:21,(anonymous_7)
FN:22,(anonymous_8)
FN:24,(anonymous_9)
FN:25,(anonymous_10)
FN:37,(anonymous_11)
FN:38,(anonymous_12)
FN:40,(anonymous_13)
FN:41,(anonymous_14)
FN:50,(anonymous_15)
FN:58,(anonymous_16)
FN:59,(anonymous_17)
FN:61,(anonymous_18)
FN:62,(anonymous_19)
FN:66,(anonymous_20)
FN:67,(anonymous_21)
FN:69,(anonymous_22)
FN:70,(anonymous_23)
FN:74,(anonymous_24)
FNF:25
FNH:9
FNDA:5,_interopRequireDefault
FNDA:5,_classCallCheck
FNDA:5,UserServices
FNDA:4,(anonymous_3)
FNDA:4,(anonymous_4)
FNDA:0,(anonymous_5)
FNDA:3,(anonymous_6)
FNDA:0,(anonymous_7)
FNDA:0,(anonymous_8)
FNDA:0,(anonymous_9)
FNDA:0,(anonymous_10)
FNDA:2,(anonymous_11)
FNDA:2,(anonymous_12)
FNDA:0,(anonymous_13)
FNDA:1,(anonymous_14)
FNDA:0,(anonymous_15)
FNDA:0,(anonymous_16)
FNDA:0,(anonymous_17)
FNDA:0,(anonymous_18)
FNDA:0,(anonymous_19)
FNDA:0,(anonymous_20)
FNDA:0,(anonymous_21)
FNDA:0,(anonymous_22)
FNDA:0,(anonymous_23)
FNDA:0,(anonymous_24)
DA:1,5
DA:3,5
DA:6,4
DA:7,4
DA:8,0
DA:10,3
DA:11,3
DA:13,3
DA:14,0
DA:16,3
DA:19,5
DA:22,0
DA:23,0
DA:24,0
DA:26,0
DA:27,0
DA:29,0
DA:30,0
DA:32,0
DA:35,5
DA:38,2
DA:39,2
DA:40,0
DA:42,1
DA:43,1
DA:45,1
DA:48,5
DA:51,0
DA:56,5
DA:59,0
DA:60,0
DA:61,0
DA:62,0
DA:64,5
DA:67,0
DA:68,0
DA:69,0
DA:70,0
DA:72,5
DA:75,0
DA:76,0
DA:83,5
LF:42
LH:20
BRDA:1,0,0,5
BRDA:1,0,1,0
BRDA:1,1,0,5
BRDA:1,1,1,5
BRDA:1,2,0,0
BRDA:1,2,1,5
BRDA:10,3,0,3
BRDA:10,3,1,0
BRDA:13,4,0,0
BRDA:13,4,1,3
BRDA:26,5,0,0
BRDA:26,5,1,0
BRDA:29,6,0,0
BRDA:29,6,1,0
BRDA:42,7,0,1
BRDA:42,7,1,0
BRF:16
BRH:7
end_of_record
TN:
SF:Service\UserSocialServices.js
FN:3,_interopRequireDefault
FN:3,_classCallCheck
FN:5,UserSocialServices
FN:7,(anonymous_3)
FN:8,_callee
FN:8,_callee$
FN:20,(anonymous_6)
FN:23,(anonymous_7)
FNF:8
FNH:3
FNDA:2,_interopRequireDefault
FNDA:1,_classCallCheck
FNDA:1,UserSocialServices
FNDA:0,(anonymous_3)
FNDA:0,_callee
FNDA:0,_callee$
FNDA:0,(anonymous_6)
FNDA:0,(anonymous_7)
DA:1,1
DA:2,1
DA:3,2
DA:5,1
DA:8,0
DA:9,0
DA:10,0
DA:11,0
DA:12,0
DA:13,0
DA:14,0
DA:15,0
DA:18,0
DA:19,0
DA:21,0
DA:24,0
DA:25,0
DA:31,1
LF:18
LH:5
BRDA:3,0,0,2
BRDA:3,0,1,0
BRDA:3,1,0,2
BRDA:3,1,1,2
BRDA:3,2,0,0
BRDA:3,2,1,1
BRDA:8,3,0,0
BRDA:8,3,1,0
BRDA:8,3,2,0
BRDA:8,3,3,0
BRDA:8,3,4,0
BRDA:10,4,0,0
BRDA:10,4,1,0
BRDA:14,5,0,0
BRDA:14,5,1,0
BRF:15
BRH:4
end_of_record
TN:
SF:_mocks_\react-native-keychain\index.js
FNF:0
FNH:0
DA:1,15
DA:10,15
LF:2
LH:2
BRF:0
BRH:0
end_of_record
TN:
SF:_mocks_\react-native-raw-bottom-sheet\index.js
FNF:0
FNH:0
DA:1,15
DA:5,15
LF:2
LH:2
BRF:0
BRH:0
end_of_record
TN:
SF:src\Components\Authentication\ForgotPassword.js
FN:7,_getRequireWildcardCache
FN:7,_getRequireWildcardCache
FN:7,_interopRequireWildcard
FN:7,_interopRequireDefault
FN:7,_classCallCheck
FN:7,_defineProperties
FN:7,_createClass
FN:7,_inherits
FN:7,_setPrototypeOf
FN:7,_setPrototypeOf
FN:7,_createSuper
FN:7,_createSuperInternal
FN:7,_possibleConstructorReturn
FN:7,_assertThisInitialized
FN:7,_isNativeReflectConstruct
FN:7,(anonymous_15)
FN:7,_getPrototypeOf
FN:7,_getPrototypeOf
FN:10,(anonymous_18)
FN:12,ForgetPassword
FN:23,(anonymous_20)
FN:31,(anonymous_21)
FN:35,(anonymous_22)
FN:40,(anonymous_23)
FN:58,(anonymous_24)
FN:66,(anonymous_25)
FN:73,render
FN:76,onPress
FNF:28
FNH:20
FNDA:0,_getRequireWildcardCache
FNDA:0,_getRequireWildcardCache
FNDA:2,_interopRequireWildcard
FNDA:8,_interopRequireDefault
FNDA:6,_classCallCheck
FNDA:2,_defineProperties
FNDA:2,_createClass
FNDA:2,_inherits
FNDA:2,_setPrototypeOf
FNDA:0,_setPrototypeOf
FNDA:2,_createSuper
FNDA:6,_createSuperInternal
FNDA:6,_possibleConstructorReturn
FNDA:0,_assertThisInitialized
FNDA:2,_isNativeReflectConstruct
FNDA:0,(anonymous_15)
FNDA:1,_getPrototypeOf
FNDA:0,_getPrototypeOf
FNDA:2,(anonymous_18)
FNDA:6,ForgetPassword
FNDA:2,(anonymous_20)
FNDA:2,(anonymous_21)
FNDA:0,(anonymous_22)
FNDA:1,(anonymous_23)
FNDA:1,(anonymous_24)
FNDA:1,(anonymous_25)
FNDA:10,render
FNDA:0,onPress
DA:1,2
DA:2,2
DA:3,2
DA:4,2
DA:5,2
DA:6,2
DA:7,8
DA:10,2
DA:12,6
DA:13,6
DA:24,2
DA:29,6
DA:32,2
DA:33,2
DA:34,1
DA:36,0
DA:41,1
DA:42,0
DA:49,1
DA:50,1
DA:55,2
DA:56,6
DA:59,1
DA:60,1
DA:63,1
DA:64,6
DA:67,1
DA:68,1
DA:69,1
DA:70,6
DA:74,10
DA:77,0
DA:144,2
DA:147,2
LF:34
LH:31
BRDA:7,0,0,0
BRDA:7,0,1,0
BRDA:7,1,0,2
BRDA:7,1,1,0
BRDA:7,2,0,2
BRDA:7,2,1,2
BRDA:7,3,0,0
BRDA:7,3,1,0
BRDA:7,4,0,0
BRDA:7,4,1,0
BRDA:7,4,2,0
BRDA:7,5,0,0
BRDA:7,5,1,0
BRDA:7,6,0,0
BRDA:7,6,1,0
BRDA:7,7,0,0
BRDA:7,7,1,0
BRDA:7,8,0,0
BRDA:7,8,1,0
BRDA:7,9,0,0
BRDA:7,9,1,0
BRDA:7,10,0,0
BRDA:7,10,1,0
BRDA:7,11,0,0
BRDA:7,11,1,0
BRDA:7,11,2,0
BRDA:7,12,0,0
BRDA:7,12,1,0
BRDA:7,13,0,6
BRDA:7,13,1,2
BRDA:7,14,0,8
BRDA:7,14,1,8
BRDA:7,15,0,0
BRDA:7,15,1,6
BRDA:7,16,0,2
BRDA:7,16,1,2
BRDA:7,17,0,2
BRDA:7,17,1,0
BRDA:7,18,0,2
BRDA:7,18,1,0
BRDA:7,19,0,0
BRDA:7,19,1,2
BRDA:7,20,0,0
BRDA:7,20,1,2
BRDA:7,21,0,2
BRDA:7,21,1,0
BRDA:7,22,0,2
BRDA:7,22,1,2
BRDA:7,23,0,2
BRDA:7,23,1,0
BRDA:7,24,0,2
BRDA:7,24,1,0
BRDA:7,25,0,6
BRDA:7,25,1,0
BRDA:7,26,0,6
BRDA:7,26,1,0
BRDA:7,27,0,6
BRDA:7,27,1,6
BRDA:7,27,2,0
BRDA:7,28,0,0
BRDA:7,28,1,0
BRDA:7,29,0,0
BRDA:7,29,1,2
BRDA:7,30,0,2
BRDA:7,30,1,2
BRDA:7,31,0,0
BRDA:7,31,1,2
BRDA:7,32,0,2
BRDA:7,32,1,0
BRDA:7,33,0,1
BRDA:7,33,1,0
BRDA:7,34,0,0
BRDA:7,34,1,0
BRDA:33,35,0,1
BRDA:33,35,1,1
BRDA:41,36,0,0
BRDA:41,36,1,1
BRDA:49,37,0,1
BRDA:49,37,1,0
BRDA:112,38,0,1
BRDA:112,38,1,9
BRDA:112,39,0,0
BRDA:112,39,1,9
BRF:83
BRH:36
end_of_record
TN:
SF:src\Components\Authentication\SignIn.js
FN:13,_getRequireWildcardCache
FN:13,_getRequireWildcardCache
FN:13,_interopRequireWildcard
FN:13,_interopRequireDefault
FN:13,_classCallCheck
FN:13,_defineProperties
FN:13,_createClass
FN:13,_inherits
FN:13,_setPrototypeOf
FN:13,_setPrototypeOf
FN:13,_createSuper
FN:13,_createSuperInternal
FN:13,_possibleConstructorReturn
FN:13,_assertThisInitialized
FN:13,_isNativeReflectConstruct
FN:13,(anonymous_15)
FN:13,_getPrototypeOf
FN:13,_getPrototypeOf
FN:15,(anonymous_18)
FN:17,SignIn
FN:49,(anonymous_20)
FN:51,_callee
FN:51,_callee$
FN:59,(anonymous_23)
FN:62,(anonymous_24)
FN:71,(anonymous_25)
FN:80,(anonymous_26)
FN:95,_callee3
FN:95,_callee3$
FN:100,_callee2
FN:100,_callee2$
FN:109,(anonymous_31)
FN:138,(anonymous_32)
FN:149,(anonymous_33)
FN:155,(anonymous_34)
FN:161,_callee5
FN:161,_callee5$
FN:164,_callee4
FN:164,_callee4$
FN:167,(anonymous_39)
FN:183,(anonymous_40)
FN:186,componentDidMount
FN:186,componentDidMount$
FN:189,render
FN:191,onPress
FN:303,mapStateToProps
FN:310,mapDispatchToProps
FN:312,storeUserId
FN:313,storeUserLabel
FNF:49
FNH:10
FNDA:1,_getRequireWildcardCache
FNDA:0,_getRequireWildcardCache
FNDA:2,_interopRequireWildcard
FNDA:8,_interopRequireDefault
FNDA:0,_classCallCheck
FNDA:1,_defineProperties
FNDA:1,_createClass
FNDA:1,_inherits
FNDA:1,_setPrototypeOf
FNDA:0,_setPrototypeOf
FNDA:1,_createSuper
FNDA:0,_createSuperInternal
FNDA:0,_possibleConstructorReturn
FNDA:0,_assertThisInitialized
FNDA:1,_isNativeReflectConstruct
FNDA:0,(anonymous_15)
FNDA:0,_getPrototypeOf
FNDA:0,_getPrototypeOf
FNDA:1,(anonymous_18)
FNDA:0,SignIn
FNDA:0,(anonymous_20)
FNDA:0,_callee
FNDA:0,_callee$
FNDA:0,(anonymous_23)
FNDA:0,(anonymous_24)
FNDA:0,(anonymous_25)
FNDA:0,(anonymous_26)
FNDA:0,_callee3
FNDA:0,_callee3$
FNDA:0,_callee2
FNDA:0,_callee2$
FNDA:0,(anonymous_31)
FNDA:0,(anonymous_32)
FNDA:0,(anonymous_33)
FNDA:0,(anonymous_34)
FNDA:0,_callee5
FNDA:0,_callee5$
FNDA:0,_callee4
FNDA:0,_callee4$
FNDA:0,(anonymous_39)
FNDA:0,(anonymous_40)
FNDA:0,componentDidMount
FNDA:0,componentDidMount$
FNDA:0,render
FNDA:0,onPress
FNDA:0,mapStateToProps
FNDA:0,mapDispatchToProps
FNDA:0,storeUserId
FNDA:0,storeUserLabel
DA:1,1
DA:2,1
DA:3,1
DA:4,1
DA:5,1
DA:6,1
DA:7,1
DA:8,1
DA:9,1
DA:10,1
DA:11,1
DA:12,1
DA:13,8
DA:15,1
DA:17,0
DA:18,0
DA:50,0
DA:51,0
DA:52,0
DA:53,0
DA:54,0
DA:55,0
DA:56,0
DA:57,0
DA:59,0
DA:60,0
DA:63,0
DA:69,0
DA:72,0
DA:78,0
DA:81,0
DA:82,0
DA:83,0
DA:88,0
DA:92,0
DA:93,0
DA:95,0
DA:96,0
DA:97,0
DA:100,0
DA:102,0
DA:103,0
DA:106,0
DA:107,0
DA:110,0
DA:111,0
DA:115,0
DA:116,0
DA:119,0
DA:121,0
DA:124,0
DA:125,0
DA:129,0
DA:130,0
DA:135,0
DA:139,0
DA:140,0
DA:143,0
DA:145,0
DA:147,0
DA:150,0
DA:151,0
DA:152,0
DA:153,0
DA:156,0
DA:157,0
DA:158,0
DA:159,0
DA:161,0
DA:162,0
DA:163,0
DA:164,0
DA:166,0
DA:168,0
DA:169,0
DA:177,0
DA:180,0
DA:181,0
DA:184,0
DA:186,1
DA:190,0
DA:192,0
DA:300,1
DA:303,1
DA:304,0
DA:310,1
DA:311,0
DA:312,0
DA:313,0
DA:317,1
LF:90
LH:19
BRDA:13,0,0,0
BRDA:13,0,1,1
BRDA:13,1,0,1
BRDA:13,1,1,1
BRDA:13,2,0,2
BRDA:13,2,1,2
BRDA:13,3,0,0
BRDA:13,3,1,1
BRDA:13,4,0,1
BRDA:13,4,1,1
BRDA:13,4,2,0
BRDA:13,5,0,0
BRDA:13,5,1,1
BRDA:13,6,0,1
BRDA:13,6,1,1
BRDA:13,7,0,1
BRDA:13,7,1,1
BRDA:13,8,0,6
BRDA:13,8,1,0
BRDA:13,9,0,6
BRDA:13,9,1,0
BRDA:13,10,0,0
BRDA:13,10,1,6
BRDA:13,11,0,6
BRDA:13,11,1,6
BRDA:13,11,2,6
BRDA:13,12,0,1
BRDA:13,12,1,0
BRDA:13,13,0,6
BRDA:13,13,1,2
BRDA:13,14,0,8
BRDA:13,14,1,8
BRDA:13,15,0,0
BRDA:13,15,1,0
BRDA:13,16,0,2
BRDA:13,16,1,2
BRDA:13,17,0,2
BRDA:13,17,1,0
BRDA:13,18,0,1
BRDA:13,18,1,0
BRDA:13,19,0,0
BRDA:13,19,1,1
BRDA:13,20,0,0
BRDA:13,20,1,1
BRDA:13,21,0,1
BRDA:13,21,1,0
BRDA:13,22,0,1
BRDA:13,22,1,1
BRDA:13,23,0,1
BRDA:13,23,1,0
BRDA:13,24,0,1
BRDA:13,24,1,0
BRDA:13,25,0,0
BRDA:13,25,1,0
BRDA:13,26,0,0
BRDA:13,26,1,0
BRDA:13,27,0,0
BRDA:13,27,1,0
BRDA:13,27,2,0
BRDA:13,28,0,0
BRDA:13,28,1,0
BRDA:13,29,0,0
BRDA:13,29,1,1
BRDA:13,30,0,1
BRDA:13,30,1,1
BRDA:13,31,0,0
BRDA:13,31,1,1
BRDA:13,32,0,1
BRDA:13,32,1,0
BRDA:13,33,0,0
BRDA:13,33,1,0
BRDA:13,34,0,0
BRDA:13,34,1,0
BRDA:51,35,0,0
BRDA:51,35,1,0
BRDA:51,35,2,0
BRDA:53,36,0,0
BRDA:53,36,1,0
BRDA:82,37,0,0
BRDA:82,37,1,0
BRDA:92,38,0,0
BRDA:92,38,1,0
BRDA:95,39,0,0
BRDA:95,39,1,0
BRDA:95,39,2,0
BRDA:95,39,3,0
BRDA:95,39,4,0
BRDA:95,39,5,0
BRDA:96,40,0,0
BRDA:96,40,1,0
BRDA:97,41,0,0
BRDA:97,41,1,0
BRDA:100,42,0,0
BRDA:100,42,1,0
BRDA:100,42,2,0
BRDA:100,42,3,0
BRDA:110,43,0,0
BRDA:110,43,1,0
BRDA:115,44,0,0
BRDA:115,44,1,0
BRDA:124,45,0,0
BRDA:124,45,1,0
BRDA:129,46,0,0
BRDA:129,46,1,0
BRDA:161,47,0,0
BRDA:161,47,1,0
BRDA:161,47,2,0
BRDA:164,48,0,0
BRDA:164,48,1,0
BRDA:164,48,2,0
BRDA:164,48,3,0
BRDA:168,49,0,0
BRDA:168,49,1,0
BRDA:186,50,0,0
BRDA:186,50,1,0
BRDA:186,50,2,0
BRDA:186,50,3,0
BRDA:186,50,4,0
BRDA:186,50,5,0
BRDA:186,50,6,0
BRDA:186,51,0,0
BRDA:186,51,1,0
BRDA:225,52,0,0
BRDA:225,52,1,0
BRDA:225,53,0,0
BRDA:225,53,1,0
BRDA:249,54,0,0
BRDA:249,54,1,0
BRDA:249,55,0,0
BRDA:249,55,1,0
BRF:130
BRH:40
end_of_record
TN:
SF:src\Components\Authentication\SignUp.js
FN:8,_interopRequireDefault
FN:8,_getRequireWildcardCache
FN:8,_getRequireWildcardCache
FN:8,_interopRequireWildcard
FN:8,_classCallCheck
FN:8,_defineProperties
FN:8,_createClass
FN:8,_inherits
FN:8,_setPrototypeOf
FN:8,_setPrototypeOf
FN:8,_createSuper
FN:8,_createSuperInternal
FN:8,_possibleConstructorReturn
FN:8,_assertThisInitialized
FN:8,_isNativeReflectConstruct
FN:8,(anonymous_15)
FN:8,_getPrototypeOf
FN:8,_getPrototypeOf
FN:10,(anonymous_18)
FN:12,SignUp
FN:34,(anonymous_20)
FN:42,(anonymous_21)
FN:50,(anonymous_22)
FN:59,(anonymous_23)
FN:67,(anonymous_24)
FN:81,(anonymous_25)
FN:95,(anonymous_26)
FN:109,(anonymous_27)
FN:123,_callee2
FN:123,_callee2$
FN:127,_callee
FN:127,_callee$
FN:134,(anonymous_32)
FN:172,(anonymous_33)
FN:178,_callee3
FN:178,_callee3$
FN:186,(anonymous_36)
FN:192,render
FN:196,onPress
FNF:39
FNH:31
FNDA:8,_interopRequireDefault
FNDA:2,_getRequireWildcardCache
FNDA:0,_getRequireWildcardCache
FNDA:4,_interopRequireWildcard
FNDA:19,_classCallCheck
FNDA:2,_defineProperties
FNDA:2,_createClass
FNDA:2,_inherits
FNDA:2,_setPrototypeOf
FNDA:0,_setPrototypeOf
FNDA:2,_createSuper
FNDA:19,_createSuperInternal
FNDA:19,_possibleConstructorReturn
FNDA:0,_assertThisInitialized
FNDA:2,_isNativeReflectConstruct
FNDA:0,(anonymous_15)
FNDA:1,_getPrototypeOf
FNDA:0,_getPrototypeOf
FNDA:2,(anonymous_18)
FNDA:19,SignUp
FNDA:3,(anonymous_20)
FNDA:3,(anonymous_21)
FNDA:3,(anonymous_22)
FNDA:3,(anonymous_23)
FNDA:5,(anonymous_24)
FNDA:5,(anonymous_25)
FNDA:5,(anonymous_26)
FNDA:5,(anonymous_27)
FNDA:3,_callee2
FNDA:9,_callee2$
FNDA:0,_callee
FNDA:0,_callee$
FNDA:2,(anonymous_32)
FNDA:1,(anonymous_33)
FNDA:1,_callee3
FNDA:1,_callee3$
FNDA:1,(anonymous_36)
FNDA:65,render
FNDA:0,onPress
DA:1,2
DA:2,2
DA:3,2
DA:4,2
DA:5,2
DA:6,2
DA:7,2
DA:8,56
DA:10,2
DA:12,19
DA:13,19
DA:35,3
DA:39,3
DA:40,19
DA:43,3
DA:47,3
DA:48,19
DA:51,3
DA:56,3
DA:57,19
DA:60,3
DA:64,3
DA:65,19
DA:68,5
DA:69,5
DA:70,4
DA:75,1
DA:79,19
DA:82,5
DA:83,5
DA:84,4
DA:89,1
DA:93,19
DA:96,5
DA:97,5
DA:98,4
DA:103,1
DA:107,19
DA:110,5
DA:111,5
DA:112,4
DA:117,1
DA:121,19
DA:123,13
DA:124,3
DA:125,2
DA:127,0
DA:131,0
DA:132,0
DA:135,2
DA:136,1
DA:140,2
DA:143,1
DA:145,1
DA:148,1
DA:150,1
DA:153,1
DA:155,1
DA:158,1
DA:160,1
DA:163,1
DA:169,19
DA:173,1
DA:174,1
DA:175,1
DA:176,19
DA:178,1
DA:179,1
DA:180,1
DA:183,19
DA:187,1
DA:188,1
DA:189,1
DA:190,19
DA:193,65
DA:197,0
DA:335,2
LF:77
LH:73
BRDA:8,0,0,8
BRDA:8,0,1,0
BRDA:8,1,0,8
BRDA:8,1,1,8
BRDA:8,2,0,0
BRDA:8,2,1,2
BRDA:8,3,0,2
BRDA:8,3,1,2
BRDA:8,4,0,4
BRDA:8,4,1,4
BRDA:8,5,0,0
BRDA:8,5,1,2
BRDA:8,6,0,2
BRDA:8,6,1,2
BRDA:8,6,2,0
BRDA:8,7,0,0
BRDA:8,7,1,2
BRDA:8,8,0,2
BRDA:8,8,1,2
BRDA:8,9,0,2
BRDA:8,9,1,2
BRDA:8,10,0,56
BRDA:8,10,1,0
BRDA:8,11,0,56
BRDA:8,11,1,0
BRDA:8,12,0,0
BRDA:8,12,1,56
BRDA:8,13,0,56
BRDA:8,13,1,56
BRDA:8,13,2,56
BRDA:8,14,0,2
BRDA:8,14,1,0
BRDA:8,15,0,0
BRDA:8,15,1,19
BRDA:8,16,0,2
BRDA:8,16,1,2
BRDA:8,17,0,2
BRDA:8,17,1,0
BRDA:8,18,0,2
BRDA:8,18,1,0
BRDA:8,19,0,0
BRDA:8,19,1,2
BRDA:8,20,0,0
BRDA:8,20,1,2
BRDA:8,21,0,2
BRDA:8,21,1,0
BRDA:8,22,0,2
BRDA:8,22,1,2
BRDA:8,23,0,2
BRDA:8,23,1,0
BRDA:8,24,0,2
BRDA:8,24,1,0
BRDA:8,25,0,19
BRDA:8,25,1,0
BRDA:8,26,0,19
BRDA:8,26,1,0
BRDA:8,27,0,19
BRDA:8,27,1,19
BRDA:8,27,2,0
BRDA:8,28,0,0
BRDA:8,28,1,0
BRDA:8,29,0,0
BRDA:8,29,1,2
BRDA:8,30,0,2
BRDA:8,30,1,2
BRDA:8,31,0,0
BRDA:8,31,1,2
BRDA:8,32,0,2
BRDA:8,32,1,0
BRDA:8,33,0,1
BRDA:8,33,1,0
BRDA:8,34,0,0
BRDA:8,34,1,0
BRDA:69,35,0,4
BRDA:69,35,1,1
BRDA:83,36,0,4
BRDA:83,36,1,1
BRDA:97,37,0,4
BRDA:97,37,1,1
BRDA:111,38,0,4
BRDA:111,38,1,1
BRDA:123,39,0,3
BRDA:123,39,1,2
BRDA:123,39,2,1
BRDA:123,39,3,1
BRDA:123,39,4,1
BRDA:123,39,5,1
BRDA:123,39,6,1
BRDA:123,39,7,3
BRDA:123,39,8,3
BRDA:123,39,9,3
BRDA:124,40,0,1
BRDA:124,40,1,2
BRDA:125,41,0,3
BRDA:125,41,1,2
BRDA:125,41,2,2
BRDA:125,41,3,2
BRDA:127,42,0,0
BRDA:127,42,1,0
BRDA:127,42,2,0
BRDA:127,42,3,0
BRDA:135,43,0,1
BRDA:135,43,1,1
BRDA:140,44,0,0
BRDA:140,44,1,1
BRDA:145,45,0,0
BRDA:145,45,1,1
BRDA:150,46,0,0
BRDA:150,46,1,1
BRDA:155,47,0,0
BRDA:155,47,1,1
BRDA:160,48,0,1
BRDA:160,48,1,0
BRDA:178,49,0,1
BRDA:178,49,1,1
BRDA:178,49,2,1
BRDA:231,50,0,4
BRDA:231,50,1,61
BRDA:231,51,0,60
BRDA:231,51,1,1
BRDA:252,52,0,3
BRDA:252,52,1,62
BRDA:252,53,0,61
BRDA:252,53,1,1
BRDA:273,54,0,2
BRDA:273,54,1,63
BRDA:273,55,0,62
BRDA:273,55,1,1
BRDA:273,56,0,1
BRDA:273,56,1,61
BRDA:296,57,0,1
BRDA:296,57,1,64
BRDA:296,58,0,63
BRDA:296,58,1,1
BRF:134
BRH:97
end_of_record
TN:
SF:src\Components\Authentication\Splash.js
FN:5,_interopRequireDefault
FN:5,_getRequireWildcardCache
FN:5,_getRequireWildcardCache
FN:5,_interopRequireWildcard
FN:5,_classCallCheck
FN:5,_defineProperties
FN:5,_createClass
FN:5,_inherits
FN:5,_setPrototypeOf
FN:5,_setPrototypeOf
FN:5,_createSuper
FN:5,_createSuperInternal
FN:5,_possibleConstructorReturn
FN:5,_assertThisInitialized
FN:5,_isNativeReflectConstruct
FN:5,(anonymous_15)
FN:5,_getPrototypeOf
FN:5,_getPrototypeOf
FN:7,(anonymous_18)
FN:9,SplashScreen
FN:13,componentDidMount
FN:14,(anonymous_21)
FN:19,render
FNF:23
FNH:17
FNDA:2,_interopRequireDefault
FNDA:1,_getRequireWildcardCache
FNDA:0,_getRequireWildcardCache
FNDA:2,_interopRequireWildcard
FNDA:1,_classCallCheck
FNDA:1,_defineProperties
FNDA:1,_createClass
FNDA:1,_inherits
FNDA:1,_setPrototypeOf
FNDA:0,_setPrototypeOf
FNDA:1,_createSuper
FNDA:1,_createSuperInternal
FNDA:1,_possibleConstructorReturn
FNDA:0,_assertThisInitialized
FNDA:1,_isNativeReflectConstruct
FNDA:0,(anonymous_15)
FNDA:1,_getPrototypeOf
FNDA:0,_getPrototypeOf
FNDA:1,(anonymous_18)
FNDA:1,SplashScreen
FNDA:1,componentDidMount
FNDA:0,(anonymous_21)
FNDA:1,render
DA:1,1
DA:2,1
DA:3,1
DA:4,1
DA:5,28
DA:7,1
DA:9,1
DA:11,1
DA:13,1
DA:14,1
DA:15,0
DA:20,1
DA:37,1
DA:40,1
LF:14
LH:13
BRDA:5,0,0,2
BRDA:5,0,1,0
BRDA:5,1,0,2
BRDA:5,1,1,2
BRDA:5,2,0,0
BRDA:5,2,1,1
BRDA:5,3,0,1
BRDA:5,3,1,1
BRDA:5,4,0,2
BRDA:5,4,1,2
BRDA:5,5,0,0
BRDA:5,5,1,1
BRDA:5,6,0,1
BRDA:5,6,1,1
BRDA:5,6,2,0
BRDA:5,7,0,0
BRDA:5,7,1,1
BRDA:5,8,0,1
BRDA:5,8,1,1
BRDA:5,9,0,1
BRDA:5,9,1,1
BRDA:5,10,0,28
BRDA:5,10,1,0
BRDA:5,11,0,28
BRDA:5,11,1,0
BRDA:5,12,0,0
BRDA:5,12,1,28
BRDA:5,13,0,28
BRDA:5,13,1,28
BRDA:5,13,2,28
BRDA:5,14,0,1
BRDA:5,14,1,0
BRDA:5,15,0,0
BRDA:5,15,1,1
BRDA:5,16,0,2
BRDA:5,16,1,2
BRDA:5,17,0,2
BRDA:5,17,1,0
BRDA:5,18,0,1
BRDA:5,18,1,0
BRDA:5,19,0,0
BRDA:5,19,1,1
BRDA:5,20,0,0
BRDA:5,20,1,1
BRDA:5,21,0,1
BRDA:5,21,1,0
BRDA:5,22,0,1
BRDA:5,22,1,1
BRDA:5,23,0,1
BRDA:5,23,1,0
BRDA:5,24,0,1
BRDA:5,24,1,0
BRDA:5,25,0,1
BRDA:5,25,1,0
BRDA:5,26,0,1
BRDA:5,26,1,0
BRDA:5,27,0,1
BRDA:5,27,1,1
BRDA:5,27,2,0
BRDA:5,28,0,0
BRDA:5,28,1,0
BRDA:5,29,0,0
BRDA:5,29,1,1
BRDA:5,30,0,1
BRDA:5,30,1,1
BRDA:5,31,0,0
BRDA:5,31,1,1
BRDA:5,32,0,1
BRDA:5,32,1,0
BRDA:5,33,0,1
BRDA:5,33,1,0
BRDA:5,34,0,0
BRDA:5,34,1,0
BRF:73
BRH:45
end_of_record
TN:
SF:src\Components\Dashboard\BottomBar.js
FN:4,_interopRequireDefault
FN:4,_getRequireWildcardCache
FN:4,_getRequireWildcardCache
FN:4,_interopRequireWildcard
FN:4,_classCallCheck
FN:4,_defineProperties
FN:4,_createClass
FN:4,_inherits
FN:4,_setPrototypeOf
FN:4,_setPrototypeOf
FN:4,_createSuper
FN:4,_createSuperInternal
FN:4,_possibleConstructorReturn
FN:4,_assertThisInitialized
FN:4,_isNativeReflectConstruct
FN:4,(anonymous_15)
FN:4,_getPrototypeOf
FN:4,_getPrototypeOf
FN:6,(anonymous_18)
FN:6,BottomBar
FN:8,(anonymous_20)
FN:14,render
FNF:22
FNH:17
FNDA:1,_interopRequireDefault
FNDA:1,_getRequireWildcardCache
FNDA:0,_getRequireWildcardCache
FNDA:1,_interopRequireWildcard
FNDA:3,_classCallCheck
FNDA:1,_defineProperties
FNDA:1,_createClass
FNDA:1,_inherits
FNDA:1,_setPrototypeOf
FNDA:0,_setPrototypeOf
FNDA:1,_createSuper
FNDA:3,_createSuperInternal
FNDA:3,_possibleConstructorReturn
FNDA:0,_assertThisInitialized
FNDA:1,_isNativeReflectConstruct
FNDA:0,(anonymous_15)
FNDA:1,_getPrototypeOf
FNDA:0,_getPrototypeOf
FNDA:1,(anonymous_18)
FNDA:3,BottomBar
FNDA:1,(anonymous_20)
FNDA:3,render
DA:1,1
DA:2,1
DA:3,1
DA:4,28
DA:6,9
DA:9,1
DA:10,1
DA:11,1
DA:12,3
DA:15,3
DA:43,1
DA:47,1
LF:12
LH:12
BRDA:4,0,0,1
BRDA:4,0,1,0
BRDA:4,1,0,1
BRDA:4,1,1,1
BRDA:4,2,0,0
BRDA:4,2,1,1
BRDA:4,3,0,0
BRDA:4,3,1,1
BRDA:4,4,0,1
BRDA:4,4,1,1
BRDA:4,5,0,0
BRDA:4,5,1,1
BRDA:4,6,0,1
BRDA:4,6,1,1
BRDA:4,6,2,0
BRDA:4,7,0,0
BRDA:4,7,1,1
BRDA:4,8,0,1
BRDA:4,8,1,1
BRDA:4,9,0,1
BRDA:4,9,1,1
BRDA:4,10,0,28
BRDA:4,10,1,0
BRDA:4,11,0,28
BRDA:4,11,1,0
BRDA:4,12,0,0
BRDA:4,12,1,28
BRDA:4,13,0,28
BRDA:4,13,1,28
BRDA:4,13,2,28
BRDA:4,14,0,1
BRDA:4,14,1,0
BRDA:4,15,0,0
BRDA:4,15,1,3
BRDA:4,16,0,1
BRDA:4,16,1,1
BRDA:4,17,0,1
BRDA:4,17,1,0
BRDA:4,18,0,1
BRDA:4,18,1,0
BRDA:4,19,0,0
BRDA:4,19,1,1
BRDA:4,20,0,0
BRDA:4,20,1,1
BRDA:4,21,0,1
BRDA:4,21,1,0
BRDA:4,22,0,1
BRDA:4,22,1,1
BRDA:4,23,0,1
BRDA:4,23,1,0
BRDA:4,24,0,1
BRDA:4,24,1,0
BRDA:4,25,0,3
BRDA:4,25,1,0
BRDA:4,26,0,3
BRDA:4,26,1,0
BRDA:4,27,0,3
BRDA:4,27,1,3
BRDA:4,27,2,0
BRDA:4,28,0,0
BRDA:4,28,1,0
BRDA:4,29,0,0
BRDA:4,29,1,1
BRDA:4,30,0,1
BRDA:4,30,1,1
BRDA:4,31,0,0
BRDA:4,31,1,1
BRDA:4,32,0,1
BRDA:4,32,1,0
BRDA:4,33,0,1
BRDA:4,33,1,0
BRDA:4,34,0,0
BRDA:4,34,1,0
BRF:73
BRH:44
end_of_record
TN:
SF:src\Components\Dashboard\DeletedScreen.js
FN:8,_interopRequireDefault
FN:8,_getRequireWildcardCache
FN:8,_getRequireWildcardCache
FN:8,_interopRequireWildcard
FN:8,_classCallCheck
FN:8,_defineProperties
FN:8,_createClass
FN:8,_inherits
FN:8,_setPrototypeOf
FN:8,_setPrototypeOf
FN:8,_createSuper
FN:8,_createSuperInternal
FN:8,_possibleConstructorReturn
FN:8,_assertThisInitialized
FN:8,_isNativeReflectConstruct
FN:8,(anonymous_15)
FN:8,_getPrototypeOf
FN:8,_getPrototypeOf
FN:10,(anonymous_18)
FN:12,DeletedScreen
FN:20,_callee
FN:20,_callee$
FN:44,_callee2
FN:44,_callee2$
FN:47,componentDidMount
FN:47,componentDidMount$
FN:47,_callee3
FN:47,_callee3$
FN:47,(anonymous_28)
FN:50,render
FN:68,(anonymous_30)
FNF:31
FNH:21
FNDA:4,_interopRequireDefault
FNDA:1,_getRequireWildcardCache
FNDA:1,_getRequireWildcardCache
FNDA:2,_interopRequireWildcard
FNDA:2,_classCallCheck
FNDA:1,_defineProperties
FNDA:1,_createClass
FNDA:1,_inherits
FNDA:1,_setPrototypeOf
FNDA:0,_setPrototypeOf
FNDA:1,_createSuper
FNDA:2,_createSuperInternal
FNDA:2,_possibleConstructorReturn
FNDA:0,_assertThisInitialized
FNDA:1,_isNativeReflectConstruct
FNDA:0,(anonymous_15)
FNDA:1,_getPrototypeOf
FNDA:0,_getPrototypeOf
FNDA:1,(anonymous_18)
FNDA:2,DeletedScreen
FNDA:0,_callee
FNDA:0,_callee$
FNDA:1,_callee2
FNDA:1,_callee2$
FNDA:2,componentDidMount
FNDA:6,componentDidMount$
FNDA:0,_callee3
FNDA:0,_callee3$
FNDA:0,(anonymous_28)
FNDA:2,render
FNDA:0,(anonymous_30)
DA:1,1
DA:2,1
DA:3,1
DA:4,1
DA:5,1
DA:6,1
DA:7,1
DA:8,34
DA:10,1
DA:12,2
DA:13,2
DA:20,0
DA:21,0
DA:22,0
DA:23,2
DA:44,1
DA:45,1
DA:46,1
DA:47,6
DA:50,2
DA:51,2
DA:68,0
DA:81,1
DA:84,1
LF:24
LH:20
BRDA:8,0,0,4
BRDA:8,0,1,0
BRDA:8,1,0,4
BRDA:8,1,1,4
BRDA:8,2,0,0
BRDA:8,2,1,1
BRDA:8,3,0,0
BRDA:8,3,1,2
BRDA:8,4,0,2
BRDA:8,4,1,2
BRDA:8,5,0,0
BRDA:8,5,1,2
BRDA:8,6,0,2
BRDA:8,6,1,2
BRDA:8,6,2,0
BRDA:8,7,0,0
BRDA:8,7,1,2
BRDA:8,8,0,2
BRDA:8,8,1,2
BRDA:8,9,0,2
BRDA:8,9,1,2
BRDA:8,10,0,34
BRDA:8,10,1,0
BRDA:8,11,0,34
BRDA:8,11,1,0
BRDA:8,12,0,0
BRDA:8,12,1,34
BRDA:8,13,0,34
BRDA:8,13,1,34
BRDA:8,13,2,34
BRDA:8,14,0,2
BRDA:8,14,1,0
BRDA:8,15,0,0
BRDA:8,15,1,2
BRDA:8,16,0,2
BRDA:8,16,1,2
BRDA:8,17,0,2
BRDA:8,17,1,0
BRDA:8,18,0,1
BRDA:8,18,1,0
BRDA:8,19,0,0
BRDA:8,19,1,1
BRDA:8,20,0,0
BRDA:8,20,1,1
BRDA:8,21,0,1
BRDA:8,21,1,0
BRDA:8,22,0,1
BRDA:8,22,1,1
BRDA:8,23,0,1
BRDA:8,23,1,0
BRDA:8,24,0,1
BRDA:8,24,1,0
BRDA:8,25,0,2
BRDA:8,25,1,0
BRDA:8,26,0,2
BRDA:8,26,1,0
BRDA:8,27,0,2
BRDA:8,27,1,2
BRDA:8,27,2,0
BRDA:8,28,0,0
BRDA:8,28,1,0
BRDA:8,29,0,0
BRDA:8,29,1,1
BRDA:8,30,0,1
BRDA:8,30,1,1
BRDA:8,31,0,0
BRDA:8,31,1,1
BRDA:8,32,0,1
BRDA:8,32,1,0
BRDA:8,33,0,1
BRDA:8,33,1,0
BRDA:8,34,0,0
BRDA:8,34,1,0
BRDA:20,35,0,0
BRDA:20,35,1,0
BRDA:20,35,2,0
BRDA:44,36,0,1
BRDA:44,36,1,1
BRDA:44,36,2,1
BRDA:47,37,0,2
BRDA:47,37,1,2
BRDA:47,37,2,0
BRDA:47,37,3,2
BRDA:47,38,0,0
BRDA:47,38,1,0
BRDA:47,38,2,0
BRDA:47,39,0,0
BRDA:47,39,1,0
BRDA:60,40,0,0
BRDA:60,40,1,2
BRDA:67,41,0,0
BRDA:67,41,1,2
BRF:92
BRH:52
end_of_record
TN:
SF:src\Components\Dashboard\DotVerticalMenu.js
FN:4,_interopRequireDefault
FN:4,_getRequireWildcardCache
FN:4,_getRequireWildcardCache
FN:4,_interopRequireWildcard
FN:4,_classCallCheck
FN:4,_defineProperties
FN:4,_createClass
FN:4,_inherits
FN:4,_setPrototypeOf
FN:4,_setPrototypeOf
FN:4,_createSuper
FN:4,_createSuperInternal
FN:4,_possibleConstructorReturn
FN:4,_assertThisInitialized
FN:4,_isNativeReflectConstruct
FN:4,(anonymous_15)
FN:4,_getPrototypeOf
FN:4,_getPrototypeOf
FN:6,(anonymous_18)
FN:8,DotVerticalMenu
FN:13,render
FN:27,icon
FNF:22
FNH:16
FNDA:1,_interopRequireDefault
FNDA:1,_getRequireWildcardCache
FNDA:0,_getRequireWildcardCache
FNDA:1,_interopRequireWildcard
FNDA:2,_classCallCheck
FNDA:1,_defineProperties
FNDA:1,_createClass
FNDA:1,_inherits
FNDA:1,_setPrototypeOf
FNDA:0,_setPrototypeOf
FNDA:1,_createSuper
FNDA:2,_createSuperInternal
FNDA:2,_possibleConstructorReturn
FNDA:0,_assertThisInitialized
FNDA:1,_isNativeReflectConstruct
FNDA:0,(anonymous_15)
FNDA:1,_getPrototypeOf
FNDA:0,_getPrototypeOf
FNDA:1,(anonymous_18)
FNDA:2,DotVerticalMenu
FNDA:2,render
FNDA:0,icon
DA:1,1
DA:2,1
DA:3,1
DA:4,28
DA:6,1
DA:8,2
DA:10,1
DA:13,2
DA:14,2
DA:27,0
DA:38,1
DA:41,1
LF:12
LH:11
BRDA:4,0,0,1
BRDA:4,0,1,0
BRDA:4,1,0,1
BRDA:4,1,1,1
BRDA:4,2,0,0
BRDA:4,2,1,1
BRDA:4,3,0,0
BRDA:4,3,1,1
BRDA:4,4,0,1
BRDA:4,4,1,1
BRDA:4,5,0,0
BRDA:4,5,1,1
BRDA:4,6,0,1
BRDA:4,6,1,1
BRDA:4,6,2,0
BRDA:4,7,0,0
BRDA:4,7,1,1
BRDA:4,8,0,1
BRDA:4,8,1,1
BRDA:4,9,0,1
BRDA:4,9,1,1
BRDA:4,10,0,28
BRDA:4,10,1,0
BRDA:4,11,0,28
BRDA:4,11,1,0
BRDA:4,12,0,0
BRDA:4,12,1,28
BRDA:4,13,0,28
BRDA:4,13,1,28
BRDA:4,13,2,28
BRDA:4,14,0,1
BRDA:4,14,1,0
BRDA:4,15,0,0
BRDA:4,15,1,2
BRDA:4,16,0,1
BRDA:4,16,1,1
BRDA:4,17,0,1
BRDA:4,17,1,0
BRDA:4,18,0,1
BRDA:4,18,1,0
BRDA:4,19,0,0
BRDA:4,19,1,1
BRDA:4,20,0,0
BRDA:4,20,1,1
BRDA:4,21,0,1
BRDA:4,21,1,0
BRDA:4,22,0,1
BRDA:4,22,1,1
BRDA:4,23,0,1
BRDA:4,23,1,0
BRDA:4,24,0,1
BRDA:4,24,1,0
BRDA:4,25,0,2
BRDA:4,25,1,0
BRDA:4,26,0,2
BRDA:4,26,1,0
BRDA:4,27,0,2
BRDA:4,27,1,2
BRDA:4,27,2,0
BRDA:4,28,0,0
BRDA:4,28,1,0
BRDA:4,29,0,0
BRDA:4,29,1,1
BRDA:4,30,0,1
BRDA:4,30,1,1
BRDA:4,31,0,0
BRDA:4,31,1,1
BRDA:4,32,0,1
BRDA:4,32,1,0
BRDA:4,33,0,1
BRDA:4,33,1,0
BRDA:4,34,0,0
BRDA:4,34,1,0
BRF:73
BRH:44
end_of_record
TN:
SF:src\Components\Dashboard\DotsVerticalRestoreRBSheetMenu.js
FN:3,_getRequireWildcardCache
FN:3,_getRequireWildcardCache
FN:3,_interopRequireWildcard
FN:3,_classCallCheck
FN:3,_defineProperties
FN:3,_createClass
FN:3,_inherits
FN:3,_setPrototypeOf
FN:3,_setPrototypeOf
FN:3,_createSuper
FN:3,_createSuperInternal
FN:3,_possibleConstructorReturn
FN:3,_assertThisInitialized
FN:3,_isNativeReflectConstruct
FN:3,(anonymous_14)
FN:3,_getPrototypeOf
FN:3,_getPrototypeOf
FN:5,(anonymous_17)
FN:7,DotsVerticalRestoreRBSheetMenu
FN:11,render
FNF:20
FNH:15
FNDA:1,_getRequireWildcardCache
FNDA:0,_getRequireWildcardCache
FNDA:1,_interopRequireWildcard
FNDA:2,_classCallCheck
FNDA:1,_defineProperties
FNDA:1,_createClass
FNDA:1,_inherits
FNDA:1,_setPrototypeOf
FNDA:0,_setPrototypeOf
FNDA:1,_createSuper
FNDA:2,_createSuperInternal
FNDA:2,_possibleConstructorReturn
FNDA:0,_assertThisInitialized
FNDA:1,_isNativeReflectConstruct
FNDA:0,(anonymous_14)
FNDA:1,_getPrototypeOf
FNDA:0,_getPrototypeOf
FNDA:1,(anonymous_17)
FNDA:2,DotsVerticalRestoreRBSheetMenu
FNDA:2,render
DA:1,1
DA:2,1
DA:3,28
DA:5,1
DA:7,2
DA:9,1
DA:12,2
DA:22,1
DA:25,1
LF:9
LH:9
BRDA:3,0,0,0
BRDA:3,0,1,1
BRDA:3,1,0,0
BRDA:3,1,1,1
BRDA:3,2,0,1
BRDA:3,2,1,1
BRDA:3,3,0,0
BRDA:3,3,1,1
BRDA:3,4,0,1
BRDA:3,4,1,1
BRDA:3,4,2,0
BRDA:3,5,0,0
BRDA:3,5,1,1
BRDA:3,6,0,1
BRDA:3,6,1,1
BRDA:3,7,0,1
BRDA:3,7,1,1
BRDA:3,8,0,28
BRDA:3,8,1,0
BRDA:3,9,0,28
BRDA:3,9,1,0
BRDA:3,10,0,0
BRDA:3,10,1,28
BRDA:3,11,0,28
BRDA:3,11,1,28
BRDA:3,11,2,28
BRDA:3,12,0,1
BRDA:3,12,1,0
BRDA:3,13,0,0
BRDA:3,13,1,2
BRDA:3,14,0,1
BRDA:3,14,1,1
BRDA:3,15,0,1
BRDA:3,15,1,0
BRDA:3,16,0,1
BRDA:3,16,1,0
BRDA:3,17,0,0
BRDA:3,17,1,1
BRDA:3,18,0,0
BRDA:3,18,1,1
BRDA:3,19,0,1
BRDA:3,19,1,0
BRDA:3,20,0,1
BRDA:3,20,1,1
BRDA:3,21,0,1
BRDA:3,21,1,0
BRDA:3,22,0,1
BRDA:3,22,1,0
BRDA:3,23,0,2
BRDA:3,23,1,0
BRDA:3,24,0,2
BRDA:3,24,1,0
BRDA:3,25,0,2
BRDA:3,25,1,2
BRDA:3,25,2,0
BRDA:3,26,0,0
BRDA:3,26,1,0
BRDA:3,27,0,0
BRDA:3,27,1,1
BRDA:3,28,0,1
BRDA:3,28,1,1
BRDA:3,29,0,0
BRDA:3,29,1,1
BRDA:3,30,0,1
BRDA:3,30,1,0
BRDA:3,31,0,1
BRDA:3,31,1,0
BRDA:3,32,0,0
BRDA:3,32,1,0
BRF:69
BRH:41
end_of_record
TN:
SF:src\Components\Dashboard\HeaderBar.js
FN:4,_interopRequireDefault
FN:4,_getRequireWildcardCache
FN:4,_getRequireWildcardCache
FN:4,_interopRequireWildcard
FN:4,_classCallCheck
FN:4,_defineProperties
FN:4,_createClass
FN:4,_inherits
FN:4,_setPrototypeOf
FN:4,_setPrototypeOf
FN:4,_createSuper
FN:4,_createSuperInternal
FN:4,_possibleConstructorReturn
FN:4,_assertThisInitialized
FN:4,_isNativeReflectConstruct
FN:4,(anonymous_15)
FN:4,_getPrototypeOf
FN:4,_getPrototypeOf
FN:6,(anonymous_18)
FN:8,HeaderBar
FN:12,(anonymous_20)
FN:18,(anonymous_21)
FN:24,render
FNF:23
FNH:18
FNDA:1,_interopRequireDefault
FNDA:1,_getRequireWildcardCache
FNDA:0,_getRequireWildcardCache
FNDA:1,_interopRequireWildcard
FNDA:4,_classCallCheck
FNDA:1,_defineProperties
FNDA:1,_createClass
FNDA:1,_inherits
FNDA:1,_setPrototypeOf
FNDA:0,_setPrototypeOf
FNDA:1,_createSuper
FNDA:4,_createSuperInternal
FNDA:4,_possibleConstructorReturn
FNDA:0,_assertThisInitialized
FNDA:1,_isNativeReflectConstruct
FNDA:0,(anonymous_15)
FNDA:1,_getPrototypeOf
FNDA:0,_getPrototypeOf
FNDA:1,(anonymous_18)
FNDA:4,HeaderBar
FNDA:1,(anonymous_20)
FNDA:1,(anonymous_21)
FNDA:4,render
DA:1,1
DA:2,1
DA:3,1
DA:4,28
DA:6,1
DA:8,4
DA:9,4
DA:13,1
DA:14,1
DA:15,1
DA:16,4
DA:19,1
DA:20,1
DA:21,1
DA:22,4
DA:25,4
DA:51,1
DA:55,1
LF:18
LH:18
BRDA:4,0,0,1
BRDA:4,0,1,0
BRDA:4,1,0,1
BRDA:4,1,1,1
BRDA:4,2,0,0
BRDA:4,2,1,1
BRDA:4,3,0,0
BRDA:4,3,1,1
BRDA:4,4,0,1
BRDA:4,4,1,1
BRDA:4,5,0,0
BRDA:4,5,1,1
BRDA:4,6,0,1
BRDA:4,6,1,1
BRDA:4,6,2,0
BRDA:4,7,0,0
BRDA:4,7,1,1
BRDA:4,8,0,1
BRDA:4,8,1,1
BRDA:4,9,0,1
BRDA:4,9,1,1
BRDA:4,10,0,28
BRDA:4,10,1,0
BRDA:4,11,0,28
BRDA:4,11,1,0
BRDA:4,12,0,0
BRDA:4,12,1,28
BRDA:4,13,0,28
BRDA:4,13,1,28
BRDA:4,13,2,28
BRDA:4,14,0,1
BRDA:4,14,1,0
BRDA:4,15,0,0
BRDA:4,15,1,4
BRDA:4,16,0,1
BRDA:4,16,1,1
BRDA:4,17,0,1
BRDA:4,17,1,0
BRDA:4,18,0,1
BRDA:4,18,1,0
BRDA:4,19,0,0
BRDA:4,19,1,1
BRDA:4,20,0,0
BRDA:4,20,1,1
BRDA:4,21,0,1
BRDA:4,21,1,0
BRDA:4,22,0,1
BRDA:4,22,1,1
BRDA:4,23,0,1
BRDA:4,23,1,0
BRDA:4,24,0,1
BRDA:4,24,1,0
BRDA:4,25,0,4
BRDA:4,25,1,0
BRDA:4,26,0,4
BRDA:4,26,1,0
BRDA:4,27,0,4
BRDA:4,27,1,4
BRDA:4,27,2,0
BRDA:4,28,0,0
BRDA:4,28,1,0
BRDA:4,29,0,0
BRDA:4,29,1,1
BRDA:4,30,0,1
BRDA:4,30,1,1
BRDA:4,31,0,0
BRDA:4,31,1,1
BRDA:4,32,0,1
BRDA:4,32,1,0
BRDA:4,33,0,1
BRDA:4,33,1,0
BRDA:4,34,0,0
BRDA:4,34,1,0
BRDA:37,35,0,0
BRDA:37,35,1,4
BRDA:46,36,0,0
BRDA:46,36,1,4
BRF:77
BRH:46
end_of_record
TN:
SF:src\Components\Dashboard\NoteCard.js
FN:5,_interopRequireDefault
FN:5,_getRequireWildcardCache
FN:5,_getRequireWildcardCache
FN:5,_interopRequireWildcard
FN:5,_classCallCheck
FN:5,_defineProperties
FN:5,_createClass
FN:5,_inherits
FN:5,_setPrototypeOf
FN:5,_setPrototypeOf
FN:5,_createSuper
FN:5,_createSuperInternal
FN:5,_possibleConstructorReturn
FN:5,_assertThisInitialized
FN:5,_isNativeReflectConstruct
FN:5,(anonymous_15)
FN:5,_getPrototypeOf
FN:5,_getPrototypeOf
FN:7,(anonymous_18)
FN:9,NoteCard
FN:17,(anonymous_20)
FN:23,render
FN:27,onPress
FN:40,(anonymous_23)
FN:60,mapStateToProps
FNF:25
FNH:10
FNDA:3,_interopRequireDefault
FNDA:3,_getRequireWildcardCache
FNDA:0,_getRequireWildcardCache
FNDA:3,_interopRequireWildcard
FNDA:0,_classCallCheck
FNDA:3,_defineProperties
FNDA:3,_createClass
FNDA:3,_inherits
FNDA:3,_setPrototypeOf
FNDA:0,_setPrototypeOf
FNDA:3,_createSuper
FNDA:0,_createSuperInternal
FNDA:0,_possibleConstructorReturn
FNDA:0,_assertThisInitialized
FNDA:3,_isNativeReflectConstruct
FNDA:0,(anonymous_15)
FNDA:0,_getPrototypeOf
FNDA:0,_getPrototypeOf
FNDA:3,(anonymous_18)
FNDA:0,NoteCard
FNDA:0,(anonymous_20)
FNDA:0,render
FNDA:0,onPress
FNDA:0,(anonymous_23)
FNDA:0,mapStateToProps
DA:1,3
DA:2,3
DA:3,3
DA:4,3
DA:5,84
DA:7,3
DA:9,0
DA:10,0
DA:18,0
DA:19,0
DA:20,0
DA:21,3
DA:23,0
DA:24,0
DA:27,0
DA:40,0
DA:57,3
DA:60,3
DA:61,0
DA:67,3
LF:20
LH:10
BRDA:5,0,0,3
BRDA:5,0,1,0
BRDA:5,1,0,3
BRDA:5,1,1,3
BRDA:5,2,0,0
BRDA:5,2,1,3
BRDA:5,3,0,0
BRDA:5,3,1,3
BRDA:5,4,0,3
BRDA:5,4,1,3
BRDA:5,5,0,0
BRDA:5,5,1,3
BRDA:5,6,0,3
BRDA:5,6,1,3
BRDA:5,6,2,0
BRDA:5,7,0,0
BRDA:5,7,1,3
BRDA:5,8,0,3
BRDA:5,8,1,3
BRDA:5,9,0,3
BRDA:5,9,1,3
BRDA:5,10,0,84
BRDA:5,10,1,0
BRDA:5,11,0,84
BRDA:5,11,1,0
BRDA:5,12,0,0
BRDA:5,12,1,84
BRDA:5,13,0,84
BRDA:5,13,1,84
BRDA:5,13,2,84
BRDA:5,14,0,3
BRDA:5,14,1,0
BRDA:5,15,0,0
BRDA:5,15,1,0
BRDA:5,16,0,3
BRDA:5,16,1,3
BRDA:5,17,0,3
BRDA:5,17,1,0
BRDA:5,18,0,3
BRDA:5,18,1,0
BRDA:5,19,0,0
BRDA:5,19,1,3
BRDA:5,20,0,0
BRDA:5,20,1,3
BRDA:5,21,0,3
BRDA:5,21,1,0
BRDA:5,22,0,3
BRDA:5,22,1,3
BRDA:5,23,0,3
BRDA:5,23,1,0
BRDA:5,24,0,3
BRDA:5,24,1,0
BRDA:5,25,0,0
BRDA:5,25,1,0
BRDA:5,26,0,0
BRDA:5,26,1,0
BRDA:5,27,0,0
BRDA:5,27,1,0
BRDA:5,27,2,0
BRDA:5,28,0,0
BRDA:5,28,1,0
BRDA:5,29,0,0
BRDA:5,29,1,3
BRDA:5,30,0,3
BRDA:5,30,1,3
BRDA:5,31,0,0
BRDA:5,31,1,3
BRDA:5,32,0,3
BRDA:5,32,1,0
BRDA:5,33,0,0
BRDA:5,33,1,0
BRDA:5,34,0,0
BRDA:5,34,1,0
BRDA:26,35,0,0
BRDA:26,35,1,0
BRDA:30,36,0,0
BRDA:30,36,1,0
BRDA:34,37,0,0
BRDA:34,37,1,0
BRDA:39,38,0,0
BRDA:39,38,1,0
BRDA:41,39,0,0
BRDA:41,39,1,0
BRF:83
BRH:38
end_of_record
TN:
SF:src\Components\Dashboard\NoteView.js
FN:9,_interopRequireDefault
FN:9,_getRequireWildcardCache
FN:9,_getRequireWildcardCache
FN:9,_interopRequireWildcard
FN:9,_classCallCheck
FN:9,_defineProperties
FN:9,_createClass
FN:9,_inherits
FN:9,_setPrototypeOf
FN:9,_setPrototypeOf
FN:9,_createSuper
FN:9,_createSuperInternal
FN:9,_possibleConstructorReturn
FN:9,_assertThisInitialized
FN:9,_isNativeReflectConstruct
FN:9,(anonymous_15)
FN:9,_getPrototypeOf
FN:9,_getPrototypeOf
FN:11,(anonymous_18)
FN:12,NoteView
FN:19,componentDidMount
FN:19,componentDidMount$
FN:25,_callee
FN:25,_callee$
FN:35,(anonymous_24)
FN:38,render
FN:46,(anonymous_26)
FNF:27
FNH:19
FNDA:5,_interopRequireDefault
FNDA:1,_getRequireWildcardCache
FNDA:1,_getRequireWildcardCache
FNDA:3,_interopRequireWildcard
FNDA:1,_classCallCheck
FNDA:1,_defineProperties
FNDA:1,_createClass
FNDA:1,_inherits
FNDA:1,_setPrototypeOf
FNDA:0,_setPrototypeOf
FNDA:1,_createSuper
FNDA:1,_createSuperInternal
FNDA:1,_possibleConstructorReturn
FNDA:0,_assertThisInitialized
FNDA:1,_isNativeReflectConstruct
FNDA:0,(anonymous_15)
FNDA:1,_getPrototypeOf
FNDA:0,_getPrototypeOf
FNDA:1,(anonymous_18)
FNDA:1,NoteView
FNDA:1,componentDidMount
FNDA:1,componentDidMount$
FNDA:0,_callee
FNDA:0,_callee$
FNDA:0,(anonymous_24)
FNDA:1,render
FNDA:0,(anonymous_26)
DA:1,1
DA:2,1
DA:3,1
DA:4,1
DA:5,1
DA:6,1
DA:7,1
DA:8,1
DA:9,34
DA:11,1
DA:12,1
DA:13,1
DA:14,1
DA:15,1
DA:17,1
DA:19,1
DA:20,0
DA:21,0
DA:23,0
DA:24,0
DA:25,0
DA:26,0
DA:27,0
DA:28,0
DA:29,0
DA:31,0
DA:35,0
DA:38,1
DA:40,1
DA:46,0
DA:59,1
LF:31
LH:19
BRDA:9,0,0,5
BRDA:9,0,1,0
BRDA:9,1,0,5
BRDA:9,1,1,5
BRDA:9,2,0,0
BRDA:9,2,1,1
BRDA:9,3,0,1
BRDA:9,3,1,2
BRDA:9,4,0,3
BRDA:9,4,1,3
BRDA:9,5,0,0
BRDA:9,5,1,2
BRDA:9,6,0,2
BRDA:9,6,1,2
BRDA:9,6,2,0
BRDA:9,7,0,0
BRDA:9,7,1,2
BRDA:9,8,0,2
BRDA:9,8,1,2
BRDA:9,9,0,2
BRDA:9,9,1,2
BRDA:9,10,0,34
BRDA:9,10,1,0
BRDA:9,11,0,34
BRDA:9,11,1,0
BRDA:9,12,0,0
BRDA:9,12,1,34
BRDA:9,13,0,34
BRDA:9,13,1,34
BRDA:9,13,2,34
BRDA:9,14,0,2
BRDA:9,14,1,0
BRDA:9,15,0,0
BRDA:9,15,1,1
BRDA:9,16,0,2
BRDA:9,16,1,2
BRDA:9,17,0,2
BRDA:9,17,1,0
BRDA:9,18,0,1
BRDA:9,18,1,0
BRDA:9,19,0,0
BRDA:9,19,1,1
BRDA:9,20,0,0
BRDA:9,20,1,1
BRDA:9,21,0,1
BRDA:9,21,1,0
BRDA:9,22,0,1
BRDA:9,22,1,1
BRDA:9,23,0,1
BRDA:9,23,1,0
BRDA:9,24,0,1
BRDA:9,24,1,0
BRDA:9,25,0,1
BRDA:9,25,1,0
BRDA:9,26,0,1
BRDA:9,26,1,0
BRDA:9,27,0,1
BRDA:9,27,1,1
BRDA:9,27,2,0
BRDA:9,28,0,0
BRDA:9,28,1,0
BRDA:9,29,0,0
BRDA:9,29,1,1
BRDA:9,30,0,1
BRDA:9,30,1,1
BRDA:9,31,0,0
BRDA:9,31,1,1
BRDA:9,32,0,1
BRDA:9,32,1,0
BRDA:9,33,0,1
BRDA:9,33,1,0
BRDA:9,34,0,0
BRDA:9,34,1,0
BRDA:19,35,0,1
BRDA:19,35,1,0
BRDA:19,35,2,0
BRDA:19,35,3,0
BRDA:25,36,0,0
BRDA:25,36,1,0
BRDA:25,36,2,0
BRDA:26,37,0,0
BRDA:26,37,1,0
BRDA:45,38,0,0
BRDA:45,38,1,1
BRF:84
BRH:47
end_of_record
TN:
SF:src\Components\Dashboard\Reminder.js
FN:2,_getRequireWildcardCache
FN:2,_getRequireWildcardCache
FN:2,_interopRequireWildcard
FN:2,_classCallCheck
FN:2,_defineProperties
FN:2,_createClass
FN:2,_inherits
FN:2,_setPrototypeOf
FN:2,_setPrototypeOf
FN:2,_createSuper
FN:2,_createSuperInternal
FN:2,_possibleConstructorReturn
FN:2,_assertThisInitialized
FN:2,_isNativeReflectConstruct
FN:2,(anonymous_14)
FN:2,_getPrototypeOf
FN:2,_getPrototypeOf
FN:4,(anonymous_17)
FN:6,Reminder
FN:10,render
FNF:20
FNH:15
FNDA:1,_getRequireWildcardCache
FNDA:0,_getRequireWildcardCache
FNDA:1,_interopRequireWildcard
FNDA:1,_classCallCheck
FNDA:1,_defineProperties
FNDA:1,_createClass
FNDA:1,_inherits
FNDA:1,_setPrototypeOf
FNDA:0,_setPrototypeOf
FNDA:1,_createSuper
FNDA:1,_createSuperInternal
FNDA:1,_possibleConstructorReturn
FNDA:0,_assertThisInitialized
FNDA:1,_isNativeReflectConstruct
FNDA:0,(anonymous_14)
FNDA:1,_getPrototypeOf
FNDA:0,_getPrototypeOf
FNDA:1,(anonymous_17)
FNDA:1,Reminder
FNDA:1,render
DA:1,1
DA:2,28
DA:4,1
DA:6,1
DA:8,1
DA:11,1
DA:15,1
DA:18,1
LF:8
LH:8
BRDA:2,0,0,0
BRDA:2,0,1,1
BRDA:2,1,0,0
BRDA:2,1,1,1
BRDA:2,2,0,1
BRDA:2,2,1,1
BRDA:2,3,0,0
BRDA:2,3,1,1
BRDA:2,4,0,1
BRDA:2,4,1,1
BRDA:2,4,2,0
BRDA:2,5,0,0
BRDA:2,5,1,1
BRDA:2,6,0,1
BRDA:2,6,1,1
BRDA:2,7,0,1
BRDA:2,7,1,1
BRDA:2,8,0,28
BRDA:2,8,1,0
BRDA:2,9,0,28
BRDA:2,9,1,0
BRDA:2,10,0,0
BRDA:2,10,1,28
BRDA:2,11,0,28
BRDA:2,11,1,28
BRDA:2,11,2,28
BRDA:2,12,0,1
BRDA:2,12,1,0
BRDA:2,13,0,0
BRDA:2,13,1,1
BRDA:2,14,0,1
BRDA:2,14,1,1
BRDA:2,15,0,1
BRDA:2,15,1,0
BRDA:2,16,0,1
BRDA:2,16,1,0
BRDA:2,17,0,0
BRDA:2,17,1,1
BRDA:2,18,0,0
BRDA:2,18,1,1
BRDA:2,19,0,1
BRDA:2,19,1,0
BRDA:2,20,0,1
BRDA:2,20,1,1
BRDA:2,21,0,1
BRDA:2,21,1,0
BRDA:2,22,0,1
BRDA:2,22,1,0
BRDA:2,23,0,1
BRDA:2,23,1,0
BRDA:2,24,0,1
BRDA:2,24,1,0
BRDA:2,25,0,1
BRDA:2,25,1,1
BRDA:2,25,2,0
BRDA:2,26,0,0
BRDA:2,26,1,0
BRDA:2,27,0,0
BRDA:2,27,1,1
BRDA:2,28,0,1
BRDA:2,28,1,1
BRDA:2,29,0,0
BRDA:2,29,1,1
BRDA:2,30,0,1
BRDA:2,30,1,0
BRDA:2,31,0,1
BRDA:2,31,1,0
BRDA:2,32,0,0
BRDA:2,32,1,0
BRF:69
BRH:41
end_of_record
TN:
SF:src\Components\Dashboard\SearchNoteScreen.js
FN:7,_interopRequireDefault
FN:7,_getRequireWildcardCache
FN:7,_getRequireWildcardCache
FN:7,_interopRequireWildcard
FN:7,_classCallCheck
FN:7,_defineProperties
FN:7,_createClass
FN:7,_inherits
FN:7,_setPrototypeOf
FN:7,_setPrototypeOf
FN:7,_createSuper
FN:7,_createSuperInternal
FN:7,_possibleConstructorReturn
FN:7,_assertThisInitialized
FN:7,_isNativeReflectConstruct
FN:7,(anonymous_15)
FN:7,_getPrototypeOf
FN:7,_getPrototypeOf
FN:9,(anonymous_18)
FN:11,SearchNoteScreen
FN:41,(anonymous_20)
FN:47,_callee
FN:47,_callee$
FN:70,_callee2
FN:70,_callee2$
FN:79,(anonymous_25)
FN:83,componentDidMount
FN:83,componentDidMount$
FN:83,_callee3
FN:83,_callee3$
FN:83,(anonymous_30)
FN:85,render
FN:114,(anonymous_32)
FN:119,onPress
FNF:34
FNH:25
FNDA:3,_interopRequireDefault
FNDA:1,_getRequireWildcardCache
FNDA:1,_getRequireWildcardCache
FNDA:2,_interopRequireWildcard
FNDA:7,_classCallCheck
FNDA:1,_defineProperties
FNDA:1,_createClass
FNDA:1,_inherits
FNDA:1,_setPrototypeOf
FNDA:0,_setPrototypeOf
FNDA:1,_createSuper
FNDA:7,_createSuperInternal
FNDA:7,_possibleConstructorReturn
FNDA:0,_assertThisInitialized
FNDA:1,_isNativeReflectConstruct
FNDA:0,(anonymous_15)
FNDA:1,_getPrototypeOf
FNDA:0,_getPrototypeOf
FNDA:1,(anonymous_18)
FNDA:7,SearchNoteScreen
FNDA:1,(anonymous_20)
FNDA:3,_callee
FNDA:7,_callee$
FNDA:1,_callee2
FNDA:2,_callee2$
FNDA:1,(anonymous_25)
FNDA:7,componentDidMount
FNDA:21,componentDidMount$
FNDA:0,_callee3
FNDA:0,_callee3$
FNDA:0,(anonymous_30)
FNDA:14,render
FNDA:0,(anonymous_32)
FNDA:0,onPress
DA:1,1
DA:2,1
DA:3,1
DA:4,1
DA:5,1
DA:6,1
DA:7,34
DA:9,1
DA:11,7
DA:12,7
DA:42,1
DA:43,1
DA:44,1
DA:45,7
DA:47,10
DA:49,3
DA:51,1
DA:52,2
DA:53,2
DA:54,0
DA:56,0
DA:59,2
DA:60,2
DA:65,7
DA:70,2
DA:71,1
DA:76,7
DA:80,1
DA:81,1
DA:82,1
DA:83,21
DA:85,14
DA:86,14
DA:114,0
DA:119,0
DA:148,1
DA:151,1
LF:37
LH:33
BRDA:7,0,0,3
BRDA:7,0,1,0
BRDA:7,1,0,3
BRDA:7,1,1,3
BRDA:7,2,0,0
BRDA:7,2,1,1
BRDA:7,3,0,0
BRDA:7,3,1,2
BRDA:7,4,0,2
BRDA:7,4,1,2
BRDA:7,5,0,0
BRDA:7,5,1,2
BRDA:7,6,0,2
BRDA:7,6,1,2
BRDA:7,6,2,0
BRDA:7,7,0,0
BRDA:7,7,1,2
BRDA:7,8,0,2
BRDA:7,8,1,2
BRDA:7,9,0,2
BRDA:7,9,1,2
BRDA:7,10,0,34
BRDA:7,10,1,0
BRDA:7,11,0,34
BRDA:7,11,1,0
BRDA:7,12,0,0
BRDA:7,12,1,34
BRDA:7,13,0,34
BRDA:7,13,1,34
BRDA:7,13,2,34
BRDA:7,14,0,2
BRDA:7,14,1,0
BRDA:7,15,0,0
BRDA:7,15,1,7
BRDA:7,16,0,2
BRDA:7,16,1,2
BRDA:7,17,0,2
BRDA:7,17,1,0
BRDA:7,18,0,1
BRDA:7,18,1,0
BRDA:7,19,0,0
BRDA:7,19,1,1
BRDA:7,20,0,0
BRDA:7,20,1,1
BRDA:7,21,0,1
BRDA:7,21,1,0
BRDA:7,22,0,1
BRDA:7,22,1,1
BRDA:7,23,0,1
BRDA:7,23,1,0
BRDA:7,24,0,1
BRDA:7,24,1,0
BRDA:7,25,0,7
BRDA:7,25,1,0
BRDA:7,26,0,7
BRDA:7,26,1,0
BRDA:7,27,0,7
BRDA:7,27,1,7
BRDA:7,27,2,0
BRDA:7,28,0,0
BRDA:7,28,1,0
BRDA:7,29,0,0
BRDA:7,29,1,1
BRDA:7,30,0,1
BRDA:7,30,1,1
BRDA:7,31,0,0
BRDA:7,31,1,1
BRDA:7,32,0,1
BRDA:7,32,1,0
BRDA:7,33,0,1
BRDA:7,33,1,0
BRDA:7,34,0,0
BRDA:7,34,1,0
BRDA:47,35,0,3
BRDA:47,35,1,3
BRDA:47,35,2,1
BRDA:47,35,3,3
BRDA:47,35,4,3
BRDA:49,36,0,1
BRDA:49,36,1,2
BRDA:54,37,0,0
BRDA:54,37,1,0
BRDA:54,38,0,0
BRDA:54,38,1,0
BRDA:70,39,0,1
BRDA:70,39,1,1
BRDA:70,39,2,1
BRDA:70,39,3,1
BRDA:83,40,0,7
BRDA:83,40,1,7
BRDA:83,40,2,0
BRDA:83,40,3,0
BRDA:83,40,4,7
BRDA:83,41,0,0
BRDA:83,41,1,0
BRDA:83,41,2,0
BRDA:83,42,0,0
BRDA:83,42,1,0
BRDA:102,43,0,4
BRDA:102,43,1,10
BRDA:113,44,0,0
BRDA:113,44,1,14
BRDA:116,45,0,0
BRDA:116,45,1,0
BRDA:122,46,0,0
BRDA:122,46,1,0
BRDA:129,47,0,0
BRDA:129,47,1,0
BRF:108
BRH:61
end_of_record
TN:
SF:src\Redux\Actions\CreateNewLabelActions.js
FN:2,storeUserID
FN:9,storeUserLabel
FNF:2
FNH:0
FNDA:0,storeUserID
FNDA:0,storeUserLabel
DA:1,1
DA:2,1
DA:3,0
DA:7,1
DA:9,1
DA:10,0
DA:14,1
LF:7
LH:5
BRF:0
BRH:0
end_of_record
TN:
SF:src\Redux\Actions\CreateNewLabelType.js
FNF:0
FNH:0
DA:1,1
DA:2,1
LF:2
LH:2
BRF:0
BRH:0
end_of_record
TN:
SF:src\Screens\ForgotPasswordScreen.js
FN:2,_interopRequireDefault
FN:4,ForgotPasswordScreen
FNF:2
FNH:2
FNDA:2,_interopRequireDefault
FNDA:1,ForgotPasswordScreen
DA:1,1
DA:2,2
DA:4,1
DA:5,1
DA:10,1
LF:5
LH:5
BRDA:2,0,0,1
BRDA:2,0,1,1
BRDA:2,1,0,2
BRDA:2,1,1,2
BRF:4
BRH:4
end_of_record
TN:
SF:src\Screens\SignInScreen.js
FN:2,_interopRequireDefault
FN:4,SignInScreen
FNF:2
FNH:2
FNDA:2,_interopRequireDefault
FNDA:1,SignInScreen
DA:1,1
DA:2,2
DA:4,1
DA:5,1
DA:10,1
LF:5
LH:5
BRDA:2,0,0,1
BRDA:2,0,1,1
BRDA:2,1,0,2
BRDA:2,1,1,2
BRF:4
BRH:4
end_of_record
TN:
SF:src\Screens\SignUpScreen.js
FN:2,_interopRequireDefault
FN:4,SignUpScreen
FNF:2
FNH:2
FNDA:2,_interopRequireDefault
FNDA:1,SignUpScreen
DA:1,1
DA:2,2
DA:4,1
DA:5,1
DA:10,1
LF:5
LH:5
BRDA:2,0,0,1
BRDA:2,0,1,1
BRDA:2,1,0,2
BRDA:2,1,1,2
BRF:4
BRH:4
end_of_record
TN:
SF:src\Styles\BottomBar.js
FNF:0
FNH:0
DA:1,1
DA:3,1
DA:35,1
LF:3
LH:3
BRF:0
BRH:0
end_of_record
TN:
SF:src\Styles\DeletedScreen.js
FNF:0
FNH:0
DA:1,1
DA:3,1
DA:24,1
LF:3
LH:3
BRF:0
BRH:0
end_of_record
TN:
SF:src\Styles\GlobalCss.js
FNF:0
FNH:0
DA:1,6
DA:4,6
DA:6,6
DA:119,6
LF:4
LH:4
BRF:0
BRH:0
end_of_record
TN:
SF:src\Styles\HeaderBar.js
FNF:0
FNH:0
DA:1,1
DA:3,1
DA:24,1
LF:3
LH:3
BRF:0
BRH:0
end_of_record
TN:
SF:src\Styles\NoteCard.js
FNF:0
FNH:0
DA:1,3
DA:3,3
DA:56,3
LF:3
LH:3
BRF:0
BRH:0
end_of_record
TN:
SF:src\Styles\NoteView.js
FNF:0
FNH:0
DA:1,1
DA:3,1
DA:16,1
LF:3
LH:3
BRF:0
BRH:0
end_of_record
TN:
SF:src\Styles\SearchNoteScreen.js
FNF:0
FNH:0
DA:1,1
DA:3,1
DA:57,1
LF:3
LH:3
BRF:0
BRH:0
end_of_record
