TN:
SF:Environment\Firebase.js
FN:1,_getRequireWildcardCache
FN:1,_getRequireWildcardCache
FN:1,_interopRequireWildcard
FNF:3
FNH:1
FNDA:0,_getRequireWildcardCache
FNDA:0,_getRequireWildcardCache
FNDA:4,_interopRequireWildcard
DA:1,4
DA:4,4
DA:14,4
DA:16,4
LF:4
LH:4
BRDA:1,0,0,0
BRDA:1,0,1,0
BRDA:1,1,0,4
BRDA:1,1,1,0
BRDA:1,2,0,4
BRDA:1,2,1,4
BRDA:1,3,0,0
BRDA:1,3,1,0
BRDA:1,4,0,0
BRDA:1,4,1,0
BRDA:1,4,2,0
BRDA:1,5,0,0
BRDA:1,5,1,0
BRDA:1,6,0,0
BRDA:1,6,1,0
BRDA:1,7,0,0
BRDA:1,7,1,0
BRDA:1,8,0,0
BRDA:1,8,1,0
BRDA:1,9,0,0
BRDA:1,9,1,0
BRDA:1,10,0,0
BRDA:1,10,1,0
BRDA:1,11,0,0
BRDA:1,11,1,0
BRDA:1,11,2,0
BRDA:1,12,0,0
BRDA:1,12,1,0
BRF:28
BRH:3
end_of_record
TN:
SF:Service\UserServices.js
FN:1,_interopRequireDefault
FN:1,_classCallCheck
FN:3,UserServices
FN:5,(anonymous_3)
FN:6,(anonymous_4)
FN:8,(anonymous_5)
FN:9,(anonymous_6)
FN:21,(anonymous_7)
FN:22,(anonymous_8)
FN:24,(anonymous_9)
FN:25,(anonymous_10)
FN:37,(anonymous_11)
FN:38,(anonymous_12)
FN:40,(anonymous_13)
FN:41,(anonymous_14)
FN:50,(anonymous_15)
FNF:16
FNH:9
FNDA:4,_interopRequireDefault
FNDA:4,_classCallCheck
FNDA:4,UserServices
FNDA:4,(anonymous_3)
FNDA:4,(anonymous_4)
FNDA:0,(anonymous_5)
FNDA:4,(anonymous_6)
FNDA:0,(anonymous_7)
FNDA:0,(anonymous_8)
FNDA:0,(anonymous_9)
FNDA:0,(anonymous_10)
FNDA:2,(anonymous_11)
FNDA:2,(anonymous_12)
FNDA:0,(anonymous_13)
FNDA:1,(anonymous_14)
FNDA:0,(anonymous_15)
DA:1,4
DA:3,4
DA:6,4
DA:7,4
DA:8,0
DA:10,4
DA:11,4
DA:13,4
DA:14,0
DA:16,4
DA:19,4
DA:22,0
DA:23,0
DA:24,0
DA:26,0
DA:27,0
DA:29,0
DA:30,0
DA:32,0
DA:35,4
DA:38,2
DA:39,2
DA:40,0
DA:42,1
DA:43,1
DA:45,1
DA:48,4
DA:51,0
DA:60,4
LF:29
LH:17
BRDA:1,0,0,4
BRDA:1,0,1,0
BRDA:1,1,0,4
BRDA:1,1,1,4
BRDA:1,2,0,0
BRDA:1,2,1,4
BRDA:10,3,0,4
BRDA:10,3,1,0
BRDA:13,4,0,0
BRDA:13,4,1,4
BRDA:26,5,0,0
BRDA:26,5,1,0
BRDA:29,6,0,0
BRDA:29,6,1,0
BRDA:42,7,0,1
BRDA:42,7,1,0
BRF:16
BRH:7
end_of_record
TN:
SF:src\Assets\profile.jpg
FNF:0
FNH:0
DA:1,1
LF:1
LH:1
BRF:0
BRH:0
end_of_record
TN:
SF:src\Components\Authentication\ForgotPassword.js
FN:7,_getRequireWildcardCache
FN:7,_getRequireWildcardCache
FN:7,_interopRequireWildcard
FN:7,_interopRequireDefault
FN:7,_classCallCheck
FN:7,_defineProperties
FN:7,_createClass
FN:7,_inherits
FN:7,_setPrototypeOf
FN:7,_setPrototypeOf
FN:7,_createSuper
FN:7,_createSuperInternal
FN:7,_possibleConstructorReturn
FN:7,_assertThisInitialized
FN:7,_isNativeReflectConstruct
FN:7,(anonymous_15)
FN:7,_getPrototypeOf
FN:7,_getPrototypeOf
FN:10,(anonymous_18)
FN:12,ForgetPassword
FN:23,(anonymous_20)
FN:31,(anonymous_21)
FN:35,(anonymous_22)
FN:40,(anonymous_23)
FN:58,(anonymous_24)
FN:66,(anonymous_25)
FN:73,render
FN:76,onPress
FNF:28
FNH:19
FNDA:0,_getRequireWildcardCache
FNDA:0,_getRequireWildcardCache
FNDA:2,_interopRequireWildcard
FNDA:8,_interopRequireDefault
FNDA:6,_classCallCheck
FNDA:2,_defineProperties
FNDA:2,_createClass
FNDA:2,_inherits
FNDA:2,_setPrototypeOf
FNDA:0,_setPrototypeOf
FNDA:2,_createSuper
FNDA:6,_createSuperInternal
FNDA:6,_possibleConstructorReturn
FNDA:0,_assertThisInitialized
FNDA:2,_isNativeReflectConstruct
FNDA:0,(anonymous_15)
FNDA:1,_getPrototypeOf
FNDA:0,_getPrototypeOf
FNDA:2,(anonymous_18)
FNDA:6,ForgetPassword
FNDA:2,(anonymous_20)
FNDA:2,(anonymous_21)
FNDA:0,(anonymous_22)
FNDA:0,(anonymous_23)
FNDA:1,(anonymous_24)
FNDA:1,(anonymous_25)
FNDA:10,render
FNDA:0,onPress
DA:1,2
DA:2,2
DA:3,2
DA:4,2
DA:5,2
DA:6,2
DA:7,8
DA:10,2
DA:12,6
DA:13,6
DA:24,2
DA:29,6
DA:32,2
DA:33,2
DA:34,1
DA:36,0
DA:41,0
DA:42,0
DA:49,1
DA:50,1
DA:55,2
DA:56,6
DA:59,1
DA:60,1
DA:63,1
DA:64,6
DA:67,1
DA:68,1
DA:69,1
DA:70,6
DA:74,10
DA:77,0
DA:144,2
DA:147,2
LF:34
LH:30
BRDA:7,0,0,0
BRDA:7,0,1,0
BRDA:7,1,0,2
BRDA:7,1,1,0
BRDA:7,2,0,2
BRDA:7,2,1,2
BRDA:7,3,0,0
BRDA:7,3,1,0
BRDA:7,4,0,0
BRDA:7,4,1,0
BRDA:7,4,2,0
BRDA:7,5,0,0
BRDA:7,5,1,0
BRDA:7,6,0,0
BRDA:7,6,1,0
BRDA:7,7,0,0
BRDA:7,7,1,0
BRDA:7,8,0,0
BRDA:7,8,1,0
BRDA:7,9,0,0
BRDA:7,9,1,0
BRDA:7,10,0,0
BRDA:7,10,1,0
BRDA:7,11,0,0
BRDA:7,11,1,0
BRDA:7,11,2,0
BRDA:7,12,0,0
BRDA:7,12,1,0
BRDA:7,13,0,6
BRDA:7,13,1,2
BRDA:7,14,0,8
BRDA:7,14,1,8
BRDA:7,15,0,0
BRDA:7,15,1,6
BRDA:7,16,0,2
BRDA:7,16,1,2
BRDA:7,17,0,2
BRDA:7,17,1,0
BRDA:7,18,0,2
BRDA:7,18,1,0
BRDA:7,19,0,0
BRDA:7,19,1,2
BRDA:7,20,0,0
BRDA:7,20,1,2
BRDA:7,21,0,2
BRDA:7,21,1,0
BRDA:7,22,0,2
BRDA:7,22,1,2
BRDA:7,23,0,2
BRDA:7,23,1,0
BRDA:7,24,0,2
BRDA:7,24,1,0
BRDA:7,25,0,6
BRDA:7,25,1,0
BRDA:7,26,0,6
BRDA:7,26,1,0
BRDA:7,27,0,6
BRDA:7,27,1,6
BRDA:7,27,2,0
BRDA:7,28,0,0
BRDA:7,28,1,0
BRDA:7,29,0,0
BRDA:7,29,1,2
BRDA:7,30,0,2
BRDA:7,30,1,2
BRDA:7,31,0,0
BRDA:7,31,1,2
BRDA:7,32,0,2
BRDA:7,32,1,0
BRDA:7,33,0,1
BRDA:7,33,1,0
BRDA:7,34,0,0
BRDA:7,34,1,0
BRDA:33,35,0,1
BRDA:33,35,1,1
BRDA:41,36,0,0
BRDA:41,36,1,0
BRDA:49,37,0,1
BRDA:49,37,1,0
BRDA:112,38,0,1
BRDA:112,38,1,9
BRDA:112,39,0,0
BRDA:112,39,1,9
BRF:83
BRH:35
end_of_record
TN:
SF:src\Components\Authentication\SignUp.js
FN:8,_interopRequireDefault
FN:8,_getRequireWildcardCache
FN:8,_getRequireWildcardCache
FN:8,_interopRequireWildcard
FN:8,_classCallCheck
FN:8,_defineProperties
FN:8,_createClass
FN:8,_inherits
FN:8,_setPrototypeOf
FN:8,_setPrototypeOf
FN:8,_createSuper
FN:8,_createSuperInternal
FN:8,_possibleConstructorReturn
FN:8,_assertThisInitialized
FN:8,_isNativeReflectConstruct
FN:8,(anonymous_15)
FN:8,_getPrototypeOf
FN:8,_getPrototypeOf
FN:10,(anonymous_18)
FN:12,SignUp
FN:34,(anonymous_20)
FN:42,(anonymous_21)
FN:50,(anonymous_22)
FN:59,(anonymous_23)
FN:67,(anonymous_24)
FN:81,(anonymous_25)
FN:95,(anonymous_26)
FN:109,(anonymous_27)
FN:123,_callee2
FN:123,_callee2$
FN:127,_callee
FN:127,_callee$
FN:134,(anonymous_32)
FN:172,(anonymous_33)
FN:178,_callee3
FN:178,_callee3$
FN:186,(anonymous_36)
FN:192,render
FN:196,onPress
FNF:39
FNH:28
FNDA:8,_interopRequireDefault
FNDA:2,_getRequireWildcardCache
FNDA:0,_getRequireWildcardCache
FNDA:4,_interopRequireWildcard
FNDA:17,_classCallCheck
FNDA:2,_defineProperties
FNDA:2,_createClass
FNDA:2,_inherits
FNDA:2,_setPrototypeOf
FNDA:0,_setPrototypeOf
FNDA:2,_createSuper
FNDA:17,_createSuperInternal
FNDA:17,_possibleConstructorReturn
FNDA:0,_assertThisInitialized
FNDA:2,_isNativeReflectConstruct
FNDA:0,(anonymous_15)
FNDA:1,_getPrototypeOf
FNDA:0,_getPrototypeOf
FNDA:2,(anonymous_18)
FNDA:17,SignUp
FNDA:3,(anonymous_20)
FNDA:3,(anonymous_21)
FNDA:3,(anonymous_22)
FNDA:3,(anonymous_23)
FNDA:5,(anonymous_24)
FNDA:5,(anonymous_25)
FNDA:5,(anonymous_26)
FNDA:5,(anonymous_27)
FNDA:3,_callee2
FNDA:9,_callee2$
FNDA:0,_callee
FNDA:0,_callee$
FNDA:2,(anonymous_32)
FNDA:1,(anonymous_33)
FNDA:0,_callee3
FNDA:0,_callee3$
FNDA:0,(anonymous_36)
FNDA:63,render
FNDA:0,onPress
DA:1,2
DA:2,2
DA:3,2
DA:4,2
DA:5,2
DA:6,2
DA:7,2
DA:8,56
DA:10,2
DA:12,17
DA:13,17
DA:35,3
DA:39,3
DA:40,17
DA:43,3
DA:47,3
DA:48,17
DA:51,3
DA:56,3
DA:57,17
DA:60,3
DA:64,3
DA:65,17
DA:68,5
DA:69,5
DA:70,4
DA:75,1
DA:79,17
DA:82,5
DA:83,5
DA:84,4
DA:89,1
DA:93,17
DA:96,5
DA:97,5
DA:98,4
DA:103,1
DA:107,17
DA:110,5
DA:111,5
DA:112,4
DA:117,1
DA:121,17
DA:123,13
DA:124,3
DA:125,2
DA:127,0
DA:131,0
DA:132,0
DA:135,2
DA:136,2
DA:140,2
DA:143,1
DA:145,1
DA:148,1
DA:150,1
DA:153,1
DA:155,1
DA:158,1
DA:160,1
DA:163,1
DA:169,17
DA:173,1
DA:174,1
DA:175,1
DA:176,17
DA:178,0
DA:179,0
DA:180,0
DA:183,17
DA:187,0
DA:188,0
DA:189,0
DA:190,17
DA:193,63
DA:197,0
DA:335,2
LF:77
LH:67
BRDA:8,0,0,8
BRDA:8,0,1,0
BRDA:8,1,0,8
BRDA:8,1,1,8
BRDA:8,2,0,0
BRDA:8,2,1,2
BRDA:8,3,0,2
BRDA:8,3,1,2
BRDA:8,4,0,4
BRDA:8,4,1,4
BRDA:8,5,0,0
BRDA:8,5,1,2
BRDA:8,6,0,2
BRDA:8,6,1,2
BRDA:8,6,2,0
BRDA:8,7,0,0
BRDA:8,7,1,2
BRDA:8,8,0,2
BRDA:8,8,1,2
BRDA:8,9,0,2
BRDA:8,9,1,2
BRDA:8,10,0,56
BRDA:8,10,1,0
BRDA:8,11,0,56
BRDA:8,11,1,0
BRDA:8,12,0,0
BRDA:8,12,1,56
BRDA:8,13,0,56
BRDA:8,13,1,56
BRDA:8,13,2,56
BRDA:8,14,0,2
BRDA:8,14,1,0
BRDA:8,15,0,0
BRDA:8,15,1,17
BRDA:8,16,0,2
BRDA:8,16,1,2
BRDA:8,17,0,2
BRDA:8,17,1,0
BRDA:8,18,0,2
BRDA:8,18,1,0
BRDA:8,19,0,0
BRDA:8,19,1,2
BRDA:8,20,0,0
BRDA:8,20,1,2
BRDA:8,21,0,2
BRDA:8,21,1,0
BRDA:8,22,0,2
BRDA:8,22,1,2
BRDA:8,23,0,2
BRDA:8,23,1,0
BRDA:8,24,0,2
BRDA:8,24,1,0
BRDA:8,25,0,17
BRDA:8,25,1,0
BRDA:8,26,0,17
BRDA:8,26,1,0
BRDA:8,27,0,17
BRDA:8,27,1,17
BRDA:8,27,2,0
BRDA:8,28,0,0
BRDA:8,28,1,0
BRDA:8,29,0,0
BRDA:8,29,1,2
BRDA:8,30,0,2
BRDA:8,30,1,2
BRDA:8,31,0,0
BRDA:8,31,1,2
BRDA:8,32,0,2
BRDA:8,32,1,0
BRDA:8,33,0,1
BRDA:8,33,1,0
BRDA:8,34,0,0
BRDA:8,34,1,0
BRDA:69,35,0,4
BRDA:69,35,1,1
BRDA:83,36,0,4
BRDA:83,36,1,1
BRDA:97,37,0,4
BRDA:97,37,1,1
BRDA:111,38,0,4
BRDA:111,38,1,1
BRDA:123,39,0,3
BRDA:123,39,1,2
BRDA:123,39,2,1
BRDA:123,39,3,1
BRDA:123,39,4,1
BRDA:123,39,5,1
BRDA:123,39,6,1
BRDA:123,39,7,3
BRDA:123,39,8,3
BRDA:123,39,9,3
BRDA:124,40,0,1
BRDA:124,40,1,2
BRDA:125,41,0,3
BRDA:125,41,1,2
BRDA:125,41,2,2
BRDA:125,41,3,2
BRDA:127,42,0,0
BRDA:127,42,1,0
BRDA:127,42,2,0
BRDA:127,42,3,0
BRDA:135,43,0,2
BRDA:135,43,1,0
BRDA:140,44,0,0
BRDA:140,44,1,1
BRDA:145,45,0,0
BRDA:145,45,1,1
BRDA:150,46,0,0
BRDA:150,46,1,1
BRDA:155,47,0,0
BRDA:155,47,1,1
BRDA:160,48,0,1
BRDA:160,48,1,0
BRDA:178,49,0,0
BRDA:178,49,1,0
BRDA:178,49,2,0
BRDA:231,50,0,4
BRDA:231,50,1,59
BRDA:231,51,0,58
BRDA:231,51,1,1
BRDA:252,52,0,3
BRDA:252,52,1,60
BRDA:252,53,0,59
BRDA:252,53,1,1
BRDA:273,54,0,2
BRDA:273,54,1,61
BRDA:273,55,0,60
BRDA:273,55,1,1
BRDA:273,56,0,2
BRDA:273,56,1,58
BRDA:296,57,0,1
BRDA:296,57,1,62
BRDA:296,58,0,61
BRDA:296,58,1,1
BRF:134
BRH:93
end_of_record
TN:
SF:src\Components\Authentication\Splash.js
FN:5,_interopRequireDefault
FN:5,_getRequireWildcardCache
FN:5,_getRequireWildcardCache
FN:5,_interopRequireWildcard
FN:5,_classCallCheck
FN:5,_defineProperties
FN:5,_createClass
FN:5,_inherits
FN:5,_setPrototypeOf
FN:5,_setPrototypeOf
FN:5,_createSuper
FN:5,_createSuperInternal
FN:5,_possibleConstructorReturn
FN:5,_assertThisInitialized
FN:5,_isNativeReflectConstruct
FN:5,(anonymous_15)
FN:5,_getPrototypeOf
FN:5,_getPrototypeOf
FN:7,(anonymous_18)
FN:9,SplashScreen
FN:13,componentDidMount
FN:14,(anonymous_21)
FN:19,render
FNF:23
FNH:17
FNDA:2,_interopRequireDefault
FNDA:1,_getRequireWildcardCache
FNDA:0,_getRequireWildcardCache
FNDA:2,_interopRequireWildcard
FNDA:1,_classCallCheck
FNDA:1,_defineProperties
FNDA:1,_createClass
FNDA:1,_inherits
FNDA:1,_setPrototypeOf
FNDA:0,_setPrototypeOf
FNDA:1,_createSuper
FNDA:1,_createSuperInternal
FNDA:1,_possibleConstructorReturn
FNDA:0,_assertThisInitialized
FNDA:1,_isNativeReflectConstruct
FNDA:0,(anonymous_15)
FNDA:1,_getPrototypeOf
FNDA:0,_getPrototypeOf
FNDA:1,(anonymous_18)
FNDA:1,SplashScreen
FNDA:1,componentDidMount
FNDA:0,(anonymous_21)
FNDA:1,render
DA:1,1
DA:2,1
DA:3,1
DA:4,1
DA:5,28
DA:7,1
DA:9,1
DA:11,1
DA:13,1
DA:14,1
DA:15,0
DA:20,1
DA:37,1
DA:40,1
LF:14
LH:13
BRDA:5,0,0,2
BRDA:5,0,1,0
BRDA:5,1,0,2
BRDA:5,1,1,2
BRDA:5,2,0,0
BRDA:5,2,1,1
BRDA:5,3,0,1
BRDA:5,3,1,1
BRDA:5,4,0,2
BRDA:5,4,1,2
BRDA:5,5,0,0
BRDA:5,5,1,1
BRDA:5,6,0,1
BRDA:5,6,1,1
BRDA:5,6,2,0
BRDA:5,7,0,0
BRDA:5,7,1,1
BRDA:5,8,0,1
BRDA:5,8,1,1
BRDA:5,9,0,1
BRDA:5,9,1,1
BRDA:5,10,0,28
BRDA:5,10,1,0
BRDA:5,11,0,28
BRDA:5,11,1,0
BRDA:5,12,0,0
BRDA:5,12,1,28
BRDA:5,13,0,28
BRDA:5,13,1,28
BRDA:5,13,2,28
BRDA:5,14,0,1
BRDA:5,14,1,0
BRDA:5,15,0,0
BRDA:5,15,1,1
BRDA:5,16,0,2
BRDA:5,16,1,2
BRDA:5,17,0,2
BRDA:5,17,1,0
BRDA:5,18,0,1
BRDA:5,18,1,0
BRDA:5,19,0,0
BRDA:5,19,1,1
BRDA:5,20,0,0
BRDA:5,20,1,1
BRDA:5,21,0,1
BRDA:5,21,1,0
BRDA:5,22,0,1
BRDA:5,22,1,1
BRDA:5,23,0,1
BRDA:5,23,1,0
BRDA:5,24,0,1
BRDA:5,24,1,0
BRDA:5,25,0,1
BRDA:5,25,1,0
BRDA:5,26,0,1
BRDA:5,26,1,0
BRDA:5,27,0,1
BRDA:5,27,1,1
BRDA:5,27,2,0
BRDA:5,28,0,0
BRDA:5,28,1,0
BRDA:5,29,0,0
BRDA:5,29,1,1
BRDA:5,30,0,1
BRDA:5,30,1,1
BRDA:5,31,0,0
BRDA:5,31,1,1
BRDA:5,32,0,1
BRDA:5,32,1,0
BRDA:5,33,0,1
BRDA:5,33,1,0
BRDA:5,34,0,0
BRDA:5,34,1,0
BRF:73
BRH:45
end_of_record
TN:
SF:src\Components\Dashboard\BottomBar.js
FN:4,_interopRequireDefault
FN:4,_getRequireWildcardCache
FN:4,_getRequireWildcardCache
FN:4,_interopRequireWildcard
FN:4,_classCallCheck
FN:4,_defineProperties
FN:4,_createClass
FN:4,_inherits
FN:4,_setPrototypeOf
FN:4,_setPrototypeOf
FN:4,_createSuper
FN:4,_createSuperInternal
FN:4,_possibleConstructorReturn
FN:4,_assertThisInitialized
FN:4,_isNativeReflectConstruct
FN:4,(anonymous_15)
FN:4,_getPrototypeOf
FN:4,_getPrototypeOf
FN:6,(anonymous_18)
FN:6,BottomBar
FN:8,(anonymous_20)
FN:14,render
FNF:22
FNH:17
FNDA:1,_interopRequireDefault
FNDA:1,_getRequireWildcardCache
FNDA:0,_getRequireWildcardCache
FNDA:1,_interopRequireWildcard
FNDA:3,_classCallCheck
FNDA:1,_defineProperties
FNDA:1,_createClass
FNDA:1,_inherits
FNDA:1,_setPrototypeOf
FNDA:0,_setPrototypeOf
FNDA:1,_createSuper
FNDA:3,_createSuperInternal
FNDA:3,_possibleConstructorReturn
FNDA:0,_assertThisInitialized
FNDA:1,_isNativeReflectConstruct
FNDA:0,(anonymous_15)
FNDA:1,_getPrototypeOf
FNDA:0,_getPrototypeOf
FNDA:1,(anonymous_18)
FNDA:3,BottomBar
FNDA:1,(anonymous_20)
FNDA:3,render
DA:1,1
DA:2,1
DA:3,1
DA:4,28
DA:6,9
DA:9,1
DA:10,1
DA:11,1
DA:12,3
DA:15,3
DA:30,1
DA:34,1
LF:12
LH:12
BRDA:4,0,0,1
BRDA:4,0,1,0
BRDA:4,1,0,1
BRDA:4,1,1,1
BRDA:4,2,0,0
BRDA:4,2,1,1
BRDA:4,3,0,0
BRDA:4,3,1,1
BRDA:4,4,0,1
BRDA:4,4,1,1
BRDA:4,5,0,0
BRDA:4,5,1,1
BRDA:4,6,0,1
BRDA:4,6,1,1
BRDA:4,6,2,0
BRDA:4,7,0,0
BRDA:4,7,1,1
BRDA:4,8,0,1
BRDA:4,8,1,1
BRDA:4,9,0,1
BRDA:4,9,1,1
BRDA:4,10,0,28
BRDA:4,10,1,0
BRDA:4,11,0,28
BRDA:4,11,1,0
BRDA:4,12,0,0
BRDA:4,12,1,28
BRDA:4,13,0,28
BRDA:4,13,1,28
BRDA:4,13,2,28
BRDA:4,14,0,1
BRDA:4,14,1,0
BRDA:4,15,0,0
BRDA:4,15,1,3
BRDA:4,16,0,1
BRDA:4,16,1,1
BRDA:4,17,0,1
BRDA:4,17,1,0
BRDA:4,18,0,1
BRDA:4,18,1,0
BRDA:4,19,0,0
BRDA:4,19,1,1
BRDA:4,20,0,0
BRDA:4,20,1,1
BRDA:4,21,0,1
BRDA:4,21,1,0
BRDA:4,22,0,1
BRDA:4,22,1,1
BRDA:4,23,0,1
BRDA:4,23,1,0
BRDA:4,24,0,1
BRDA:4,24,1,0
BRDA:4,25,0,3
BRDA:4,25,1,0
BRDA:4,26,0,3
BRDA:4,26,1,0
BRDA:4,27,0,3
BRDA:4,27,1,3
BRDA:4,27,2,0
BRDA:4,28,0,0
BRDA:4,28,1,0
BRDA:4,29,0,0
BRDA:4,29,1,1
BRDA:4,30,0,1
BRDA:4,30,1,1
BRDA:4,31,0,0
BRDA:4,31,1,1
BRDA:4,32,0,1
BRDA:4,32,1,0
BRDA:4,33,0,1
BRDA:4,33,1,0
BRDA:4,34,0,0
BRDA:4,34,1,0
BRF:73
BRH:44
end_of_record
TN:
SF:src\Components\Dashboard\HeaderBar.js
FN:4,_interopRequireDefault
FN:4,_getRequireWildcardCache
FN:4,_getRequireWildcardCache
FN:4,_interopRequireWildcard
FN:4,_classCallCheck
FN:4,_defineProperties
FN:4,_createClass
FN:4,_inherits
FN:4,_setPrototypeOf
FN:4,_setPrototypeOf
FN:4,_createSuper
FN:4,_createSuperInternal
FN:4,_possibleConstructorReturn
FN:4,_assertThisInitialized
FN:4,_isNativeReflectConstruct
FN:4,(anonymous_15)
FN:4,_getPrototypeOf
FN:4,_getPrototypeOf
FN:6,(anonymous_18)
FN:8,HeaderBar
FN:12,(anonymous_20)
FN:18,render
FNF:22
FNH:17
FNDA:1,_interopRequireDefault
FNDA:1,_getRequireWildcardCache
FNDA:0,_getRequireWildcardCache
FNDA:1,_interopRequireWildcard
FNDA:2,_classCallCheck
FNDA:1,_defineProperties
FNDA:1,_createClass
FNDA:1,_inherits
FNDA:1,_setPrototypeOf
FNDA:0,_setPrototypeOf
FNDA:1,_createSuper
FNDA:2,_createSuperInternal
FNDA:2,_possibleConstructorReturn
FNDA:0,_assertThisInitialized
FNDA:1,_isNativeReflectConstruct
FNDA:0,(anonymous_15)
FNDA:1,_getPrototypeOf
FNDA:0,_getPrototypeOf
FNDA:1,(anonymous_18)
FNDA:2,HeaderBar
FNDA:1,(anonymous_20)
FNDA:2,render
DA:1,1
DA:2,1
DA:3,1
DA:4,28
DA:6,1
DA:8,2
DA:9,2
DA:13,1
DA:14,1
DA:15,1
DA:16,2
DA:19,2
DA:40,1
DA:44,1
LF:14
LH:14
BRDA:4,0,0,1
BRDA:4,0,1,0
BRDA:4,1,0,1
BRDA:4,1,1,1
BRDA:4,2,0,0
BRDA:4,2,1,1
BRDA:4,3,0,0
BRDA:4,3,1,1
BRDA:4,4,0,1
BRDA:4,4,1,1
BRDA:4,5,0,0
BRDA:4,5,1,1
BRDA:4,6,0,1
BRDA:4,6,1,1
BRDA:4,6,2,0
BRDA:4,7,0,0
BRDA:4,7,1,1
BRDA:4,8,0,1
BRDA:4,8,1,1
BRDA:4,9,0,1
BRDA:4,9,1,1
BRDA:4,10,0,28
BRDA:4,10,1,0
BRDA:4,11,0,28
BRDA:4,11,1,0
BRDA:4,12,0,0
BRDA:4,12,1,28
BRDA:4,13,0,28
BRDA:4,13,1,28
BRDA:4,13,2,28
BRDA:4,14,0,1
BRDA:4,14,1,0
BRDA:4,15,0,0
BRDA:4,15,1,2
BRDA:4,16,0,1
BRDA:4,16,1,1
BRDA:4,17,0,1
BRDA:4,17,1,0
BRDA:4,18,0,1
BRDA:4,18,1,0
BRDA:4,19,0,0
BRDA:4,19,1,1
BRDA:4,20,0,0
BRDA:4,20,1,1
BRDA:4,21,0,1
BRDA:4,21,1,0
BRDA:4,22,0,1
BRDA:4,22,1,1
BRDA:4,23,0,1
BRDA:4,23,1,0
BRDA:4,24,0,1
BRDA:4,24,1,0
BRDA:4,25,0,2
BRDA:4,25,1,0
BRDA:4,26,0,2
BRDA:4,26,1,0
BRDA:4,27,0,2
BRDA:4,27,1,2
BRDA:4,27,2,0
BRDA:4,28,0,0
BRDA:4,28,1,0
BRDA:4,29,0,0
BRDA:4,29,1,1
BRDA:4,30,0,1
BRDA:4,30,1,1
BRDA:4,31,0,0
BRDA:4,31,1,1
BRDA:4,32,0,1
BRDA:4,32,1,0
BRDA:4,33,0,1
BRDA:4,33,1,0
BRDA:4,34,0,0
BRDA:4,34,1,0
BRDA:30,35,0,0
BRDA:30,35,1,2
BRF:75
BRH:45
end_of_record
TN:
SF:src\Components\Dashboard\Reminder.js
FN:2,_getRequireWildcardCache
FN:2,_getRequireWildcardCache
FN:2,_interopRequireWildcard
FN:2,_classCallCheck
FN:2,_defineProperties
FN:2,_createClass
FN:2,_inherits
FN:2,_setPrototypeOf
FN:2,_setPrototypeOf
FN:2,_createSuper
FN:2,_createSuperInternal
FN:2,_possibleConstructorReturn
FN:2,_assertThisInitialized
FN:2,_isNativeReflectConstruct
FN:2,(anonymous_14)
FN:2,_getPrototypeOf
FN:2,_getPrototypeOf
FN:4,(anonymous_17)
FN:6,Reminder
FN:10,render
FNF:20
FNH:15
FNDA:1,_getRequireWildcardCache
FNDA:0,_getRequireWildcardCache
FNDA:1,_interopRequireWildcard
FNDA:1,_classCallCheck
FNDA:1,_defineProperties
FNDA:1,_createClass
FNDA:1,_inherits
FNDA:1,_setPrototypeOf
FNDA:0,_setPrototypeOf
FNDA:1,_createSuper
FNDA:1,_createSuperInternal
FNDA:1,_possibleConstructorReturn
FNDA:0,_assertThisInitialized
FNDA:1,_isNativeReflectConstruct
FNDA:0,(anonymous_14)
FNDA:1,_getPrototypeOf
FNDA:0,_getPrototypeOf
FNDA:1,(anonymous_17)
FNDA:1,Reminder
FNDA:1,render
DA:1,1
DA:2,28
DA:4,1
DA:6,1
DA:8,1
DA:11,1
DA:15,1
DA:18,1
LF:8
LH:8
BRDA:2,0,0,0
BRDA:2,0,1,1
BRDA:2,1,0,0
BRDA:2,1,1,1
BRDA:2,2,0,1
BRDA:2,2,1,1
BRDA:2,3,0,0
BRDA:2,3,1,1
BRDA:2,4,0,1
BRDA:2,4,1,1
BRDA:2,4,2,0
BRDA:2,5,0,0
BRDA:2,5,1,1
BRDA:2,6,0,1
BRDA:2,6,1,1
BRDA:2,7,0,1
BRDA:2,7,1,1
BRDA:2,8,0,28
BRDA:2,8,1,0
BRDA:2,9,0,28
BRDA:2,9,1,0
BRDA:2,10,0,0
BRDA:2,10,1,28
BRDA:2,11,0,28
BRDA:2,11,1,28
BRDA:2,11,2,28
BRDA:2,12,0,1
BRDA:2,12,1,0
BRDA:2,13,0,0
BRDA:2,13,1,1
BRDA:2,14,0,1
BRDA:2,14,1,1
BRDA:2,15,0,1
BRDA:2,15,1,0
BRDA:2,16,0,1
BRDA:2,16,1,0
BRDA:2,17,0,0
BRDA:2,17,1,1
BRDA:2,18,0,0
BRDA:2,18,1,1
BRDA:2,19,0,1
BRDA:2,19,1,0
BRDA:2,20,0,1
BRDA:2,20,1,1
BRDA:2,21,0,1
BRDA:2,21,1,0
BRDA:2,22,0,1
BRDA:2,22,1,0
BRDA:2,23,0,1
BRDA:2,23,1,0
BRDA:2,24,0,1
BRDA:2,24,1,0
BRDA:2,25,0,1
BRDA:2,25,1,1
BRDA:2,25,2,0
BRDA:2,26,0,0
BRDA:2,26,1,0
BRDA:2,27,0,0
BRDA:2,27,1,1
BRDA:2,28,0,1
BRDA:2,28,1,1
BRDA:2,29,0,0
BRDA:2,29,1,1
BRDA:2,30,0,1
BRDA:2,30,1,0
BRDA:2,31,0,1
BRDA:2,31,1,0
BRDA:2,32,0,0
BRDA:2,32,1,0
BRF:69
BRH:41
end_of_record
TN:
SF:src\Screens\ForgotPasswordScreen.js
FN:2,_interopRequireDefault
FN:4,ForgotPasswordScreen
FNF:2
FNH:2
FNDA:2,_interopRequireDefault
FNDA:1,ForgotPasswordScreen
DA:1,1
DA:2,2
DA:4,1
DA:5,1
DA:10,1
LF:5
LH:5
BRDA:2,0,0,1
BRDA:2,0,1,1
BRDA:2,1,0,2
BRDA:2,1,1,2
BRF:4
BRH:4
end_of_record
TN:
SF:src\Screens\SignUpScreen.js
FN:2,_interopRequireDefault
FN:4,SignUpScreen
FNF:2
FNH:2
FNDA:2,_interopRequireDefault
FNDA:1,SignUpScreen
DA:1,1
DA:2,2
DA:4,1
DA:5,1
DA:10,1
LF:5
LH:5
BRDA:2,0,0,1
BRDA:2,0,1,1
BRDA:2,1,0,2
BRDA:2,1,1,2
BRF:4
BRH:4
end_of_record
TN:
SF:src\Styles\GlobalCss.js
FNF:0
FNH:0
DA:1,5
DA:4,5
DA:6,5
DA:119,5
LF:4
LH:4
BRF:0
BRH:0
end_of_record
TN:
SF:src\Styles\NoteCss.js
FNF:0
FNH:0
DA:1,2
DA:3,2
DA:126,2
LF:3
LH:3
BRF:0
BRH:0
end_of_record
